Initial Targets: 18
    (D_200 P_100|_{i}
    (D_200 P_010|_{i}
    (D_200 P_001|_{i}
    (D_110 P_100|_{i}
    (D_110 P_010|_{i}
    (D_110 P_001|_{i}
    (D_101 P_100|_{i}
    (D_101 P_010|_{i}
    (D_101 P_001|_{i}
    (D_020 P_100|_{i}
    (D_020 P_010|_{i}
    (D_020 P_001|_{i}
    (D_011 P_100|_{i}
    (D_011 P_010|_{i}
    (D_011 P_001|_{i}
    (D_002 P_100|_{i}
    (D_002 P_010|_{i}
    (D_002 P_001|_{i}

Inital bra targets: 18
    (D_200 P_100|_{i}
    (D_200 P_010|_{i}
    (D_200 P_001|_{i}
    (D_110 P_100|_{i}
    (D_110 P_010|_{i}
    (D_110 P_001|_{i}
    (D_101 P_100|_{i}
    (D_101 P_010|_{i}
    (D_101 P_001|_{i}
    (D_020 P_100|_{i}
    (D_020 P_010|_{i}
    (D_020 P_001|_{i}
    (D_011 P_100|_{i}
    (D_011 P_010|_{i}
    (D_011 P_001|_{i}
    (D_002 P_100|_{i}
    (D_002 P_010|_{i}
    (D_002 P_001|_{i}

Generated 16 new targets
After pruning: 0 new targets


--------------------------------------------------------------------------------
BRA HRR step done. Solution is 18 steps
--------------------------------------------------------------------------------
(D_200 P_100|_{i} = (F_300 S_000| + x_ab * (D_200 S_000|
(D_200 P_010|_{i} = (F_210 S_000| + y_ab * (D_200 S_000|
(D_200 P_001|_{i} = (F_201 S_000| + z_ab * (D_200 S_000|
(D_110 P_100|_{i} = (F_210 S_000| + x_ab * (D_110 S_000|
(D_110 P_010|_{i} = (F_120 S_000| + y_ab * (D_110 S_000|
(D_110 P_001|_{i} = (F_111 S_000| + z_ab * (D_110 S_000|
(D_101 P_100|_{i} = (F_201 S_000| + x_ab * (D_101 S_000|
(D_101 P_010|_{i} = (F_111 S_000| + y_ab * (D_101 S_000|
(D_101 P_001|_{i} = (F_102 S_000| + z_ab * (D_101 S_000|
(D_020 P_100|_{i} = (F_120 S_000| + x_ab * (D_020 S_000|
(D_020 P_010|_{i} = (F_030 S_000| + y_ab * (D_020 S_000|
(D_020 P_001|_{i} = (F_021 S_000| + z_ab * (D_020 S_000|
(D_011 P_100|_{i} = (F_111 S_000| + x_ab * (D_011 S_000|
(D_011 P_010|_{i} = (F_021 S_000| + y_ab * (D_011 S_000|
(D_011 P_001|_{i} = (F_012 S_000| + z_ab * (D_011 S_000|
(D_002 P_100|_{i} = (F_102 S_000| + x_ab * (D_002 S_000|
(D_002 P_010|_{i} = (F_012 S_000| + y_ab * (D_002 S_000|
(D_002 P_001|_{i} = (F_003 S_000| + z_ab * (D_002 S_000|


Initial ket targets: 9
    |P_100 P_100)_{i}
    |P_100 P_010)_{i}
    |P_100 P_001)_{i}
    |P_010 P_100)_{i}
    |P_010 P_010)_{i}
    |P_010 P_001)_{i}
    |P_001 P_100)_{i}
    |P_001 P_010)_{i}
    |P_001 P_001)_{i}

Generated 9 new targets
After pruning: 0 new targets


--------------------------------------------------------------------------------
KET HRR step done. Solution is 9 steps
--------------------------------------------------------------------------------
|P_100 P_100)_{i} = |D_200 S_000) + x_cd * |P_100 S_000)
|P_100 P_010)_{i} = |D_110 S_000) + y_cd * |P_100 S_000)
|P_100 P_001)_{i} = |D_101 S_000) + z_cd * |P_100 S_000)
|P_010 P_100)_{i} = |D_110 S_000) + x_cd * |P_010 S_000)
|P_010 P_010)_{i} = |D_020 S_000) + y_cd * |P_010 S_000)
|P_010 P_001)_{i} = |D_011 S_000) + z_cd * |P_010 S_000)
|P_001 P_100)_{i} = |D_101 S_000) + x_cd * |P_001 S_000)
|P_001 P_010)_{i} = |D_011 S_000) + y_cd * |P_001 S_000)
|P_001 P_001)_{i} = |D_002 S_000) + z_cd * |P_001 S_000)


Initial ET Targets: 144
    ( D_200 S_000 | P_100 S_000 )^0_{t}
    ( D_200 S_000 | P_010 S_000 )^0_{t}
    ( D_200 S_000 | P_001 S_000 )^0_{t}
    ( D_110 S_000 | P_100 S_000 )^0_{t}
    ( D_110 S_000 | P_010 S_000 )^0_{t}
    ( D_110 S_000 | P_001 S_000 )^0_{t}
    ( D_101 S_000 | P_100 S_000 )^0_{t}
    ( D_101 S_000 | P_010 S_000 )^0_{t}
    ( D_101 S_000 | P_001 S_000 )^0_{t}
    ( D_020 S_000 | P_100 S_000 )^0_{t}
    ( D_020 S_000 | P_010 S_000 )^0_{t}
    ( D_020 S_000 | P_001 S_000 )^0_{t}
    ( D_011 S_000 | P_100 S_000 )^0_{t}
    ( D_011 S_000 | P_010 S_000 )^0_{t}
    ( D_011 S_000 | P_001 S_000 )^0_{t}
    ( D_002 S_000 | P_100 S_000 )^0_{t}
    ( D_002 S_000 | P_010 S_000 )^0_{t}
    ( D_002 S_000 | P_001 S_000 )^0_{t}
    ( D_200 S_000 | D_200 S_000 )^0_{t}
    ( D_200 S_000 | D_110 S_000 )^0_{t}
    ( D_200 S_000 | D_101 S_000 )^0_{t}
    ( D_200 S_000 | D_020 S_000 )^0_{t}
    ( D_200 S_000 | D_011 S_000 )^0_{t}
    ( D_200 S_000 | D_002 S_000 )^0_{t}
    ( D_110 S_000 | D_200 S_000 )^0_{t}
    ( D_110 S_000 | D_110 S_000 )^0_{t}
    ( D_110 S_000 | D_101 S_000 )^0_{t}
    ( D_110 S_000 | D_020 S_000 )^0_{t}
    ( D_110 S_000 | D_011 S_000 )^0_{t}
    ( D_110 S_000 | D_002 S_000 )^0_{t}
    ( D_101 S_000 | D_200 S_000 )^0_{t}
    ( D_101 S_000 | D_110 S_000 )^0_{t}
    ( D_101 S_000 | D_101 S_000 )^0_{t}
    ( D_101 S_000 | D_020 S_000 )^0_{t}
    ( D_101 S_000 | D_011 S_000 )^0_{t}
    ( D_101 S_000 | D_002 S_000 )^0_{t}
    ( D_020 S_000 | D_200 S_000 )^0_{t}
    ( D_020 S_000 | D_110 S_000 )^0_{t}
    ( D_020 S_000 | D_101 S_000 )^0_{t}
    ( D_020 S_000 | D_020 S_000 )^0_{t}
    ( D_020 S_000 | D_011 S_000 )^0_{t}
    ( D_020 S_000 | D_002 S_000 )^0_{t}
    ( D_011 S_000 | D_200 S_000 )^0_{t}
    ( D_011 S_000 | D_110 S_000 )^0_{t}
    ( D_011 S_000 | D_101 S_000 )^0_{t}
    ( D_011 S_000 | D_020 S_000 )^0_{t}
    ( D_011 S_000 | D_011 S_000 )^0_{t}
    ( D_011 S_000 | D_002 S_000 )^0_{t}
    ( D_002 S_000 | D_200 S_000 )^0_{t}
    ( D_002 S_000 | D_110 S_000 )^0_{t}
    ( D_002 S_000 | D_101 S_000 )^0_{t}
    ( D_002 S_000 | D_020 S_000 )^0_{t}
    ( D_002 S_000 | D_011 S_000 )^0_{t}
    ( D_002 S_000 | D_002 S_000 )^0_{t}
    ( F_300 S_000 | P_100 S_000 )^0_{t}
    ( F_300 S_000 | P_010 S_000 )^0_{t}
    ( F_300 S_000 | P_001 S_000 )^0_{t}
    ( F_210 S_000 | P_100 S_000 )^0_{t}
    ( F_210 S_000 | P_010 S_000 )^0_{t}
    ( F_210 S_000 | P_001 S_000 )^0_{t}
    ( F_201 S_000 | P_100 S_000 )^0_{t}
    ( F_201 S_000 | P_010 S_000 )^0_{t}
    ( F_201 S_000 | P_001 S_000 )^0_{t}
    ( F_120 S_000 | P_100 S_000 )^0_{t}
    ( F_120 S_000 | P_010 S_000 )^0_{t}
    ( F_120 S_000 | P_001 S_000 )^0_{t}
    ( F_111 S_000 | P_100 S_000 )^0_{t}
    ( F_111 S_000 | P_010 S_000 )^0_{t}
    ( F_111 S_000 | P_001 S_000 )^0_{t}
    ( F_102 S_000 | P_100 S_000 )^0_{t}
    ( F_102 S_000 | P_010 S_000 )^0_{t}
    ( F_102 S_000 | P_001 S_000 )^0_{t}
    ( F_030 S_000 | P_100 S_000 )^0_{t}
    ( F_030 S_000 | P_010 S_000 )^0_{t}
    ( F_030 S_000 | P_001 S_000 )^0_{t}
    ( F_021 S_000 | P_100 S_000 )^0_{t}
    ( F_021 S_000 | P_010 S_000 )^0_{t}
    ( F_021 S_000 | P_001 S_000 )^0_{t}
    ( F_012 S_000 | P_100 S_000 )^0_{t}
    ( F_012 S_000 | P_010 S_000 )^0_{t}
    ( F_012 S_000 | P_001 S_000 )^0_{t}
    ( F_003 S_000 | P_100 S_000 )^0_{t}
    ( F_003 S_000 | P_010 S_000 )^0_{t}
    ( F_003 S_000 | P_001 S_000 )^0_{t}
    ( F_300 S_000 | D_200 S_000 )^0_{t}
    ( F_300 S_000 | D_110 S_000 )^0_{t}
    ( F_300 S_000 | D_101 S_000 )^0_{t}
    ( F_300 S_000 | D_020 S_000 )^0_{t}
    ( F_300 S_000 | D_011 S_000 )^0_{t}
    ( F_300 S_000 | D_002 S_000 )^0_{t}
    ( F_210 S_000 | D_200 S_000 )^0_{t}
    ( F_210 S_000 | D_110 S_000 )^0_{t}
    ( F_210 S_000 | D_101 S_000 )^0_{t}
    ( F_210 S_000 | D_020 S_000 )^0_{t}
    ( F_210 S_000 | D_011 S_000 )^0_{t}
    ( F_210 S_000 | D_002 S_000 )^0_{t}
    ( F_201 S_000 | D_200 S_000 )^0_{t}
    ( F_201 S_000 | D_110 S_000 )^0_{t}
    ( F_201 S_000 | D_101 S_000 )^0_{t}
    ( F_201 S_000 | D_020 S_000 )^0_{t}
    ( F_201 S_000 | D_011 S_000 )^0_{t}
    ( F_201 S_000 | D_002 S_000 )^0_{t}
    ( F_120 S_000 | D_200 S_000 )^0_{t}
    ( F_120 S_000 | D_110 S_000 )^0_{t}
    ( F_120 S_000 | D_101 S_000 )^0_{t}
    ( F_120 S_000 | D_020 S_000 )^0_{t}
    ( F_120 S_000 | D_011 S_000 )^0_{t}
    ( F_120 S_000 | D_002 S_000 )^0_{t}
    ( F_111 S_000 | D_200 S_000 )^0_{t}
    ( F_111 S_000 | D_110 S_000 )^0_{t}
    ( F_111 S_000 | D_101 S_000 )^0_{t}
    ( F_111 S_000 | D_020 S_000 )^0_{t}
    ( F_111 S_000 | D_011 S_000 )^0_{t}
    ( F_111 S_000 | D_002 S_000 )^0_{t}
    ( F_102 S_000 | D_200 S_000 )^0_{t}
    ( F_102 S_000 | D_110 S_000 )^0_{t}
    ( F_102 S_000 | D_101 S_000 )^0_{t}
    ( F_102 S_000 | D_020 S_000 )^0_{t}
    ( F_102 S_000 | D_011 S_000 )^0_{t}
    ( F_102 S_000 | D_002 S_000 )^0_{t}
    ( F_030 S_000 | D_200 S_000 )^0_{t}
    ( F_030 S_000 | D_110 S_000 )^0_{t}
    ( F_030 S_000 | D_101 S_000 )^0_{t}
    ( F_030 S_000 | D_020 S_000 )^0_{t}
    ( F_030 S_000 | D_011 S_000 )^0_{t}
    ( F_030 S_000 | D_002 S_000 )^0_{t}
    ( F_021 S_000 | D_200 S_000 )^0_{t}
    ( F_021 S_000 | D_110 S_000 )^0_{t}
    ( F_021 S_000 | D_101 S_000 )^0_{t}
    ( F_021 S_000 | D_020 S_000 )^0_{t}
    ( F_021 S_000 | D_011 S_000 )^0_{t}
    ( F_021 S_000 | D_002 S_000 )^0_{t}
    ( F_012 S_000 | D_200 S_000 )^0_{t}
    ( F_012 S_000 | D_110 S_000 )^0_{t}
    ( F_012 S_000 | D_101 S_000 )^0_{t}
    ( F_012 S_000 | D_020 S_000 )^0_{t}
    ( F_012 S_000 | D_011 S_000 )^0_{t}
    ( F_012 S_000 | D_002 S_000 )^0_{t}
    ( F_003 S_000 | D_200 S_000 )^0_{t}
    ( F_003 S_000 | D_110 S_000 )^0_{t}
    ( F_003 S_000 | D_101 S_000 )^0_{t}
    ( F_003 S_000 | D_020 S_000 )^0_{t}
    ( F_003 S_000 | D_011 S_000 )^0_{t}
    ( F_003 S_000 | D_002 S_000 )^0_{t}

Generated 266 new targets
After pruning: 73 new targets
    ( P_100 S_000 | P_100 S_000 )^0
    ( P_100 S_000 | P_010 S_000 )^0
    ( P_100 S_000 | P_001 S_000 )^0
    ( P_010 S_000 | P_100 S_000 )^0
    ( P_010 S_000 | P_010 S_000 )^0
    ( P_010 S_000 | P_001 S_000 )^0
    ( P_001 S_000 | P_100 S_000 )^0
    ( P_001 S_000 | P_010 S_000 )^0
    ( P_001 S_000 | P_001 S_000 )^0
    ( F_300 S_000 | P_100 S_000 )^0
    ( F_210 S_000 | P_100 S_000 )^0
    ( F_210 S_000 | P_010 S_000 )^0
    ( F_201 S_000 | P_100 S_000 )^0
    ( F_201 S_000 | P_010 S_000 )^0
    ( F_201 S_000 | P_001 S_000 )^0
    ( F_120 S_000 | P_100 S_000 )^0
    ( F_120 S_000 | P_010 S_000 )^0
    ( F_111 S_000 | P_100 S_000 )^0
    ( F_111 S_000 | P_010 S_000 )^0
    ( F_111 S_000 | P_001 S_000 )^0
    ( F_102 S_000 | P_100 S_000 )^0
    ( F_102 S_000 | P_010 S_000 )^0
    ( F_102 S_000 | P_001 S_000 )^0
    ( F_030 S_000 | P_100 S_000 )^0
    ( F_030 S_000 | P_010 S_000 )^0
    ( F_021 S_000 | P_100 S_000 )^0
    ( F_021 S_000 | P_010 S_000 )^0
    ( F_021 S_000 | P_001 S_000 )^0
    ( F_012 S_000 | P_100 S_000 )^0
    ( F_012 S_000 | P_010 S_000 )^0
    ( F_012 S_000 | P_001 S_000 )^0
    ( F_003 S_000 | P_100 S_000 )^0
    ( F_003 S_000 | P_010 S_000 )^0
    ( F_003 S_000 | P_001 S_000 )^0
    ( G_400 S_000 | P_100 S_000 )^0
    ( G_310 S_000 | P_100 S_000 )^0
    ( G_310 S_000 | P_010 S_000 )^0
    ( G_301 S_000 | P_100 S_000 )^0
    ( G_301 S_000 | P_010 S_000 )^0
    ( G_301 S_000 | P_001 S_000 )^0
    ( G_220 S_000 | P_100 S_000 )^0
    ( G_220 S_000 | P_010 S_000 )^0
    ( G_211 S_000 | P_100 S_000 )^0
    ( G_211 S_000 | P_010 S_000 )^0
    ( G_211 S_000 | P_001 S_000 )^0
    ( G_202 S_000 | P_100 S_000 )^0
    ( G_202 S_000 | P_010 S_000 )^0
    ( G_202 S_000 | P_001 S_000 )^0
    ( G_130 S_000 | P_100 S_000 )^0
    ( G_130 S_000 | P_010 S_000 )^0
    ( G_121 S_000 | P_100 S_000 )^0
    ( G_121 S_000 | P_010 S_000 )^0
    ( G_121 S_000 | P_001 S_000 )^0
    ( G_112 S_000 | P_100 S_000 )^0
    ( G_112 S_000 | P_010 S_000 )^0
    ( G_112 S_000 | P_001 S_000 )^0
    ( G_103 S_000 | P_100 S_000 )^0
    ( G_103 S_000 | P_010 S_000 )^0
    ( G_103 S_000 | P_001 S_000 )^0
    ( G_040 S_000 | P_100 S_000 )^0
    ( G_040 S_000 | P_010 S_000 )^0
    ( G_031 S_000 | P_100 S_000 )^0
    ( G_031 S_000 | P_010 S_000 )^0
    ( G_031 S_000 | P_001 S_000 )^0
    ( G_022 S_000 | P_100 S_000 )^0
    ( G_022 S_000 | P_010 S_000 )^0
    ( G_022 S_000 | P_001 S_000 )^0
    ( G_013 S_000 | P_100 S_000 )^0
    ( G_013 S_000 | P_010 S_000 )^0
    ( G_013 S_000 | P_001 S_000 )^0
    ( G_004 S_000 | P_100 S_000 )^0
    ( G_004 S_000 | P_010 S_000 )^0
    ( G_004 S_000 | P_001 S_000 )^0
Generated 119 new targets
After pruning: 0 new targets
AMORDER: 6
   2 , 0 , 1 , 0
   3 , 0 , 1 , 0
   1 , 0 , 1 , 0
   2 , 0 , 2 , 0
   4 , 0 , 1 , 0
   3 , 0 , 2 , 0

MAP: 6
   1 , 0 , 1 , 0 Steps: 9
   2 , 0 , 1 , 0 Steps: 18
   2 , 0 , 2 , 0 Steps: 36
   3 , 0 , 1 , 0 Steps: 30
   3 , 0 , 2 , 0 Steps: 60
   4 , 0 , 1 , 0 Steps: 39



--------------------------------------------------------------------------------
ET step done. Solution is 192 steps
--------------------------------------------------------------------------------
( D_200 S_000 | P_100 S_000 )^0_{t} = x * ( D_200 S_000 | S_000 S_000 )^0 + ( P_100 S_000 | S_000 S_000 )^0 - ( F_300 S_000 | S_000 S_000 )^0
( D_200 S_000 | P_010 S_000 )^0_{t} = y * ( D_200 S_000 | S_000 S_000 )^0 - ( F_210 S_000 | S_000 S_000 )^0
( D_200 S_000 | P_001 S_000 )^0_{t} = z * ( D_200 S_000 | S_000 S_000 )^0 - ( F_201 S_000 | S_000 S_000 )^0
( D_110 S_000 | P_100 S_000 )^0_{t} = x * ( D_110 S_000 | S_000 S_000 )^0 + ( P_010 S_000 | S_000 S_000 )^0 - ( F_210 S_000 | S_000 S_000 )^0
( D_110 S_000 | P_010 S_000 )^0_{t} = y * ( D_110 S_000 | S_000 S_000 )^0 + ( P_100 S_000 | S_000 S_000 )^0 - ( F_120 S_000 | S_000 S_000 )^0
( D_110 S_000 | P_001 S_000 )^0_{t} = z * ( D_110 S_000 | S_000 S_000 )^0 - ( F_111 S_000 | S_000 S_000 )^0
( D_101 S_000 | P_100 S_000 )^0_{t} = x * ( D_101 S_000 | S_000 S_000 )^0 + ( P_001 S_000 | S_000 S_000 )^0 - ( F_201 S_000 | S_000 S_000 )^0
( D_101 S_000 | P_010 S_000 )^0_{t} = y * ( D_101 S_000 | S_000 S_000 )^0 - ( F_111 S_000 | S_000 S_000 )^0
( D_101 S_000 | P_001 S_000 )^0_{t} = z * ( D_101 S_000 | S_000 S_000 )^0 + ( P_100 S_000 | S_000 S_000 )^0 - ( F_102 S_000 | S_000 S_000 )^0
( D_020 S_000 | P_100 S_000 )^0_{t} = x * ( D_020 S_000 | S_000 S_000 )^0 - ( F_120 S_000 | S_000 S_000 )^0
( D_020 S_000 | P_010 S_000 )^0_{t} = y * ( D_020 S_000 | S_000 S_000 )^0 + ( P_010 S_000 | S_000 S_000 )^0 - ( F_030 S_000 | S_000 S_000 )^0
( D_020 S_000 | P_001 S_000 )^0_{t} = z * ( D_020 S_000 | S_000 S_000 )^0 - ( F_021 S_000 | S_000 S_000 )^0
( D_011 S_000 | P_100 S_000 )^0_{t} = x * ( D_011 S_000 | S_000 S_000 )^0 - ( F_111 S_000 | S_000 S_000 )^0
( D_011 S_000 | P_010 S_000 )^0_{t} = y * ( D_011 S_000 | S_000 S_000 )^0 + ( P_001 S_000 | S_000 S_000 )^0 - ( F_021 S_000 | S_000 S_000 )^0
( D_011 S_000 | P_001 S_000 )^0_{t} = z * ( D_011 S_000 | S_000 S_000 )^0 + ( P_010 S_000 | S_000 S_000 )^0 - ( F_012 S_000 | S_000 S_000 )^0
( D_002 S_000 | P_100 S_000 )^0_{t} = x * ( D_002 S_000 | S_000 S_000 )^0 - ( F_102 S_000 | S_000 S_000 )^0
( D_002 S_000 | P_010 S_000 )^0_{t} = y * ( D_002 S_000 | S_000 S_000 )^0 - ( F_012 S_000 | S_000 S_000 )^0
( D_002 S_000 | P_001 S_000 )^0_{t} = z * ( D_002 S_000 | S_000 S_000 )^0 + ( P_001 S_000 | S_000 S_000 )^0 - ( F_003 S_000 | S_000 S_000 )^0
( F_300 S_000 | P_100 S_000 )^0_{t} = x * ( F_300 S_000 | S_000 S_000 )^0 + ( D_200 S_000 | S_000 S_000 )^0 - ( G_400 S_000 | S_000 S_000 )^0
( F_300 S_000 | P_010 S_000 )^0_{t} = y * ( F_300 S_000 | S_000 S_000 )^0 - ( G_310 S_000 | S_000 S_000 )^0
( F_300 S_000 | P_001 S_000 )^0_{t} = z * ( F_300 S_000 | S_000 S_000 )^0 - ( G_301 S_000 | S_000 S_000 )^0
( F_210 S_000 | P_100 S_000 )^0_{t} = x * ( F_210 S_000 | S_000 S_000 )^0 + ( D_110 S_000 | S_000 S_000 )^0 - ( G_310 S_000 | S_000 S_000 )^0
( F_210 S_000 | P_010 S_000 )^0_{t} = y * ( F_210 S_000 | S_000 S_000 )^0 + ( D_200 S_000 | S_000 S_000 )^0 - ( G_220 S_000 | S_000 S_000 )^0
( F_210 S_000 | P_001 S_000 )^0_{t} = z * ( F_210 S_000 | S_000 S_000 )^0 - ( G_211 S_000 | S_000 S_000 )^0
( F_201 S_000 | P_100 S_000 )^0_{t} = x * ( F_201 S_000 | S_000 S_000 )^0 + ( D_101 S_000 | S_000 S_000 )^0 - ( G_301 S_000 | S_000 S_000 )^0
( F_201 S_000 | P_010 S_000 )^0_{t} = y * ( F_201 S_000 | S_000 S_000 )^0 - ( G_211 S_000 | S_000 S_000 )^0
( F_201 S_000 | P_001 S_000 )^0_{t} = z * ( F_201 S_000 | S_000 S_000 )^0 + ( D_200 S_000 | S_000 S_000 )^0 - ( G_202 S_000 | S_000 S_000 )^0
( F_120 S_000 | P_100 S_000 )^0_{t} = x * ( F_120 S_000 | S_000 S_000 )^0 + ( D_020 S_000 | S_000 S_000 )^0 - ( G_220 S_000 | S_000 S_000 )^0
( F_120 S_000 | P_010 S_000 )^0_{t} = y * ( F_120 S_000 | S_000 S_000 )^0 + ( D_110 S_000 | S_000 S_000 )^0 - ( G_130 S_000 | S_000 S_000 )^0
( F_120 S_000 | P_001 S_000 )^0_{t} = z * ( F_120 S_000 | S_000 S_000 )^0 - ( G_121 S_000 | S_000 S_000 )^0
( F_111 S_000 | P_100 S_000 )^0_{t} = x * ( F_111 S_000 | S_000 S_000 )^0 + ( D_011 S_000 | S_000 S_000 )^0 - ( G_211 S_000 | S_000 S_000 )^0
( F_111 S_000 | P_010 S_000 )^0_{t} = y * ( F_111 S_000 | S_000 S_000 )^0 + ( D_101 S_000 | S_000 S_000 )^0 - ( G_121 S_000 | S_000 S_000 )^0
( F_111 S_000 | P_001 S_000 )^0_{t} = z * ( F_111 S_000 | S_000 S_000 )^0 + ( D_110 S_000 | S_000 S_000 )^0 - ( G_112 S_000 | S_000 S_000 )^0
( F_102 S_000 | P_100 S_000 )^0_{t} = x * ( F_102 S_000 | S_000 S_000 )^0 + ( D_002 S_000 | S_000 S_000 )^0 - ( G_202 S_000 | S_000 S_000 )^0
( F_102 S_000 | P_010 S_000 )^0_{t} = y * ( F_102 S_000 | S_000 S_000 )^0 - ( G_112 S_000 | S_000 S_000 )^0
( F_102 S_000 | P_001 S_000 )^0_{t} = z * ( F_102 S_000 | S_000 S_000 )^0 + ( D_101 S_000 | S_000 S_000 )^0 - ( G_103 S_000 | S_000 S_000 )^0
( F_030 S_000 | P_100 S_000 )^0_{t} = x * ( F_030 S_000 | S_000 S_000 )^0 - ( G_130 S_000 | S_000 S_000 )^0
( F_030 S_000 | P_010 S_000 )^0_{t} = y * ( F_030 S_000 | S_000 S_000 )^0 + ( D_020 S_000 | S_000 S_000 )^0 - ( G_040 S_000 | S_000 S_000 )^0
( F_030 S_000 | P_001 S_000 )^0_{t} = z * ( F_030 S_000 | S_000 S_000 )^0 - ( G_031 S_000 | S_000 S_000 )^0
( F_021 S_000 | P_100 S_000 )^0_{t} = x * ( F_021 S_000 | S_000 S_000 )^0 - ( G_121 S_000 | S_000 S_000 )^0
( F_021 S_000 | P_010 S_000 )^0_{t} = y * ( F_021 S_000 | S_000 S_000 )^0 + ( D_011 S_000 | S_000 S_000 )^0 - ( G_031 S_000 | S_000 S_000 )^0
( F_021 S_000 | P_001 S_000 )^0_{t} = z * ( F_021 S_000 | S_000 S_000 )^0 + ( D_020 S_000 | S_000 S_000 )^0 - ( G_022 S_000 | S_000 S_000 )^0
( F_012 S_000 | P_100 S_000 )^0_{t} = x * ( F_012 S_000 | S_000 S_000 )^0 - ( G_112 S_000 | S_000 S_000 )^0
( F_012 S_000 | P_010 S_000 )^0_{t} = y * ( F_012 S_000 | S_000 S_000 )^0 + ( D_002 S_000 | S_000 S_000 )^0 - ( G_022 S_000 | S_000 S_000 )^0
( F_012 S_000 | P_001 S_000 )^0_{t} = z * ( F_012 S_000 | S_000 S_000 )^0 + ( D_011 S_000 | S_000 S_000 )^0 - ( G_013 S_000 | S_000 S_000 )^0
( F_003 S_000 | P_100 S_000 )^0_{t} = x * ( F_003 S_000 | S_000 S_000 )^0 - ( G_103 S_000 | S_000 S_000 )^0
( F_003 S_000 | P_010 S_000 )^0_{t} = y * ( F_003 S_000 | S_000 S_000 )^0 - ( G_013 S_000 | S_000 S_000 )^0
( F_003 S_000 | P_001 S_000 )^0_{t} = z * ( F_003 S_000 | S_000 S_000 )^0 + ( D_002 S_000 | S_000 S_000 )^0 - ( G_004 S_000 | S_000 S_000 )^0
( P_100 S_000 | P_100 S_000 )^0 = x * ( P_100 S_000 | S_000 S_000 )^0 + ( S_000 S_000 | S_000 S_000 )^0 - ( D_200 S_000 | S_000 S_000 )^0
( P_100 S_000 | P_010 S_000 )^0 = y * ( P_100 S_000 | S_000 S_000 )^0 - ( D_110 S_000 | S_000 S_000 )^0
( P_100 S_000 | P_001 S_000 )^0 = z * ( P_100 S_000 | S_000 S_000 )^0 - ( D_101 S_000 | S_000 S_000 )^0
( P_010 S_000 | P_100 S_000 )^0 = x * ( P_010 S_000 | S_000 S_000 )^0 - ( D_110 S_000 | S_000 S_000 )^0
( P_010 S_000 | P_010 S_000 )^0 = y * ( P_010 S_000 | S_000 S_000 )^0 + ( S_000 S_000 | S_000 S_000 )^0 - ( D_020 S_000 | S_000 S_000 )^0
( P_010 S_000 | P_001 S_000 )^0 = z * ( P_010 S_000 | S_000 S_000 )^0 - ( D_011 S_000 | S_000 S_000 )^0
( P_001 S_000 | P_100 S_000 )^0 = x * ( P_001 S_000 | S_000 S_000 )^0 - ( D_101 S_000 | S_000 S_000 )^0
( P_001 S_000 | P_010 S_000 )^0 = y * ( P_001 S_000 | S_000 S_000 )^0 - ( D_011 S_000 | S_000 S_000 )^0
( P_001 S_000 | P_001 S_000 )^0 = z * ( P_001 S_000 | S_000 S_000 )^0 + ( S_000 S_000 | S_000 S_000 )^0 - ( D_002 S_000 | S_000 S_000 )^0
( D_200 S_000 | D_200 S_000 )^0_{t} = x * ( D_200 S_000 | P_100 S_000 )^0 + ( P_100 S_000 | P_100 S_000 )^0 + ( D_200 S_000 | S_000 S_000 )^0 - ( F_300 S_000 | P_100 S_000 )^0
( D_200 S_000 | D_110 S_000 )^0_{t} = y * ( D_200 S_000 | P_100 S_000 )^0 - ( F_210 S_000 | P_100 S_000 )^0
( D_200 S_000 | D_101 S_000 )^0_{t} = z * ( D_200 S_000 | P_100 S_000 )^0 - ( F_201 S_000 | P_100 S_000 )^0
( D_200 S_000 | D_020 S_000 )^0_{t} = y * ( D_200 S_000 | P_010 S_000 )^0 + ( D_200 S_000 | S_000 S_000 )^0 - ( F_210 S_000 | P_010 S_000 )^0
( D_200 S_000 | D_011 S_000 )^0_{t} = z * ( D_200 S_000 | P_010 S_000 )^0 - ( F_201 S_000 | P_010 S_000 )^0
( D_200 S_000 | D_002 S_000 )^0_{t} = z * ( D_200 S_000 | P_001 S_000 )^0 + ( D_200 S_000 | S_000 S_000 )^0 - ( F_201 S_000 | P_001 S_000 )^0
( D_110 S_000 | D_200 S_000 )^0_{t} = x * ( D_110 S_000 | P_100 S_000 )^0 + ( P_010 S_000 | P_100 S_000 )^0 + ( D_110 S_000 | S_000 S_000 )^0 - ( F_210 S_000 | P_100 S_000 )^0
( D_110 S_000 | D_110 S_000 )^0_{t} = y * ( D_110 S_000 | P_100 S_000 )^0 + ( P_100 S_000 | P_100 S_000 )^0 - ( F_120 S_000 | P_100 S_000 )^0
( D_110 S_000 | D_101 S_000 )^0_{t} = z * ( D_110 S_000 | P_100 S_000 )^0 - ( F_111 S_000 | P_100 S_000 )^0
( D_110 S_000 | D_020 S_000 )^0_{t} = y * ( D_110 S_000 | P_010 S_000 )^0 + ( P_100 S_000 | P_010 S_000 )^0 + ( D_110 S_000 | S_000 S_000 )^0 - ( F_120 S_000 | P_010 S_000 )^0
( D_110 S_000 | D_011 S_000 )^0_{t} = z * ( D_110 S_000 | P_010 S_000 )^0 - ( F_111 S_000 | P_010 S_000 )^0
( D_110 S_000 | D_002 S_000 )^0_{t} = z * ( D_110 S_000 | P_001 S_000 )^0 + ( D_110 S_000 | S_000 S_000 )^0 - ( F_111 S_000 | P_001 S_000 )^0
( D_101 S_000 | D_200 S_000 )^0_{t} = x * ( D_101 S_000 | P_100 S_000 )^0 + ( P_001 S_000 | P_100 S_000 )^0 + ( D_101 S_000 | S_000 S_000 )^0 - ( F_201 S_000 | P_100 S_000 )^0
( D_101 S_000 | D_110 S_000 )^0_{t} = y * ( D_101 S_000 | P_100 S_000 )^0 - ( F_111 S_000 | P_100 S_000 )^0
( D_101 S_000 | D_101 S_000 )^0_{t} = z * ( D_101 S_000 | P_100 S_000 )^0 + ( P_100 S_000 | P_100 S_000 )^0 - ( F_102 S_000 | P_100 S_000 )^0
( D_101 S_000 | D_020 S_000 )^0_{t} = y * ( D_101 S_000 | P_010 S_000 )^0 + ( D_101 S_000 | S_000 S_000 )^0 - ( F_111 S_000 | P_010 S_000 )^0
( D_101 S_000 | D_011 S_000 )^0_{t} = z * ( D_101 S_000 | P_010 S_000 )^0 + ( P_100 S_000 | P_010 S_000 )^0 - ( F_102 S_000 | P_010 S_000 )^0
( D_101 S_000 | D_002 S_000 )^0_{t} = z * ( D_101 S_000 | P_001 S_000 )^0 + ( P_100 S_000 | P_001 S_000 )^0 + ( D_101 S_000 | S_000 S_000 )^0 - ( F_102 S_000 | P_001 S_000 )^0
( D_020 S_000 | D_200 S_000 )^0_{t} = x * ( D_020 S_000 | P_100 S_000 )^0 + ( D_020 S_000 | S_000 S_000 )^0 - ( F_120 S_000 | P_100 S_000 )^0
( D_020 S_000 | D_110 S_000 )^0_{t} = y * ( D_020 S_000 | P_100 S_000 )^0 + ( P_010 S_000 | P_100 S_000 )^0 - ( F_030 S_000 | P_100 S_000 )^0
( D_020 S_000 | D_101 S_000 )^0_{t} = z * ( D_020 S_000 | P_100 S_000 )^0 - ( F_021 S_000 | P_100 S_000 )^0
( D_020 S_000 | D_020 S_000 )^0_{t} = y * ( D_020 S_000 | P_010 S_000 )^0 + ( P_010 S_000 | P_010 S_000 )^0 + ( D_020 S_000 | S_000 S_000 )^0 - ( F_030 S_000 | P_010 S_000 )^0
( D_020 S_000 | D_011 S_000 )^0_{t} = z * ( D_020 S_000 | P_010 S_000 )^0 - ( F_021 S_000 | P_010 S_000 )^0
( D_020 S_000 | D_002 S_000 )^0_{t} = z * ( D_020 S_000 | P_001 S_000 )^0 + ( D_020 S_000 | S_000 S_000 )^0 - ( F_021 S_000 | P_001 S_000 )^0
( D_011 S_000 | D_200 S_000 )^0_{t} = x * ( D_011 S_000 | P_100 S_000 )^0 + ( D_011 S_000 | S_000 S_000 )^0 - ( F_111 S_000 | P_100 S_000 )^0
( D_011 S_000 | D_110 S_000 )^0_{t} = y * ( D_011 S_000 | P_100 S_000 )^0 + ( P_001 S_000 | P_100 S_000 )^0 - ( F_021 S_000 | P_100 S_000 )^0
( D_011 S_000 | D_101 S_000 )^0_{t} = z * ( D_011 S_000 | P_100 S_000 )^0 + ( P_010 S_000 | P_100 S_000 )^0 - ( F_012 S_000 | P_100 S_000 )^0
( D_011 S_000 | D_020 S_000 )^0_{t} = y * ( D_011 S_000 | P_010 S_000 )^0 + ( P_001 S_000 | P_010 S_000 )^0 + ( D_011 S_000 | S_000 S_000 )^0 - ( F_021 S_000 | P_010 S_000 )^0
( D_011 S_000 | D_011 S_000 )^0_{t} = z * ( D_011 S_000 | P_010 S_000 )^0 + ( P_010 S_000 | P_010 S_000 )^0 - ( F_012 S_000 | P_010 S_000 )^0
( D_011 S_000 | D_002 S_000 )^0_{t} = z * ( D_011 S_000 | P_001 S_000 )^0 + ( P_010 S_000 | P_001 S_000 )^0 + ( D_011 S_000 | S_000 S_000 )^0 - ( F_012 S_000 | P_001 S_000 )^0
( D_002 S_000 | D_200 S_000 )^0_{t} = x * ( D_002 S_000 | P_100 S_000 )^0 + ( D_002 S_000 | S_000 S_000 )^0 - ( F_102 S_000 | P_100 S_000 )^0
( D_002 S_000 | D_110 S_000 )^0_{t} = y * ( D_002 S_000 | P_100 S_000 )^0 - ( F_012 S_000 | P_100 S_000 )^0
( D_002 S_000 | D_101 S_000 )^0_{t} = z * ( D_002 S_000 | P_100 S_000 )^0 + ( P_001 S_000 | P_100 S_000 )^0 - ( F_003 S_000 | P_100 S_000 )^0
( D_002 S_000 | D_020 S_000 )^0_{t} = y * ( D_002 S_000 | P_010 S_000 )^0 + ( D_002 S_000 | S_000 S_000 )^0 - ( F_012 S_000 | P_010 S_000 )^0
( D_002 S_000 | D_011 S_000 )^0_{t} = z * ( D_002 S_000 | P_010 S_000 )^0 + ( P_001 S_000 | P_010 S_000 )^0 - ( F_003 S_000 | P_010 S_000 )^0
( D_002 S_000 | D_002 S_000 )^0_{t} = z * ( D_002 S_000 | P_001 S_000 )^0 + ( P_001 S_000 | P_001 S_000 )^0 + ( D_002 S_000 | S_000 S_000 )^0 - ( F_003 S_000 | P_001 S_000 )^0
( G_400 S_000 | P_100 S_000 )^0 = x * ( G_400 S_000 | S_000 S_000 )^0 + ( F_300 S_000 | S_000 S_000 )^0 - ( H_500 S_000 | S_000 S_000 )^0
( G_310 S_000 | P_100 S_000 )^0 = x * ( G_310 S_000 | S_000 S_000 )^0 + ( F_210 S_000 | S_000 S_000 )^0 - ( H_410 S_000 | S_000 S_000 )^0
( G_310 S_000 | P_010 S_000 )^0 = y * ( G_310 S_000 | S_000 S_000 )^0 + ( F_300 S_000 | S_000 S_000 )^0 - ( H_320 S_000 | S_000 S_000 )^0
( G_301 S_000 | P_100 S_000 )^0 = x * ( G_301 S_000 | S_000 S_000 )^0 + ( F_201 S_000 | S_000 S_000 )^0 - ( H_401 S_000 | S_000 S_000 )^0
( G_301 S_000 | P_010 S_000 )^0 = y * ( G_301 S_000 | S_000 S_000 )^0 - ( H_311 S_000 | S_000 S_000 )^0
( G_301 S_000 | P_001 S_000 )^0 = z * ( G_301 S_000 | S_000 S_000 )^0 + ( F_300 S_000 | S_000 S_000 )^0 - ( H_302 S_000 | S_000 S_000 )^0
( G_220 S_000 | P_100 S_000 )^0 = x * ( G_220 S_000 | S_000 S_000 )^0 + ( F_120 S_000 | S_000 S_000 )^0 - ( H_320 S_000 | S_000 S_000 )^0
( G_220 S_000 | P_010 S_000 )^0 = y * ( G_220 S_000 | S_000 S_000 )^0 + ( F_210 S_000 | S_000 S_000 )^0 - ( H_230 S_000 | S_000 S_000 )^0
( G_211 S_000 | P_100 S_000 )^0 = x * ( G_211 S_000 | S_000 S_000 )^0 + ( F_111 S_000 | S_000 S_000 )^0 - ( H_311 S_000 | S_000 S_000 )^0
( G_211 S_000 | P_010 S_000 )^0 = y * ( G_211 S_000 | S_000 S_000 )^0 + ( F_201 S_000 | S_000 S_000 )^0 - ( H_221 S_000 | S_000 S_000 )^0
( G_211 S_000 | P_001 S_000 )^0 = z * ( G_211 S_000 | S_000 S_000 )^0 + ( F_210 S_000 | S_000 S_000 )^0 - ( H_212 S_000 | S_000 S_000 )^0
( G_202 S_000 | P_100 S_000 )^0 = x * ( G_202 S_000 | S_000 S_000 )^0 + ( F_102 S_000 | S_000 S_000 )^0 - ( H_302 S_000 | S_000 S_000 )^0
( G_202 S_000 | P_010 S_000 )^0 = y * ( G_202 S_000 | S_000 S_000 )^0 - ( H_212 S_000 | S_000 S_000 )^0
( G_202 S_000 | P_001 S_000 )^0 = z * ( G_202 S_000 | S_000 S_000 )^0 + ( F_201 S_000 | S_000 S_000 )^0 - ( H_203 S_000 | S_000 S_000 )^0
( G_130 S_000 | P_100 S_000 )^0 = x * ( G_130 S_000 | S_000 S_000 )^0 + ( F_030 S_000 | S_000 S_000 )^0 - ( H_230 S_000 | S_000 S_000 )^0
( G_130 S_000 | P_010 S_000 )^0 = y * ( G_130 S_000 | S_000 S_000 )^0 + ( F_120 S_000 | S_000 S_000 )^0 - ( H_140 S_000 | S_000 S_000 )^0
( G_121 S_000 | P_100 S_000 )^0 = x * ( G_121 S_000 | S_000 S_000 )^0 + ( F_021 S_000 | S_000 S_000 )^0 - ( H_221 S_000 | S_000 S_000 )^0
( G_121 S_000 | P_010 S_000 )^0 = y * ( G_121 S_000 | S_000 S_000 )^0 + ( F_111 S_000 | S_000 S_000 )^0 - ( H_131 S_000 | S_000 S_000 )^0
( G_121 S_000 | P_001 S_000 )^0 = z * ( G_121 S_000 | S_000 S_000 )^0 + ( F_120 S_000 | S_000 S_000 )^0 - ( H_122 S_000 | S_000 S_000 )^0
( G_112 S_000 | P_100 S_000 )^0 = x * ( G_112 S_000 | S_000 S_000 )^0 + ( F_012 S_000 | S_000 S_000 )^0 - ( H_212 S_000 | S_000 S_000 )^0
( G_112 S_000 | P_010 S_000 )^0 = y * ( G_112 S_000 | S_000 S_000 )^0 + ( F_102 S_000 | S_000 S_000 )^0 - ( H_122 S_000 | S_000 S_000 )^0
( G_112 S_000 | P_001 S_000 )^0 = z * ( G_112 S_000 | S_000 S_000 )^0 + ( F_111 S_000 | S_000 S_000 )^0 - ( H_113 S_000 | S_000 S_000 )^0
( G_103 S_000 | P_100 S_000 )^0 = x * ( G_103 S_000 | S_000 S_000 )^0 + ( F_003 S_000 | S_000 S_000 )^0 - ( H_203 S_000 | S_000 S_000 )^0
( G_103 S_000 | P_010 S_000 )^0 = y * ( G_103 S_000 | S_000 S_000 )^0 - ( H_113 S_000 | S_000 S_000 )^0
( G_103 S_000 | P_001 S_000 )^0 = z * ( G_103 S_000 | S_000 S_000 )^0 + ( F_102 S_000 | S_000 S_000 )^0 - ( H_104 S_000 | S_000 S_000 )^0
( G_040 S_000 | P_100 S_000 )^0 = x * ( G_040 S_000 | S_000 S_000 )^0 - ( H_140 S_000 | S_000 S_000 )^0
( G_040 S_000 | P_010 S_000 )^0 = y * ( G_040 S_000 | S_000 S_000 )^0 + ( F_030 S_000 | S_000 S_000 )^0 - ( H_050 S_000 | S_000 S_000 )^0
( G_031 S_000 | P_100 S_000 )^0 = x * ( G_031 S_000 | S_000 S_000 )^0 - ( H_131 S_000 | S_000 S_000 )^0
( G_031 S_000 | P_010 S_000 )^0 = y * ( G_031 S_000 | S_000 S_000 )^0 + ( F_021 S_000 | S_000 S_000 )^0 - ( H_041 S_000 | S_000 S_000 )^0
( G_031 S_000 | P_001 S_000 )^0 = z * ( G_031 S_000 | S_000 S_000 )^0 + ( F_030 S_000 | S_000 S_000 )^0 - ( H_032 S_000 | S_000 S_000 )^0
( G_022 S_000 | P_100 S_000 )^0 = x * ( G_022 S_000 | S_000 S_000 )^0 - ( H_122 S_000 | S_000 S_000 )^0
( G_022 S_000 | P_010 S_000 )^0 = y * ( G_022 S_000 | S_000 S_000 )^0 + ( F_012 S_000 | S_000 S_000 )^0 - ( H_032 S_000 | S_000 S_000 )^0
( G_022 S_000 | P_001 S_000 )^0 = z * ( G_022 S_000 | S_000 S_000 )^0 + ( F_021 S_000 | S_000 S_000 )^0 - ( H_023 S_000 | S_000 S_000 )^0
( G_013 S_000 | P_100 S_000 )^0 = x * ( G_013 S_000 | S_000 S_000 )^0 - ( H_113 S_000 | S_000 S_000 )^0
( G_013 S_000 | P_010 S_000 )^0 = y * ( G_013 S_000 | S_000 S_000 )^0 + ( F_003 S_000 | S_000 S_000 )^0 - ( H_023 S_000 | S_000 S_000 )^0
( G_013 S_000 | P_001 S_000 )^0 = z * ( G_013 S_000 | S_000 S_000 )^0 + ( F_012 S_000 | S_000 S_000 )^0 - ( H_014 S_000 | S_000 S_000 )^0
( G_004 S_000 | P_100 S_000 )^0 = x * ( G_004 S_000 | S_000 S_000 )^0 - ( H_104 S_000 | S_000 S_000 )^0
( G_004 S_000 | P_010 S_000 )^0 = y * ( G_004 S_000 | S_000 S_000 )^0 - ( H_014 S_000 | S_000 S_000 )^0
( G_004 S_000 | P_001 S_000 )^0 = z * ( G_004 S_000 | S_000 S_000 )^0 + ( F_003 S_000 | S_000 S_000 )^0 - ( H_005 S_000 | S_000 S_000 )^0
( F_300 S_000 | D_200 S_000 )^0_{t} = x * ( F_300 S_000 | P_100 S_000 )^0 + ( D_200 S_000 | P_100 S_000 )^0 + ( F_300 S_000 | S_000 S_000 )^0 - ( G_400 S_000 | P_100 S_000 )^0
( F_300 S_000 | D_110 S_000 )^0_{t} = y * ( F_300 S_000 | P_100 S_000 )^0 - ( G_310 S_000 | P_100 S_000 )^0
( F_300 S_000 | D_101 S_000 )^0_{t} = z * ( F_300 S_000 | P_100 S_000 )^0 - ( G_301 S_000 | P_100 S_000 )^0
( F_300 S_000 | D_020 S_000 )^0_{t} = y * ( F_300 S_000 | P_010 S_000 )^0 + ( F_300 S_000 | S_000 S_000 )^0 - ( G_310 S_000 | P_010 S_000 )^0
( F_300 S_000 | D_011 S_000 )^0_{t} = z * ( F_300 S_000 | P_010 S_000 )^0 - ( G_301 S_000 | P_010 S_000 )^0
( F_300 S_000 | D_002 S_000 )^0_{t} = z * ( F_300 S_000 | P_001 S_000 )^0 + ( F_300 S_000 | S_000 S_000 )^0 - ( G_301 S_000 | P_001 S_000 )^0
( F_210 S_000 | D_200 S_000 )^0_{t} = x * ( F_210 S_000 | P_100 S_000 )^0 + ( D_110 S_000 | P_100 S_000 )^0 + ( F_210 S_000 | S_000 S_000 )^0 - ( G_310 S_000 | P_100 S_000 )^0
( F_210 S_000 | D_110 S_000 )^0_{t} = y * ( F_210 S_000 | P_100 S_000 )^0 + ( D_200 S_000 | P_100 S_000 )^0 - ( G_220 S_000 | P_100 S_000 )^0
( F_210 S_000 | D_101 S_000 )^0_{t} = z * ( F_210 S_000 | P_100 S_000 )^0 - ( G_211 S_000 | P_100 S_000 )^0
( F_210 S_000 | D_020 S_000 )^0_{t} = y * ( F_210 S_000 | P_010 S_000 )^0 + ( D_200 S_000 | P_010 S_000 )^0 + ( F_210 S_000 | S_000 S_000 )^0 - ( G_220 S_000 | P_010 S_000 )^0
( F_210 S_000 | D_011 S_000 )^0_{t} = z * ( F_210 S_000 | P_010 S_000 )^0 - ( G_211 S_000 | P_010 S_000 )^0
( F_210 S_000 | D_002 S_000 )^0_{t} = z * ( F_210 S_000 | P_001 S_000 )^0 + ( F_210 S_000 | S_000 S_000 )^0 - ( G_211 S_000 | P_001 S_000 )^0
( F_201 S_000 | D_200 S_000 )^0_{t} = x * ( F_201 S_000 | P_100 S_000 )^0 + ( D_101 S_000 | P_100 S_000 )^0 + ( F_201 S_000 | S_000 S_000 )^0 - ( G_301 S_000 | P_100 S_000 )^0
( F_201 S_000 | D_110 S_000 )^0_{t} = y * ( F_201 S_000 | P_100 S_000 )^0 - ( G_211 S_000 | P_100 S_000 )^0
( F_201 S_000 | D_101 S_000 )^0_{t} = z * ( F_201 S_000 | P_100 S_000 )^0 + ( D_200 S_000 | P_100 S_000 )^0 - ( G_202 S_000 | P_100 S_000 )^0
( F_201 S_000 | D_020 S_000 )^0_{t} = y * ( F_201 S_000 | P_010 S_000 )^0 + ( F_201 S_000 | S_000 S_000 )^0 - ( G_211 S_000 | P_010 S_000 )^0
( F_201 S_000 | D_011 S_000 )^0_{t} = z * ( F_201 S_000 | P_010 S_000 )^0 + ( D_200 S_000 | P_010 S_000 )^0 - ( G_202 S_000 | P_010 S_000 )^0
( F_201 S_000 | D_002 S_000 )^0_{t} = z * ( F_201 S_000 | P_001 S_000 )^0 + ( D_200 S_000 | P_001 S_000 )^0 + ( F_201 S_000 | S_000 S_000 )^0 - ( G_202 S_000 | P_001 S_000 )^0
( F_120 S_000 | D_200 S_000 )^0_{t} = x * ( F_120 S_000 | P_100 S_000 )^0 + ( D_020 S_000 | P_100 S_000 )^0 + ( F_120 S_000 | S_000 S_000 )^0 - ( G_220 S_000 | P_100 S_000 )^0
( F_120 S_000 | D_110 S_000 )^0_{t} = y * ( F_120 S_000 | P_100 S_000 )^0 + ( D_110 S_000 | P_100 S_000 )^0 - ( G_130 S_000 | P_100 S_000 )^0
( F_120 S_000 | D_101 S_000 )^0_{t} = z * ( F_120 S_000 | P_100 S_000 )^0 - ( G_121 S_000 | P_100 S_000 )^0
( F_120 S_000 | D_020 S_000 )^0_{t} = y * ( F_120 S_000 | P_010 S_000 )^0 + ( D_110 S_000 | P_010 S_000 )^0 + ( F_120 S_000 | S_000 S_000 )^0 - ( G_130 S_000 | P_010 S_000 )^0
( F_120 S_000 | D_011 S_000 )^0_{t} = z * ( F_120 S_000 | P_010 S_000 )^0 - ( G_121 S_000 | P_010 S_000 )^0
( F_120 S_000 | D_002 S_000 )^0_{t} = z * ( F_120 S_000 | P_001 S_000 )^0 + ( F_120 S_000 | S_000 S_000 )^0 - ( G_121 S_000 | P_001 S_000 )^0
( F_111 S_000 | D_200 S_000 )^0_{t} = x * ( F_111 S_000 | P_100 S_000 )^0 + ( D_011 S_000 | P_100 S_000 )^0 + ( F_111 S_000 | S_000 S_000 )^0 - ( G_211 S_000 | P_100 S_000 )^0
( F_111 S_000 | D_110 S_000 )^0_{t} = y * ( F_111 S_000 | P_100 S_000 )^0 + ( D_101 S_000 | P_100 S_000 )^0 - ( G_121 S_000 | P_100 S_000 )^0
( F_111 S_000 | D_101 S_000 )^0_{t} = z * ( F_111 S_000 | P_100 S_000 )^0 + ( D_110 S_000 | P_100 S_000 )^0 - ( G_112 S_000 | P_100 S_000 )^0
( F_111 S_000 | D_020 S_000 )^0_{t} = y * ( F_111 S_000 | P_010 S_000 )^0 + ( D_101 S_000 | P_010 S_000 )^0 + ( F_111 S_000 | S_000 S_000 )^0 - ( G_121 S_000 | P_010 S_000 )^0
( F_111 S_000 | D_011 S_000 )^0_{t} = z * ( F_111 S_000 | P_010 S_000 )^0 + ( D_110 S_000 | P_010 S_000 )^0 - ( G_112 S_000 | P_010 S_000 )^0
( F_111 S_000 | D_002 S_000 )^0_{t} = z * ( F_111 S_000 | P_001 S_000 )^0 + ( D_110 S_000 | P_001 S_000 )^0 + ( F_111 S_000 | S_000 S_000 )^0 - ( G_112 S_000 | P_001 S_000 )^0
( F_102 S_000 | D_200 S_000 )^0_{t} = x * ( F_102 S_000 | P_100 S_000 )^0 + ( D_002 S_000 | P_100 S_000 )^0 + ( F_102 S_000 | S_000 S_000 )^0 - ( G_202 S_000 | P_100 S_000 )^0
( F_102 S_000 | D_110 S_000 )^0_{t} = y * ( F_102 S_000 | P_100 S_000 )^0 - ( G_112 S_000 | P_100 S_000 )^0
( F_102 S_000 | D_101 S_000 )^0_{t} = z * ( F_102 S_000 | P_100 S_000 )^0 + ( D_101 S_000 | P_100 S_000 )^0 - ( G_103 S_000 | P_100 S_000 )^0
( F_102 S_000 | D_020 S_000 )^0_{t} = y * ( F_102 S_000 | P_010 S_000 )^0 + ( F_102 S_000 | S_000 S_000 )^0 - ( G_112 S_000 | P_010 S_000 )^0
( F_102 S_000 | D_011 S_000 )^0_{t} = z * ( F_102 S_000 | P_010 S_000 )^0 + ( D_101 S_000 | P_010 S_000 )^0 - ( G_103 S_000 | P_010 S_000 )^0
( F_102 S_000 | D_002 S_000 )^0_{t} = z * ( F_102 S_000 | P_001 S_000 )^0 + ( D_101 S_000 | P_001 S_000 )^0 + ( F_102 S_000 | S_000 S_000 )^0 - ( G_103 S_000 | P_001 S_000 )^0
( F_030 S_000 | D_200 S_000 )^0_{t} = x * ( F_030 S_000 | P_100 S_000 )^0 + ( F_030 S_000 | S_000 S_000 )^0 - ( G_130 S_000 | P_100 S_000 )^0
( F_030 S_000 | D_110 S_000 )^0_{t} = y * ( F_030 S_000 | P_100 S_000 )^0 + ( D_020 S_000 | P_100 S_000 )^0 - ( G_040 S_000 | P_100 S_000 )^0
( F_030 S_000 | D_101 S_000 )^0_{t} = z * ( F_030 S_000 | P_100 S_000 )^0 - ( G_031 S_000 | P_100 S_000 )^0
( F_030 S_000 | D_020 S_000 )^0_{t} = y * ( F_030 S_000 | P_010 S_000 )^0 + ( D_020 S_000 | P_010 S_000 )^0 + ( F_030 S_000 | S_000 S_000 )^0 - ( G_040 S_000 | P_010 S_000 )^0
( F_030 S_000 | D_011 S_000 )^0_{t} = z * ( F_030 S_000 | P_010 S_000 )^0 - ( G_031 S_000 | P_010 S_000 )^0
( F_030 S_000 | D_002 S_000 )^0_{t} = z * ( F_030 S_000 | P_001 S_000 )^0 + ( F_030 S_000 | S_000 S_000 )^0 - ( G_031 S_000 | P_001 S_000 )^0
( F_021 S_000 | D_200 S_000 )^0_{t} = x * ( F_021 S_000 | P_100 S_000 )^0 + ( F_021 S_000 | S_000 S_000 )^0 - ( G_121 S_000 | P_100 S_000 )^0
( F_021 S_000 | D_110 S_000 )^0_{t} = y * ( F_021 S_000 | P_100 S_000 )^0 + ( D_011 S_000 | P_100 S_000 )^0 - ( G_031 S_000 | P_100 S_000 )^0
( F_021 S_000 | D_101 S_000 )^0_{t} = z * ( F_021 S_000 | P_100 S_000 )^0 + ( D_020 S_000 | P_100 S_000 )^0 - ( G_022 S_000 | P_100 S_000 )^0
( F_021 S_000 | D_020 S_000 )^0_{t} = y * ( F_021 S_000 | P_010 S_000 )^0 + ( D_011 S_000 | P_010 S_000 )^0 + ( F_021 S_000 | S_000 S_000 )^0 - ( G_031 S_000 | P_010 S_000 )^0
( F_021 S_000 | D_011 S_000 )^0_{t} = z * ( F_021 S_000 | P_010 S_000 )^0 + ( D_020 S_000 | P_010 S_000 )^0 - ( G_022 S_000 | P_010 S_000 )^0
( F_021 S_000 | D_002 S_000 )^0_{t} = z * ( F_021 S_000 | P_001 S_000 )^0 + ( D_020 S_000 | P_001 S_000 )^0 + ( F_021 S_000 | S_000 S_000 )^0 - ( G_022 S_000 | P_001 S_000 )^0
( F_012 S_000 | D_200 S_000 )^0_{t} = x * ( F_012 S_000 | P_100 S_000 )^0 + ( F_012 S_000 | S_000 S_000 )^0 - ( G_112 S_000 | P_100 S_000 )^0
( F_012 S_000 | D_110 S_000 )^0_{t} = y * ( F_012 S_000 | P_100 S_000 )^0 + ( D_002 S_000 | P_100 S_000 )^0 - ( G_022 S_000 | P_100 S_000 )^0
( F_012 S_000 | D_101 S_000 )^0_{t} = z * ( F_012 S_000 | P_100 S_000 )^0 + ( D_011 S_000 | P_100 S_000 )^0 - ( G_013 S_000 | P_100 S_000 )^0
( F_012 S_000 | D_020 S_000 )^0_{t} = y * ( F_012 S_000 | P_010 S_000 )^0 + ( D_002 S_000 | P_010 S_000 )^0 + ( F_012 S_000 | S_000 S_000 )^0 - ( G_022 S_000 | P_010 S_000 )^0
( F_012 S_000 | D_011 S_000 )^0_{t} = z * ( F_012 S_000 | P_010 S_000 )^0 + ( D_011 S_000 | P_010 S_000 )^0 - ( G_013 S_000 | P_010 S_000 )^0
( F_012 S_000 | D_002 S_000 )^0_{t} = z * ( F_012 S_000 | P_001 S_000 )^0 + ( D_011 S_000 | P_001 S_000 )^0 + ( F_012 S_000 | S_000 S_000 )^0 - ( G_013 S_000 | P_001 S_000 )^0
( F_003 S_000 | D_200 S_000 )^0_{t} = x * ( F_003 S_000 | P_100 S_000 )^0 + ( F_003 S_000 | S_000 S_000 )^0 - ( G_103 S_000 | P_100 S_000 )^0
( F_003 S_000 | D_110 S_000 )^0_{t} = y * ( F_003 S_000 | P_100 S_000 )^0 - ( G_013 S_000 | P_100 S_000 )^0
( F_003 S_000 | D_101 S_000 )^0_{t} = z * ( F_003 S_000 | P_100 S_000 )^0 + ( D_002 S_000 | P_100 S_000 )^0 - ( G_004 S_000 | P_100 S_000 )^0
( F_003 S_000 | D_020 S_000 )^0_{t} = y * ( F_003 S_000 | P_010 S_000 )^0 + ( F_003 S_000 | S_000 S_000 )^0 - ( G_013 S_000 | P_010 S_000 )^0
( F_003 S_000 | D_011 S_000 )^0_{t} = z * ( F_003 S_000 | P_010 S_000 )^0 + ( D_002 S_000 | P_010 S_000 )^0 - ( G_004 S_000 | P_010 S_000 )^0
( F_003 S_000 | D_002 S_000 )^0_{t} = z * ( F_003 S_000 | P_001 S_000 )^0 + ( D_002 S_000 | P_001 S_000 )^0 + ( F_003 S_000 | S_000 S_000 )^0 - ( G_004 S_000 | P_001 S_000 )^0


HRR Top Bras: 2
 AM: 2 : Require: 6 / 6
 AM: 3 : Require: 10 / 10
HRR Top Kets: 2
 AM: 1 : Require:  3 / 3
 AM: 2 : Require:  6 / 6

ET Requirements: 6
AM = 0 : Require: 1 / 1
    S_000
AM = 1 : Require: 3 / 3
    P_100
    P_010
    P_001
AM = 2 : Require: 6 / 6
    D_200
    D_110
    D_101
    D_020
    D_011
    D_002
AM = 3 : Require: 10 / 10
    F_300
    F_210
    F_201
    F_120
    F_111
    F_102
    F_030
    F_021
    F_012
    F_003
AM = 4 : Require: 15 / 15
    G_400
    G_310
    G_301
    G_220
    G_211
    G_202
    G_130
    G_121
    G_112
    G_103
    G_040
    G_031
    G_022
    G_013
    G_004
AM = 5 : Require: 21 / 21
    H_500
    H_410
    H_401
    H_320
    H_311
    H_302
    H_230
    H_221
    H_212
    H_203
    H_140
    H_131
    H_122
    H_113
    H_104
    H_050
    H_041
    H_032
    H_023
    H_014
    H_005

VRR Requirements: 6
AM = 0 : Require: 1 / 1
AM = 1 : Require: 3 / 3
AM = 2 : Require: 6 / 6
AM = 3 : Require: 10 / 10
AM = 4 : Require: 15 / 15
AM = 5 : Require: 21 / 21

MEMORY (unaligned, per shell quartet):
Contracted elements: 306    Bytes: 2448


