Initial Targets: 18
    (D_200 P_100|_{i}
    (D_200 P_010|_{i}
    (D_200 P_001|_{i}
    (D_110 P_100|_{i}
    (D_110 P_010|_{i}
    (D_110 P_001|_{i}
    (D_101 P_100|_{i}
    (D_101 P_010|_{i}
    (D_101 P_001|_{i}
    (D_020 P_100|_{i}
    (D_020 P_010|_{i}
    (D_020 P_001|_{i}
    (D_011 P_100|_{i}
    (D_011 P_010|_{i}
    (D_011 P_001|_{i}
    (D_002 P_100|_{i}
    (D_002 P_010|_{i}
    (D_002 P_001|_{i}

Inital bra targets: 18
    (D_200 P_100|_{i}
    (D_200 P_010|_{i}
    (D_200 P_001|_{i}
    (D_110 P_100|_{i}
    (D_110 P_010|_{i}
    (D_110 P_001|_{i}
    (D_101 P_100|_{i}
    (D_101 P_010|_{i}
    (D_101 P_001|_{i}
    (D_020 P_100|_{i}
    (D_020 P_010|_{i}
    (D_020 P_001|_{i}
    (D_011 P_100|_{i}
    (D_011 P_010|_{i}
    (D_011 P_001|_{i}
    (D_002 P_100|_{i}
    (D_002 P_010|_{i}
    (D_002 P_001|_{i}

Generated 16 new targets
After pruning: 0 new targets


--------------------------------------------------------------------------------
BRA HRR step done. Solution is 18 steps
--------------------------------------------------------------------------------
(D_200 P_100|_{i} = (F_300 S_000| + x_ab * (D_200 S_000|
(D_200 P_010|_{i} = (F_210 S_000| + y_ab * (D_200 S_000|
(D_200 P_001|_{i} = (F_201 S_000| + z_ab * (D_200 S_000|
(D_110 P_100|_{i} = (F_210 S_000| + x_ab * (D_110 S_000|
(D_110 P_010|_{i} = (F_120 S_000| + y_ab * (D_110 S_000|
(D_110 P_001|_{i} = (F_111 S_000| + z_ab * (D_110 S_000|
(D_101 P_100|_{i} = (F_201 S_000| + x_ab * (D_101 S_000|
(D_101 P_010|_{i} = (F_111 S_000| + y_ab * (D_101 S_000|
(D_101 P_001|_{i} = (F_102 S_000| + z_ab * (D_101 S_000|
(D_020 P_100|_{i} = (F_120 S_000| + x_ab * (D_020 S_000|
(D_020 P_010|_{i} = (F_030 S_000| + y_ab * (D_020 S_000|
(D_020 P_001|_{i} = (F_021 S_000| + z_ab * (D_020 S_000|
(D_011 P_100|_{i} = (F_111 S_000| + x_ab * (D_011 S_000|
(D_011 P_010|_{i} = (F_021 S_000| + y_ab * (D_011 S_000|
(D_011 P_001|_{i} = (F_012 S_000| + z_ab * (D_011 S_000|
(D_002 P_100|_{i} = (F_102 S_000| + x_ab * (D_002 S_000|
(D_002 P_010|_{i} = (F_012 S_000| + y_ab * (D_002 S_000|
(D_002 P_001|_{i} = (F_003 S_000| + z_ab * (D_002 S_000|


Initial ket targets: 0



--------------------------------------------------------------------------------
KET HRR step done. Solution is 0 steps
--------------------------------------------------------------------------------


Initial ET Targets: 48
    ( D_200 S_000 | P_100 S_000 )^0_{t}
    ( D_200 S_000 | P_010 S_000 )^0_{t}
    ( D_200 S_000 | P_001 S_000 )^0_{t}
    ( D_110 S_000 | P_100 S_000 )^0_{t}
    ( D_110 S_000 | P_010 S_000 )^0_{t}
    ( D_110 S_000 | P_001 S_000 )^0_{t}
    ( D_101 S_000 | P_100 S_000 )^0_{t}
    ( D_101 S_000 | P_010 S_000 )^0_{t}
    ( D_101 S_000 | P_001 S_000 )^0_{t}
    ( D_020 S_000 | P_100 S_000 )^0_{t}
    ( D_020 S_000 | P_010 S_000 )^0_{t}
    ( D_020 S_000 | P_001 S_000 )^0_{t}
    ( D_011 S_000 | P_100 S_000 )^0_{t}
    ( D_011 S_000 | P_010 S_000 )^0_{t}
    ( D_011 S_000 | P_001 S_000 )^0_{t}
    ( D_002 S_000 | P_100 S_000 )^0_{t}
    ( D_002 S_000 | P_010 S_000 )^0_{t}
    ( D_002 S_000 | P_001 S_000 )^0_{t}
    ( F_300 S_000 | P_100 S_000 )^0_{t}
    ( F_300 S_000 | P_010 S_000 )^0_{t}
    ( F_300 S_000 | P_001 S_000 )^0_{t}
    ( F_210 S_000 | P_100 S_000 )^0_{t}
    ( F_210 S_000 | P_010 S_000 )^0_{t}
    ( F_210 S_000 | P_001 S_000 )^0_{t}
    ( F_201 S_000 | P_100 S_000 )^0_{t}
    ( F_201 S_000 | P_010 S_000 )^0_{t}
    ( F_201 S_000 | P_001 S_000 )^0_{t}
    ( F_120 S_000 | P_100 S_000 )^0_{t}
    ( F_120 S_000 | P_010 S_000 )^0_{t}
    ( F_120 S_000 | P_001 S_000 )^0_{t}
    ( F_111 S_000 | P_100 S_000 )^0_{t}
    ( F_111 S_000 | P_010 S_000 )^0_{t}
    ( F_111 S_000 | P_001 S_000 )^0_{t}
    ( F_102 S_000 | P_100 S_000 )^0_{t}
    ( F_102 S_000 | P_010 S_000 )^0_{t}
    ( F_102 S_000 | P_001 S_000 )^0_{t}
    ( F_030 S_000 | P_100 S_000 )^0_{t}
    ( F_030 S_000 | P_010 S_000 )^0_{t}
    ( F_030 S_000 | P_001 S_000 )^0_{t}
    ( F_021 S_000 | P_100 S_000 )^0_{t}
    ( F_021 S_000 | P_010 S_000 )^0_{t}
    ( F_021 S_000 | P_001 S_000 )^0_{t}
    ( F_012 S_000 | P_100 S_000 )^0_{t}
    ( F_012 S_000 | P_010 S_000 )^0_{t}
    ( F_012 S_000 | P_001 S_000 )^0_{t}
    ( F_003 S_000 | P_100 S_000 )^0_{t}
    ( F_003 S_000 | P_010 S_000 )^0_{t}
    ( F_003 S_000 | P_001 S_000 )^0_{t}

Generated 103 new targets
After pruning: 0 new targets
AMORDER: 2
   2 , 0 , 1 , 0
   3 , 0 , 1 , 0

MAP: 2
   2 , 0 , 1 , 0 Steps: 18
   3 , 0 , 1 , 0 Steps: 30



--------------------------------------------------------------------------------
ET step done. Solution is 48 steps
--------------------------------------------------------------------------------
( D_200 S_000 | P_100 S_000 )^0_{t} = x * ( D_200 S_000 | S_000 S_000 )^0 + ( P_100 S_000 | S_000 S_000 )^0 - ( F_300 S_000 | S_000 S_000 )^0
( D_200 S_000 | P_010 S_000 )^0_{t} = y * ( D_200 S_000 | S_000 S_000 )^0 - ( F_210 S_000 | S_000 S_000 )^0
( D_200 S_000 | P_001 S_000 )^0_{t} = z * ( D_200 S_000 | S_000 S_000 )^0 - ( F_201 S_000 | S_000 S_000 )^0
( D_110 S_000 | P_100 S_000 )^0_{t} = x * ( D_110 S_000 | S_000 S_000 )^0 + ( P_010 S_000 | S_000 S_000 )^0 - ( F_210 S_000 | S_000 S_000 )^0
( D_110 S_000 | P_010 S_000 )^0_{t} = y * ( D_110 S_000 | S_000 S_000 )^0 + ( P_100 S_000 | S_000 S_000 )^0 - ( F_120 S_000 | S_000 S_000 )^0
( D_110 S_000 | P_001 S_000 )^0_{t} = z * ( D_110 S_000 | S_000 S_000 )^0 - ( F_111 S_000 | S_000 S_000 )^0
( D_101 S_000 | P_100 S_000 )^0_{t} = x * ( D_101 S_000 | S_000 S_000 )^0 + ( P_001 S_000 | S_000 S_000 )^0 - ( F_201 S_000 | S_000 S_000 )^0
( D_101 S_000 | P_010 S_000 )^0_{t} = y * ( D_101 S_000 | S_000 S_000 )^0 - ( F_111 S_000 | S_000 S_000 )^0
( D_101 S_000 | P_001 S_000 )^0_{t} = z * ( D_101 S_000 | S_000 S_000 )^0 + ( P_100 S_000 | S_000 S_000 )^0 - ( F_102 S_000 | S_000 S_000 )^0
( D_020 S_000 | P_100 S_000 )^0_{t} = x * ( D_020 S_000 | S_000 S_000 )^0 - ( F_120 S_000 | S_000 S_000 )^0
( D_020 S_000 | P_010 S_000 )^0_{t} = y * ( D_020 S_000 | S_000 S_000 )^0 + ( P_010 S_000 | S_000 S_000 )^0 - ( F_030 S_000 | S_000 S_000 )^0
( D_020 S_000 | P_001 S_000 )^0_{t} = z * ( D_020 S_000 | S_000 S_000 )^0 - ( F_021 S_000 | S_000 S_000 )^0
( D_011 S_000 | P_100 S_000 )^0_{t} = x * ( D_011 S_000 | S_000 S_000 )^0 - ( F_111 S_000 | S_000 S_000 )^0
( D_011 S_000 | P_010 S_000 )^0_{t} = y * ( D_011 S_000 | S_000 S_000 )^0 + ( P_001 S_000 | S_000 S_000 )^0 - ( F_021 S_000 | S_000 S_000 )^0
( D_011 S_000 | P_001 S_000 )^0_{t} = z * ( D_011 S_000 | S_000 S_000 )^0 + ( P_010 S_000 | S_000 S_000 )^0 - ( F_012 S_000 | S_000 S_000 )^0
( D_002 S_000 | P_100 S_000 )^0_{t} = x * ( D_002 S_000 | S_000 S_000 )^0 - ( F_102 S_000 | S_000 S_000 )^0
( D_002 S_000 | P_010 S_000 )^0_{t} = y * ( D_002 S_000 | S_000 S_000 )^0 - ( F_012 S_000 | S_000 S_000 )^0
( D_002 S_000 | P_001 S_000 )^0_{t} = z * ( D_002 S_000 | S_000 S_000 )^0 + ( P_001 S_000 | S_000 S_000 )^0 - ( F_003 S_000 | S_000 S_000 )^0
( F_300 S_000 | P_100 S_000 )^0_{t} = x * ( F_300 S_000 | S_000 S_000 )^0 + ( D_200 S_000 | S_000 S_000 )^0 - ( G_400 S_000 | S_000 S_000 )^0
( F_300 S_000 | P_010 S_000 )^0_{t} = y * ( F_300 S_000 | S_000 S_000 )^0 - ( G_310 S_000 | S_000 S_000 )^0
( F_300 S_000 | P_001 S_000 )^0_{t} = z * ( F_300 S_000 | S_000 S_000 )^0 - ( G_301 S_000 | S_000 S_000 )^0
( F_210 S_000 | P_100 S_000 )^0_{t} = x * ( F_210 S_000 | S_000 S_000 )^0 + ( D_110 S_000 | S_000 S_000 )^0 - ( G_310 S_000 | S_000 S_000 )^0
( F_210 S_000 | P_010 S_000 )^0_{t} = y * ( F_210 S_000 | S_000 S_000 )^0 + ( D_200 S_000 | S_000 S_000 )^0 - ( G_220 S_000 | S_000 S_000 )^0
( F_210 S_000 | P_001 S_000 )^0_{t} = z * ( F_210 S_000 | S_000 S_000 )^0 - ( G_211 S_000 | S_000 S_000 )^0
( F_201 S_000 | P_100 S_000 )^0_{t} = x * ( F_201 S_000 | S_000 S_000 )^0 + ( D_101 S_000 | S_000 S_000 )^0 - ( G_301 S_000 | S_000 S_000 )^0
( F_201 S_000 | P_010 S_000 )^0_{t} = y * ( F_201 S_000 | S_000 S_000 )^0 - ( G_211 S_000 | S_000 S_000 )^0
( F_201 S_000 | P_001 S_000 )^0_{t} = z * ( F_201 S_000 | S_000 S_000 )^0 + ( D_200 S_000 | S_000 S_000 )^0 - ( G_202 S_000 | S_000 S_000 )^0
( F_120 S_000 | P_100 S_000 )^0_{t} = x * ( F_120 S_000 | S_000 S_000 )^0 + ( D_020 S_000 | S_000 S_000 )^0 - ( G_220 S_000 | S_000 S_000 )^0
( F_120 S_000 | P_010 S_000 )^0_{t} = y * ( F_120 S_000 | S_000 S_000 )^0 + ( D_110 S_000 | S_000 S_000 )^0 - ( G_130 S_000 | S_000 S_000 )^0
( F_120 S_000 | P_001 S_000 )^0_{t} = z * ( F_120 S_000 | S_000 S_000 )^0 - ( G_121 S_000 | S_000 S_000 )^0
( F_111 S_000 | P_100 S_000 )^0_{t} = x * ( F_111 S_000 | S_000 S_000 )^0 + ( D_011 S_000 | S_000 S_000 )^0 - ( G_211 S_000 | S_000 S_000 )^0
( F_111 S_000 | P_010 S_000 )^0_{t} = y * ( F_111 S_000 | S_000 S_000 )^0 + ( D_101 S_000 | S_000 S_000 )^0 - ( G_121 S_000 | S_000 S_000 )^0
( F_111 S_000 | P_001 S_000 )^0_{t} = z * ( F_111 S_000 | S_000 S_000 )^0 + ( D_110 S_000 | S_000 S_000 )^0 - ( G_112 S_000 | S_000 S_000 )^0
( F_102 S_000 | P_100 S_000 )^0_{t} = x * ( F_102 S_000 | S_000 S_000 )^0 + ( D_002 S_000 | S_000 S_000 )^0 - ( G_202 S_000 | S_000 S_000 )^0
( F_102 S_000 | P_010 S_000 )^0_{t} = y * ( F_102 S_000 | S_000 S_000 )^0 - ( G_112 S_000 | S_000 S_000 )^0
( F_102 S_000 | P_001 S_000 )^0_{t} = z * ( F_102 S_000 | S_000 S_000 )^0 + ( D_101 S_000 | S_000 S_000 )^0 - ( G_103 S_000 | S_000 S_000 )^0
( F_030 S_000 | P_100 S_000 )^0_{t} = x * ( F_030 S_000 | S_000 S_000 )^0 - ( G_130 S_000 | S_000 S_000 )^0
( F_030 S_000 | P_010 S_000 )^0_{t} = y * ( F_030 S_000 | S_000 S_000 )^0 + ( D_020 S_000 | S_000 S_000 )^0 - ( G_040 S_000 | S_000 S_000 )^0
( F_030 S_000 | P_001 S_000 )^0_{t} = z * ( F_030 S_000 | S_000 S_000 )^0 - ( G_031 S_000 | S_000 S_000 )^0
( F_021 S_000 | P_100 S_000 )^0_{t} = x * ( F_021 S_000 | S_000 S_000 )^0 - ( G_121 S_000 | S_000 S_000 )^0
( F_021 S_000 | P_010 S_000 )^0_{t} = y * ( F_021 S_000 | S_000 S_000 )^0 + ( D_011 S_000 | S_000 S_000 )^0 - ( G_031 S_000 | S_000 S_000 )^0
( F_021 S_000 | P_001 S_000 )^0_{t} = z * ( F_021 S_000 | S_000 S_000 )^0 + ( D_020 S_000 | S_000 S_000 )^0 - ( G_022 S_000 | S_000 S_000 )^0
( F_012 S_000 | P_100 S_000 )^0_{t} = x * ( F_012 S_000 | S_000 S_000 )^0 - ( G_112 S_000 | S_000 S_000 )^0
( F_012 S_000 | P_010 S_000 )^0_{t} = y * ( F_012 S_000 | S_000 S_000 )^0 + ( D_002 S_000 | S_000 S_000 )^0 - ( G_022 S_000 | S_000 S_000 )^0
( F_012 S_000 | P_001 S_000 )^0_{t} = z * ( F_012 S_000 | S_000 S_000 )^0 + ( D_011 S_000 | S_000 S_000 )^0 - ( G_013 S_000 | S_000 S_000 )^0
( F_003 S_000 | P_100 S_000 )^0_{t} = x * ( F_003 S_000 | S_000 S_000 )^0 - ( G_103 S_000 | S_000 S_000 )^0
( F_003 S_000 | P_010 S_000 )^0_{t} = y * ( F_003 S_000 | S_000 S_000 )^0 - ( G_013 S_000 | S_000 S_000 )^0
( F_003 S_000 | P_001 S_000 )^0_{t} = z * ( F_003 S_000 | S_000 S_000 )^0 + ( D_002 S_000 | S_000 S_000 )^0 - ( G_004 S_000 | S_000 S_000 )^0


HRR Top Bras: 2
 AM: 2 : Require: 6 / 6
 AM: 3 : Require: 10 / 10
HRR Top Kets: 1
 AM: 1 : Require:  3 / 3

ET Requirements: 4
AM = 1 : Require: 3 / 3
    P_100
    P_010
    P_001
AM = 2 : Require: 6 / 6
    D_200
    D_110
    D_101
    D_020
    D_011
    D_002
AM = 3 : Require: 10 / 10
    F_300
    F_210
    F_201
    F_120
    F_111
    F_102
    F_030
    F_021
    F_012
    F_003
AM = 4 : Require: 15 / 15
    G_400
    G_310
    G_301
    G_220
    G_211
    G_202
    G_130
    G_121
    G_112
    G_103
    G_040
    G_031
    G_022
    G_013
    G_004

VRR Requirements: 5
AM = 0 : Require: 1 / 1
AM = 1 : Require: 3 / 3
AM = 2 : Require: 6 / 6
AM = 3 : Require: 10 / 10
AM = 4 : Require: 15 / 15

MEMORY (unaligned, per shell quartet):
Contracted elements: 48    Bytes: 384


