Initial Targets: 36
    (D_200 D_200|_{i}
    (D_200 D_110|_{i}
    (D_200 D_101|_{i}
    (D_200 D_020|_{i}
    (D_200 D_011|_{i}
    (D_200 D_002|_{i}
    (D_110 D_200|_{i}
    (D_110 D_110|_{i}
    (D_110 D_101|_{i}
    (D_110 D_020|_{i}
    (D_110 D_011|_{i}
    (D_110 D_002|_{i}
    (D_101 D_200|_{i}
    (D_101 D_110|_{i}
    (D_101 D_101|_{i}
    (D_101 D_020|_{i}
    (D_101 D_011|_{i}
    (D_101 D_002|_{i}
    (D_020 D_200|_{i}
    (D_020 D_110|_{i}
    (D_020 D_101|_{i}
    (D_020 D_020|_{i}
    (D_020 D_011|_{i}
    (D_020 D_002|_{i}
    (D_011 D_200|_{i}
    (D_011 D_110|_{i}
    (D_011 D_101|_{i}
    (D_011 D_020|_{i}
    (D_011 D_011|_{i}
    (D_011 D_002|_{i}
    (D_002 D_200|_{i}
    (D_002 D_110|_{i}
    (D_002 D_101|_{i}
    (D_002 D_020|_{i}
    (D_002 D_011|_{i}
    (D_002 D_002|_{i}

Inital bra targets: 36
    (D_200 D_200|_{i}
    (D_200 D_110|_{i}
    (D_200 D_101|_{i}
    (D_200 D_020|_{i}
    (D_200 D_011|_{i}
    (D_200 D_002|_{i}
    (D_110 D_200|_{i}
    (D_110 D_110|_{i}
    (D_110 D_101|_{i}
    (D_110 D_020|_{i}
    (D_110 D_011|_{i}
    (D_110 D_002|_{i}
    (D_101 D_200|_{i}
    (D_101 D_110|_{i}
    (D_101 D_101|_{i}
    (D_101 D_020|_{i}
    (D_101 D_011|_{i}
    (D_101 D_002|_{i}
    (D_020 D_200|_{i}
    (D_020 D_110|_{i}
    (D_020 D_101|_{i}
    (D_020 D_020|_{i}
    (D_020 D_011|_{i}
    (D_020 D_002|_{i}
    (D_011 D_200|_{i}
    (D_011 D_110|_{i}
    (D_011 D_101|_{i}
    (D_011 D_020|_{i}
    (D_011 D_011|_{i}
    (D_011 D_002|_{i}
    (D_002 D_200|_{i}
    (D_002 D_110|_{i}
    (D_002 D_101|_{i}
    (D_002 D_020|_{i}
    (D_002 D_011|_{i}
    (D_002 D_002|_{i}

Generated 43 new targets
After pruning: 43 new targets
    (D_200 P_100|
    (D_200 P_010|
    (D_200 P_001|
    (D_110 P_100|
    (D_110 P_010|
    (D_110 P_001|
    (D_101 P_100|
    (D_101 P_010|
    (D_101 P_001|
    (D_020 P_100|
    (D_020 P_010|
    (D_020 P_001|
    (D_011 P_100|
    (D_011 P_010|
    (D_011 P_001|
    (D_002 P_100|
    (D_002 P_010|
    (D_002 P_001|
    (F_300 P_100|
    (F_210 P_100|
    (F_210 P_010|
    (F_201 P_100|
    (F_201 P_010|
    (F_201 P_001|
    (F_120 P_100|
    (F_120 P_010|
    (F_111 P_100|
    (F_111 P_010|
    (F_111 P_001|
    (F_102 P_100|
    (F_102 P_010|
    (F_102 P_001|
    (F_030 P_100|
    (F_030 P_010|
    (F_021 P_100|
    (F_021 P_010|
    (F_021 P_001|
    (F_012 P_100|
    (F_012 P_010|
    (F_012 P_001|
    (F_003 P_100|
    (F_003 P_010|
    (F_003 P_001|
Generated 31 new targets
After pruning: 0 new targets


--------------------------------------------------------------------------------
BRA HRR step done. Solution is 79 steps
--------------------------------------------------------------------------------
(D_200 P_100| = (F_300 S_000| + x_ab * (D_200 S_000|
(D_200 P_010| = (F_210 S_000| + y_ab * (D_200 S_000|
(D_200 P_001| = (F_201 S_000| + z_ab * (D_200 S_000|
(D_110 P_100| = (F_210 S_000| + x_ab * (D_110 S_000|
(D_110 P_010| = (F_120 S_000| + y_ab * (D_110 S_000|
(D_110 P_001| = (F_111 S_000| + z_ab * (D_110 S_000|
(D_101 P_100| = (F_201 S_000| + x_ab * (D_101 S_000|
(D_101 P_010| = (F_111 S_000| + y_ab * (D_101 S_000|
(D_101 P_001| = (F_102 S_000| + z_ab * (D_101 S_000|
(D_020 P_100| = (F_120 S_000| + x_ab * (D_020 S_000|
(D_020 P_010| = (F_030 S_000| + y_ab * (D_020 S_000|
(D_020 P_001| = (F_021 S_000| + z_ab * (D_020 S_000|
(D_011 P_100| = (F_111 S_000| + x_ab * (D_011 S_000|
(D_011 P_010| = (F_021 S_000| + y_ab * (D_011 S_000|
(D_011 P_001| = (F_012 S_000| + z_ab * (D_011 S_000|
(D_002 P_100| = (F_102 S_000| + x_ab * (D_002 S_000|
(D_002 P_010| = (F_012 S_000| + y_ab * (D_002 S_000|
(D_002 P_001| = (F_003 S_000| + z_ab * (D_002 S_000|
(F_300 P_100| = (G_400 S_000| + x_ab * (F_300 S_000|
(F_210 P_100| = (G_310 S_000| + x_ab * (F_210 S_000|
(F_210 P_010| = (G_220 S_000| + y_ab * (F_210 S_000|
(F_201 P_100| = (G_301 S_000| + x_ab * (F_201 S_000|
(F_201 P_010| = (G_211 S_000| + y_ab * (F_201 S_000|
(F_201 P_001| = (G_202 S_000| + z_ab * (F_201 S_000|
(F_120 P_100| = (G_220 S_000| + x_ab * (F_120 S_000|
(F_120 P_010| = (G_130 S_000| + y_ab * (F_120 S_000|
(F_111 P_100| = (G_211 S_000| + x_ab * (F_111 S_000|
(F_111 P_010| = (G_121 S_000| + y_ab * (F_111 S_000|
(F_111 P_001| = (G_112 S_000| + z_ab * (F_111 S_000|
(F_102 P_100| = (G_202 S_000| + x_ab * (F_102 S_000|
(F_102 P_010| = (G_112 S_000| + y_ab * (F_102 S_000|
(F_102 P_001| = (G_103 S_000| + z_ab * (F_102 S_000|
(F_030 P_100| = (G_130 S_000| + x_ab * (F_030 S_000|
(F_030 P_010| = (G_040 S_000| + y_ab * (F_030 S_000|
(F_021 P_100| = (G_121 S_000| + x_ab * (F_021 S_000|
(F_021 P_010| = (G_031 S_000| + y_ab * (F_021 S_000|
(F_021 P_001| = (G_022 S_000| + z_ab * (F_021 S_000|
(F_012 P_100| = (G_112 S_000| + x_ab * (F_012 S_000|
(F_012 P_010| = (G_022 S_000| + y_ab * (F_012 S_000|
(F_012 P_001| = (G_013 S_000| + z_ab * (F_012 S_000|
(F_003 P_100| = (G_103 S_000| + x_ab * (F_003 S_000|
(F_003 P_010| = (G_013 S_000| + y_ab * (F_003 S_000|
(F_003 P_001| = (G_004 S_000| + z_ab * (F_003 S_000|
(D_200 D_200|_{i} = (F_300 P_100| + x_ab * (D_200 P_100|
(D_200 D_110|_{i} = (F_210 P_100| + y_ab * (D_200 P_100|
(D_200 D_101|_{i} = (F_201 P_100| + z_ab * (D_200 P_100|
(D_200 D_020|_{i} = (F_210 P_010| + y_ab * (D_200 P_010|
(D_200 D_011|_{i} = (F_201 P_010| + z_ab * (D_200 P_010|
(D_200 D_002|_{i} = (F_201 P_001| + z_ab * (D_200 P_001|
(D_110 D_200|_{i} = (F_210 P_100| + x_ab * (D_110 P_100|
(D_110 D_110|_{i} = (F_120 P_100| + y_ab * (D_110 P_100|
(D_110 D_101|_{i} = (F_111 P_100| + z_ab * (D_110 P_100|
(D_110 D_020|_{i} = (F_120 P_010| + y_ab * (D_110 P_010|
(D_110 D_011|_{i} = (F_111 P_010| + z_ab * (D_110 P_010|
(D_110 D_002|_{i} = (F_111 P_001| + z_ab * (D_110 P_001|
(D_101 D_200|_{i} = (F_201 P_100| + x_ab * (D_101 P_100|
(D_101 D_110|_{i} = (F_111 P_100| + y_ab * (D_101 P_100|
(D_101 D_101|_{i} = (F_102 P_100| + z_ab * (D_101 P_100|
(D_101 D_020|_{i} = (F_111 P_010| + y_ab * (D_101 P_010|
(D_101 D_011|_{i} = (F_102 P_010| + z_ab * (D_101 P_010|
(D_101 D_002|_{i} = (F_102 P_001| + z_ab * (D_101 P_001|
(D_020 D_200|_{i} = (F_120 P_100| + x_ab * (D_020 P_100|
(D_020 D_110|_{i} = (F_030 P_100| + y_ab * (D_020 P_100|
(D_020 D_101|_{i} = (F_021 P_100| + z_ab * (D_020 P_100|
(D_020 D_020|_{i} = (F_030 P_010| + y_ab * (D_020 P_010|
(D_020 D_011|_{i} = (F_021 P_010| + z_ab * (D_020 P_010|
(D_020 D_002|_{i} = (F_021 P_001| + z_ab * (D_020 P_001|
(D_011 D_200|_{i} = (F_111 P_100| + x_ab * (D_011 P_100|
(D_011 D_110|_{i} = (F_021 P_100| + y_ab * (D_011 P_100|
(D_011 D_101|_{i} = (F_012 P_100| + z_ab * (D_011 P_100|
(D_011 D_020|_{i} = (F_021 P_010| + y_ab * (D_011 P_010|
(D_011 D_011|_{i} = (F_012 P_010| + z_ab * (D_011 P_010|
(D_011 D_002|_{i} = (F_012 P_001| + z_ab * (D_011 P_001|
(D_002 D_200|_{i} = (F_102 P_100| + x_ab * (D_002 P_100|
(D_002 D_110|_{i} = (F_012 P_100| + y_ab * (D_002 P_100|
(D_002 D_101|_{i} = (F_003 P_100| + z_ab * (D_002 P_100|
(D_002 D_020|_{i} = (F_012 P_010| + y_ab * (D_002 P_010|
(D_002 D_011|_{i} = (F_003 P_010| + z_ab * (D_002 P_010|
(D_002 D_002|_{i} = (F_003 P_001| + z_ab * (D_002 P_001|


Initial ket targets: 0



--------------------------------------------------------------------------------
KET HRR step done. Solution is 0 steps
--------------------------------------------------------------------------------


Initial ET Targets: 0

AMORDER: 0

MAP: 0



--------------------------------------------------------------------------------
ET step done. Solution is 0 steps
--------------------------------------------------------------------------------


HRR Top Bras: 3
 AM: 2 : Require: 6 / 6
 AM: 3 : Require: 10 / 10
 AM: 4 : Require: 15 / 15
HRR Top Kets: 1
 AM: 0 : Require:  1 / 1

ET Requirements: 0

VRR Requirements: 5
AM = 0 : Require: 1 / 1
AM = 1 : Require: 3 / 3
AM = 2 : Require: 6 / 6
AM = 3 : Require: 10 / 10
AM = 4 : Require: 15 / 15

