Initial Targets: 3
    (P_100 S_000|_{i}
    (P_010 S_000|_{i}
    (P_001 S_000|_{i}

Inital bra targets: 0



--------------------------------------------------------------------------------
BRA HRR step done. Solution is 0 steps
--------------------------------------------------------------------------------


Initial ket targets: 0



--------------------------------------------------------------------------------
KET HRR step done. Solution is 0 steps
--------------------------------------------------------------------------------


Initial ET Targets: 9
    ( P_100 S_000 | P_100 S_000 )^0_{t}
    ( P_100 S_000 | P_010 S_000 )^0_{t}
    ( P_100 S_000 | P_001 S_000 )^0_{t}
    ( P_010 S_000 | P_100 S_000 )^0_{t}
    ( P_010 S_000 | P_010 S_000 )^0_{t}
    ( P_010 S_000 | P_001 S_000 )^0_{t}
    ( P_001 S_000 | P_100 S_000 )^0_{t}
    ( P_001 S_000 | P_010 S_000 )^0_{t}
    ( P_001 S_000 | P_001 S_000 )^0_{t}

Generated 25 new targets
After pruning: 0 new targets
AMORDER: 1
   1 , 0 , 1 , 0

MAP: 1
   1 , 0 , 1 , 0 Steps: 9



--------------------------------------------------------------------------------
ET step done. Solution is 9 steps
--------------------------------------------------------------------------------
( P_100 S_000 | P_100 S_000 )^0_{t} = x * ( P_100 S_000 | S_000 S_000 )^0 + ( S_000 S_000 | S_000 S_000 )^0 - ( D_200 S_000 | S_000 S_000 )^0
( P_100 S_000 | P_010 S_000 )^0_{t} = y * ( P_100 S_000 | S_000 S_000 )^0 - ( D_110 S_000 | S_000 S_000 )^0
( P_100 S_000 | P_001 S_000 )^0_{t} = z * ( P_100 S_000 | S_000 S_000 )^0 - ( D_101 S_000 | S_000 S_000 )^0
( P_010 S_000 | P_100 S_000 )^0_{t} = x * ( P_010 S_000 | S_000 S_000 )^0 - ( D_110 S_000 | S_000 S_000 )^0
( P_010 S_000 | P_010 S_000 )^0_{t} = y * ( P_010 S_000 | S_000 S_000 )^0 + ( S_000 S_000 | S_000 S_000 )^0 - ( D_020 S_000 | S_000 S_000 )^0
( P_010 S_000 | P_001 S_000 )^0_{t} = z * ( P_010 S_000 | S_000 S_000 )^0 - ( D_011 S_000 | S_000 S_000 )^0
( P_001 S_000 | P_100 S_000 )^0_{t} = x * ( P_001 S_000 | S_000 S_000 )^0 - ( D_101 S_000 | S_000 S_000 )^0
( P_001 S_000 | P_010 S_000 )^0_{t} = y * ( P_001 S_000 | S_000 S_000 )^0 - ( D_011 S_000 | S_000 S_000 )^0
( P_001 S_000 | P_001 S_000 )^0_{t} = z * ( P_001 S_000 | S_000 S_000 )^0 + ( S_000 S_000 | S_000 S_000 )^0 - ( D_002 S_000 | S_000 S_000 )^0


HRR Top Bras: 1
 AM: 1 : Require: 3 / 3
HRR Top Kets: 1
 AM: 1 : Require:  3 / 3

ET Requirements: 3
AM = 0 : Require: 1 / 1
    S_000
AM = 1 : Require: 3 / 3
    P_100
    P_010
    P_001
AM = 2 : Require: 6 / 6
    D_200
    D_110
    D_101
    D_020
    D_011
    D_002

VRR Requirements: 3
AM = 0 : Require: 1 / 1
AM = 1 : Require: 3 / 3
AM = 2 : Require: 6 / 6

MEMORY (unaligned, per shell quartet):
Contracted elements: 0    Bytes: 0


