Initial Targets: 3
    (P_100 S_000|_{i}
    (P_010 S_000|_{i}
    (P_001 S_000|_{i}

Inital bra targets: 0



--------------------------------------------------------------------------------
BRA HRR step done. Solution is 0 steps
--------------------------------------------------------------------------------


Initial ket targets: 0



--------------------------------------------------------------------------------
KET HRR step done. Solution is 0 steps
--------------------------------------------------------------------------------


Initial ET Targets: 0

AMORDER: 0

MAP: 0



--------------------------------------------------------------------------------
ET step done. Solution is 0 steps
--------------------------------------------------------------------------------


HRR Top Bras: 1
 AM: 1 : Require: 3 / 3
HRR Top Kets: 1
 AM: 0 : Require:  1 / 1

ET Requirements: 0

VRR Requirements: 2
AM = 0 : Require: 1 / 1
AM = 1 : Require: 3 / 3

