Initial Targets: 18
    (D_200 P_100|_{i}
    (D_200 P_010|_{i}
    (D_200 P_001|_{i}
    (D_110 P_100|_{i}
    (D_110 P_010|_{i}
    (D_110 P_001|_{i}
    (D_101 P_100|_{i}
    (D_101 P_010|_{i}
    (D_101 P_001|_{i}
    (D_020 P_100|_{i}
    (D_020 P_010|_{i}
    (D_020 P_001|_{i}
    (D_011 P_100|_{i}
    (D_011 P_010|_{i}
    (D_011 P_001|_{i}
    (D_002 P_100|_{i}
    (D_002 P_010|_{i}
    (D_002 P_001|_{i}

Inital bra targets: 18
    (D_200 P_100|_{i}
    (D_200 P_010|_{i}
    (D_200 P_001|_{i}
    (D_110 P_100|_{i}
    (D_110 P_010|_{i}
    (D_110 P_001|_{i}
    (D_101 P_100|_{i}
    (D_101 P_010|_{i}
    (D_101 P_001|_{i}
    (D_020 P_100|_{i}
    (D_020 P_010|_{i}
    (D_020 P_001|_{i}
    (D_011 P_100|_{i}
    (D_011 P_010|_{i}
    (D_011 P_001|_{i}
    (D_002 P_100|_{i}
    (D_002 P_010|_{i}
    (D_002 P_001|_{i}

Generated 16 new targets
After pruning: 0 new targets


--------------------------------------------------------------------------------
BRA HRR step done. Solution is 18 steps
--------------------------------------------------------------------------------
(D_200 P_100|_{i} = (F_300 S_000| + x_ab * (D_200 S_000|
(D_200 P_010|_{i} = (F_210 S_000| + y_ab * (D_200 S_000|
(D_200 P_001|_{i} = (F_201 S_000| + z_ab * (D_200 S_000|
(D_110 P_100|_{i} = (F_210 S_000| + x_ab * (D_110 S_000|
(D_110 P_010|_{i} = (F_120 S_000| + y_ab * (D_110 S_000|
(D_110 P_001|_{i} = (F_111 S_000| + z_ab * (D_110 S_000|
(D_101 P_100|_{i} = (F_201 S_000| + x_ab * (D_101 S_000|
(D_101 P_010|_{i} = (F_111 S_000| + y_ab * (D_101 S_000|
(D_101 P_001|_{i} = (F_102 S_000| + z_ab * (D_101 S_000|
(D_020 P_100|_{i} = (F_120 S_000| + x_ab * (D_020 S_000|
(D_020 P_010|_{i} = (F_030 S_000| + y_ab * (D_020 S_000|
(D_020 P_001|_{i} = (F_021 S_000| + z_ab * (D_020 S_000|
(D_011 P_100|_{i} = (F_111 S_000| + x_ab * (D_011 S_000|
(D_011 P_010|_{i} = (F_021 S_000| + y_ab * (D_011 S_000|
(D_011 P_001|_{i} = (F_012 S_000| + z_ab * (D_011 S_000|
(D_002 P_100|_{i} = (F_102 S_000| + x_ab * (D_002 S_000|
(D_002 P_010|_{i} = (F_012 S_000| + y_ab * (D_002 S_000|
(D_002 P_001|_{i} = (F_003 S_000| + z_ab * (D_002 S_000|


Initial ket targets: 0



--------------------------------------------------------------------------------
KET HRR step done. Solution is 0 steps
--------------------------------------------------------------------------------


Initial ET Targets: 0

AMORDER: 0

MAP: 0



--------------------------------------------------------------------------------
ET step done. Solution is 0 steps
--------------------------------------------------------------------------------


HRR Top Bras: 2
 AM: 2 : Require: 6 / 6
 AM: 3 : Require: 10 / 10
HRR Top Kets: 1
 AM: 0 : Require:  1 / 1

ET Requirements: 0

VRR Requirements: 4
AM = 0 : Require: 1 / 1
AM = 1 : Require: 3 / 3
AM = 2 : Require: 6 / 6
AM = 3 : Require: 10 / 10

MEMORY (unaligned, per shell quartet):
Contracted elements: 16    Bytes: 128


