Initial Targets: 6
    (D_200 S_000|_{i}
    (D_110 S_000|_{i}
    (D_101 S_000|_{i}
    (D_020 S_000|_{i}
    (D_011 S_000|_{i}
    (D_002 S_000|_{i}

Inital bra targets: 0



--------------------------------------------------------------------------------
BRA HRR step done. Solution is 0 steps
--------------------------------------------------------------------------------


Initial ket targets: 0



--------------------------------------------------------------------------------
KET HRR step done. Solution is 0 steps
--------------------------------------------------------------------------------


Initial ET Targets: 18
    ( D_200 S_000 | P_100 S_000 )^0_{t}
    ( D_200 S_000 | P_010 S_000 )^0_{t}
    ( D_200 S_000 | P_001 S_000 )^0_{t}
    ( D_110 S_000 | P_100 S_000 )^0_{t}
    ( D_110 S_000 | P_010 S_000 )^0_{t}
    ( D_110 S_000 | P_001 S_000 )^0_{t}
    ( D_101 S_000 | P_100 S_000 )^0_{t}
    ( D_101 S_000 | P_010 S_000 )^0_{t}
    ( D_101 S_000 | P_001 S_000 )^0_{t}
    ( D_020 S_000 | P_100 S_000 )^0_{t}
    ( D_020 S_000 | P_010 S_000 )^0_{t}
    ( D_020 S_000 | P_001 S_000 )^0_{t}
    ( D_011 S_000 | P_100 S_000 )^0_{t}
    ( D_011 S_000 | P_010 S_000 )^0_{t}
    ( D_011 S_000 | P_001 S_000 )^0_{t}
    ( D_002 S_000 | P_100 S_000 )^0_{t}
    ( D_002 S_000 | P_010 S_000 )^0_{t}
    ( D_002 S_000 | P_001 S_000 )^0_{t}

Generated 46 new targets
After pruning: 0 new targets
AMORDER: 1
   2 , 0 , 1 , 0

MAP: 1
   2 , 0 , 1 , 0 Steps: 18



--------------------------------------------------------------------------------
ET step done. Solution is 18 steps
--------------------------------------------------------------------------------
( D_200 S_000 | P_100 S_000 )^0_{t} = x * ( D_200 S_000 | S_000 S_000 )^0 + ( P_100 S_000 | S_000 S_000 )^0 - ( F_300 S_000 | S_000 S_000 )^0
( D_200 S_000 | P_010 S_000 )^0_{t} = y * ( D_200 S_000 | S_000 S_000 )^0 - ( F_210 S_000 | S_000 S_000 )^0
( D_200 S_000 | P_001 S_000 )^0_{t} = z * ( D_200 S_000 | S_000 S_000 )^0 - ( F_201 S_000 | S_000 S_000 )^0
( D_110 S_000 | P_100 S_000 )^0_{t} = x * ( D_110 S_000 | S_000 S_000 )^0 + ( P_010 S_000 | S_000 S_000 )^0 - ( F_210 S_000 | S_000 S_000 )^0
( D_110 S_000 | P_010 S_000 )^0_{t} = y * ( D_110 S_000 | S_000 S_000 )^0 + ( P_100 S_000 | S_000 S_000 )^0 - ( F_120 S_000 | S_000 S_000 )^0
( D_110 S_000 | P_001 S_000 )^0_{t} = z * ( D_110 S_000 | S_000 S_000 )^0 - ( F_111 S_000 | S_000 S_000 )^0
( D_101 S_000 | P_100 S_000 )^0_{t} = x * ( D_101 S_000 | S_000 S_000 )^0 + ( P_001 S_000 | S_000 S_000 )^0 - ( F_201 S_000 | S_000 S_000 )^0
( D_101 S_000 | P_010 S_000 )^0_{t} = y * ( D_101 S_000 | S_000 S_000 )^0 - ( F_111 S_000 | S_000 S_000 )^0
( D_101 S_000 | P_001 S_000 )^0_{t} = z * ( D_101 S_000 | S_000 S_000 )^0 + ( P_100 S_000 | S_000 S_000 )^0 - ( F_102 S_000 | S_000 S_000 )^0
( D_020 S_000 | P_100 S_000 )^0_{t} = x * ( D_020 S_000 | S_000 S_000 )^0 - ( F_120 S_000 | S_000 S_000 )^0
( D_020 S_000 | P_010 S_000 )^0_{t} = y * ( D_020 S_000 | S_000 S_000 )^0 + ( P_010 S_000 | S_000 S_000 )^0 - ( F_030 S_000 | S_000 S_000 )^0
( D_020 S_000 | P_001 S_000 )^0_{t} = z * ( D_020 S_000 | S_000 S_000 )^0 - ( F_021 S_000 | S_000 S_000 )^0
( D_011 S_000 | P_100 S_000 )^0_{t} = x * ( D_011 S_000 | S_000 S_000 )^0 - ( F_111 S_000 | S_000 S_000 )^0
( D_011 S_000 | P_010 S_000 )^0_{t} = y * ( D_011 S_000 | S_000 S_000 )^0 + ( P_001 S_000 | S_000 S_000 )^0 - ( F_021 S_000 | S_000 S_000 )^0
( D_011 S_000 | P_001 S_000 )^0_{t} = z * ( D_011 S_000 | S_000 S_000 )^0 + ( P_010 S_000 | S_000 S_000 )^0 - ( F_012 S_000 | S_000 S_000 )^0
( D_002 S_000 | P_100 S_000 )^0_{t} = x * ( D_002 S_000 | S_000 S_000 )^0 - ( F_102 S_000 | S_000 S_000 )^0
( D_002 S_000 | P_010 S_000 )^0_{t} = y * ( D_002 S_000 | S_000 S_000 )^0 - ( F_012 S_000 | S_000 S_000 )^0
( D_002 S_000 | P_001 S_000 )^0_{t} = z * ( D_002 S_000 | S_000 S_000 )^0 + ( P_001 S_000 | S_000 S_000 )^0 - ( F_003 S_000 | S_000 S_000 )^0


HRR Top Bras: 1
 AM: 2 : Require: 6 / 6
HRR Top Kets: 1
 AM: 1 : Require:  3 / 3

ET Requirements: 3
AM = 1 : Require: 3 / 3
    P_100
    P_010
    P_001
AM = 2 : Require: 6 / 6
    D_200
    D_110
    D_101
    D_020
    D_011
    D_002
AM = 3 : Require: 10 / 10
    F_300
    F_210
    F_201
    F_120
    F_111
    F_102
    F_030
    F_021
    F_012
    F_003

VRR Requirements: 4
AM = 0 : Require: 1 / 1
AM = 1 : Require: 3 / 3
AM = 2 : Require: 6 / 6
AM = 3 : Require: 10 / 10

MEMORY (unaligned, per shell quartet):
Contracted elements: 0    Bytes: 0


