Initial Targets: 9
    (P_100 P_100|_{i}
    (P_100 P_010|_{i}
    (P_100 P_001|_{i}
    (P_010 P_100|_{i}
    (P_010 P_010|_{i}
    (P_010 P_001|_{i}
    (P_001 P_100|_{i}
    (P_001 P_010|_{i}
    (P_001 P_001|_{i}

Inital bra targets: 9
    (P_100 P_100|_{i}
    (P_100 P_010|_{i}
    (P_100 P_001|_{i}
    (P_010 P_100|_{i}
    (P_010 P_010|_{i}
    (P_010 P_001|_{i}
    (P_001 P_100|_{i}
    (P_001 P_010|_{i}
    (P_001 P_001|_{i}

Generated 9 new targets
After pruning: 0 new targets


--------------------------------------------------------------------------------
BRA HRR step done. Solution is 9 steps
--------------------------------------------------------------------------------
(P_100 P_100|_{i} = (D_200 S_000| + x_ab * (P_100 S_000|
(P_100 P_010|_{i} = (D_110 S_000| + y_ab * (P_100 S_000|
(P_100 P_001|_{i} = (D_101 S_000| + z_ab * (P_100 S_000|
(P_010 P_100|_{i} = (D_110 S_000| + x_ab * (P_010 S_000|
(P_010 P_010|_{i} = (D_020 S_000| + y_ab * (P_010 S_000|
(P_010 P_001|_{i} = (D_011 S_000| + z_ab * (P_010 S_000|
(P_001 P_100|_{i} = (D_101 S_000| + x_ab * (P_001 S_000|
(P_001 P_010|_{i} = (D_011 S_000| + y_ab * (P_001 S_000|
(P_001 P_001|_{i} = (D_002 S_000| + z_ab * (P_001 S_000|


Initial ket targets: 0



--------------------------------------------------------------------------------
KET HRR step done. Solution is 0 steps
--------------------------------------------------------------------------------


Initial ET Targets: 0

AMORDER: 0

MAP: 0



--------------------------------------------------------------------------------
ET step done. Solution is 0 steps
--------------------------------------------------------------------------------


HRR Top Bras: 2
 AM: 1 : Require: 3 / 3
 AM: 2 : Require: 6 / 6
HRR Top Kets: 1
 AM: 0 : Require:  1 / 1

ET Requirements: 0

VRR Requirements: 3
AM = 0 : Require: 1 / 1
AM = 1 : Require: 3 / 3
AM = 2 : Require: 6 / 6

