Initial Targets: 6
    (D_200 S_000|_{i}
    (D_110 S_000|_{i}
    (D_101 S_000|_{i}
    (D_020 S_000|_{i}
    (D_011 S_000|_{i}
    (D_002 S_000|_{i}

Inital bra targets: 0



--------------------------------------------------------------------------------
BRA HRR step done. Solution is 0 steps
--------------------------------------------------------------------------------


Initial ket targets: 9
    |P_100 P_100)_{i}
    |P_100 P_010)_{i}
    |P_100 P_001)_{i}
    |P_010 P_100)_{i}
    |P_010 P_010)_{i}
    |P_010 P_001)_{i}
    |P_001 P_100)_{i}
    |P_001 P_010)_{i}
    |P_001 P_001)_{i}

Generated 9 new targets
After pruning: 0 new targets


--------------------------------------------------------------------------------
KET HRR step done. Solution is 9 steps
--------------------------------------------------------------------------------
|P_100 P_100)_{i} = |D_200 S_000) + x_cd * |P_100 S_000)
|P_100 P_010)_{i} = |D_110 S_000) + y_cd * |P_100 S_000)
|P_100 P_001)_{i} = |D_101 S_000) + z_cd * |P_100 S_000)
|P_010 P_100)_{i} = |D_110 S_000) + x_cd * |P_010 S_000)
|P_010 P_010)_{i} = |D_020 S_000) + y_cd * |P_010 S_000)
|P_010 P_001)_{i} = |D_011 S_000) + z_cd * |P_010 S_000)
|P_001 P_100)_{i} = |D_101 S_000) + x_cd * |P_001 S_000)
|P_001 P_010)_{i} = |D_011 S_000) + y_cd * |P_001 S_000)
|P_001 P_001)_{i} = |D_002 S_000) + z_cd * |P_001 S_000)


Initial ET Targets: 54
    ( D_200 S_000 | P_100 S_000 )^0_{t}
    ( D_200 S_000 | P_010 S_000 )^0_{t}
    ( D_200 S_000 | P_001 S_000 )^0_{t}
    ( D_110 S_000 | P_100 S_000 )^0_{t}
    ( D_110 S_000 | P_010 S_000 )^0_{t}
    ( D_110 S_000 | P_001 S_000 )^0_{t}
    ( D_101 S_000 | P_100 S_000 )^0_{t}
    ( D_101 S_000 | P_010 S_000 )^0_{t}
    ( D_101 S_000 | P_001 S_000 )^0_{t}
    ( D_020 S_000 | P_100 S_000 )^0_{t}
    ( D_020 S_000 | P_010 S_000 )^0_{t}
    ( D_020 S_000 | P_001 S_000 )^0_{t}
    ( D_011 S_000 | P_100 S_000 )^0_{t}
    ( D_011 S_000 | P_010 S_000 )^0_{t}
    ( D_011 S_000 | P_001 S_000 )^0_{t}
    ( D_002 S_000 | P_100 S_000 )^0_{t}
    ( D_002 S_000 | P_010 S_000 )^0_{t}
    ( D_002 S_000 | P_001 S_000 )^0_{t}
    ( D_200 S_000 | D_200 S_000 )^0_{t}
    ( D_200 S_000 | D_110 S_000 )^0_{t}
    ( D_200 S_000 | D_101 S_000 )^0_{t}
    ( D_200 S_000 | D_020 S_000 )^0_{t}
    ( D_200 S_000 | D_011 S_000 )^0_{t}
    ( D_200 S_000 | D_002 S_000 )^0_{t}
    ( D_110 S_000 | D_200 S_000 )^0_{t}
    ( D_110 S_000 | D_110 S_000 )^0_{t}
    ( D_110 S_000 | D_101 S_000 )^0_{t}
    ( D_110 S_000 | D_020 S_000 )^0_{t}
    ( D_110 S_000 | D_011 S_000 )^0_{t}
    ( D_110 S_000 | D_002 S_000 )^0_{t}
    ( D_101 S_000 | D_200 S_000 )^0_{t}
    ( D_101 S_000 | D_110 S_000 )^0_{t}
    ( D_101 S_000 | D_101 S_000 )^0_{t}
    ( D_101 S_000 | D_020 S_000 )^0_{t}
    ( D_101 S_000 | D_011 S_000 )^0_{t}
    ( D_101 S_000 | D_002 S_000 )^0_{t}
    ( D_020 S_000 | D_200 S_000 )^0_{t}
    ( D_020 S_000 | D_110 S_000 )^0_{t}
    ( D_020 S_000 | D_101 S_000 )^0_{t}
    ( D_020 S_000 | D_020 S_000 )^0_{t}
    ( D_020 S_000 | D_011 S_000 )^0_{t}
    ( D_020 S_000 | D_002 S_000 )^0_{t}
    ( D_011 S_000 | D_200 S_000 )^0_{t}
    ( D_011 S_000 | D_110 S_000 )^0_{t}
    ( D_011 S_000 | D_101 S_000 )^0_{t}
    ( D_011 S_000 | D_020 S_000 )^0_{t}
    ( D_011 S_000 | D_011 S_000 )^0_{t}
    ( D_011 S_000 | D_002 S_000 )^0_{t}
    ( D_002 S_000 | D_200 S_000 )^0_{t}
    ( D_002 S_000 | D_110 S_000 )^0_{t}
    ( D_002 S_000 | D_101 S_000 )^0_{t}
    ( D_002 S_000 | D_020 S_000 )^0_{t}
    ( D_002 S_000 | D_011 S_000 )^0_{t}
    ( D_002 S_000 | D_002 S_000 )^0_{t}

Generated 116 new targets
After pruning: 34 new targets
    ( P_100 S_000 | P_100 S_000 )^0
    ( P_100 S_000 | P_010 S_000 )^0
    ( P_100 S_000 | P_001 S_000 )^0
    ( P_010 S_000 | P_100 S_000 )^0
    ( P_010 S_000 | P_010 S_000 )^0
    ( P_010 S_000 | P_001 S_000 )^0
    ( P_001 S_000 | P_100 S_000 )^0
    ( P_001 S_000 | P_010 S_000 )^0
    ( P_001 S_000 | P_001 S_000 )^0
    ( F_300 S_000 | P_100 S_000 )^0
    ( F_210 S_000 | P_100 S_000 )^0
    ( F_210 S_000 | P_010 S_000 )^0
    ( F_201 S_000 | P_100 S_000 )^0
    ( F_201 S_000 | P_010 S_000 )^0
    ( F_201 S_000 | P_001 S_000 )^0
    ( F_120 S_000 | P_100 S_000 )^0
    ( F_120 S_000 | P_010 S_000 )^0
    ( F_111 S_000 | P_100 S_000 )^0
    ( F_111 S_000 | P_010 S_000 )^0
    ( F_111 S_000 | P_001 S_000 )^0
    ( F_102 S_000 | P_100 S_000 )^0
    ( F_102 S_000 | P_010 S_000 )^0
    ( F_102 S_000 | P_001 S_000 )^0
    ( F_030 S_000 | P_100 S_000 )^0
    ( F_030 S_000 | P_010 S_000 )^0
    ( F_021 S_000 | P_100 S_000 )^0
    ( F_021 S_000 | P_010 S_000 )^0
    ( F_021 S_000 | P_001 S_000 )^0
    ( F_012 S_000 | P_100 S_000 )^0
    ( F_012 S_000 | P_010 S_000 )^0
    ( F_012 S_000 | P_001 S_000 )^0
    ( F_003 S_000 | P_100 S_000 )^0
    ( F_003 S_000 | P_010 S_000 )^0
    ( F_003 S_000 | P_001 S_000 )^0
Generated 82 new targets
After pruning: 0 new targets
AMORDER: 4
   2 , 0 , 1 , 0
   3 , 0 , 1 , 0
   1 , 0 , 1 , 0
   2 , 0 , 2 , 0

MAP: 4
   1 , 0 , 1 , 0 Steps: 9
   2 , 0 , 1 , 0 Steps: 18
   2 , 0 , 2 , 0 Steps: 36
   3 , 0 , 1 , 0 Steps: 25



--------------------------------------------------------------------------------
ET step done. Solution is 88 steps
--------------------------------------------------------------------------------
( D_200 S_000 | P_100 S_000 )^0_{t} = x * ( D_200 S_000 | S_000 S_000 )^0 + ( P_100 S_000 | S_000 S_000 )^0 - ( F_300 S_000 | S_000 S_000 )^0
( D_200 S_000 | P_010 S_000 )^0_{t} = y * ( D_200 S_000 | S_000 S_000 )^0 - ( F_210 S_000 | S_000 S_000 )^0
( D_200 S_000 | P_001 S_000 )^0_{t} = z * ( D_200 S_000 | S_000 S_000 )^0 - ( F_201 S_000 | S_000 S_000 )^0
( D_110 S_000 | P_100 S_000 )^0_{t} = x * ( D_110 S_000 | S_000 S_000 )^0 + ( P_010 S_000 | S_000 S_000 )^0 - ( F_210 S_000 | S_000 S_000 )^0
( D_110 S_000 | P_010 S_000 )^0_{t} = y * ( D_110 S_000 | S_000 S_000 )^0 + ( P_100 S_000 | S_000 S_000 )^0 - ( F_120 S_000 | S_000 S_000 )^0
( D_110 S_000 | P_001 S_000 )^0_{t} = z * ( D_110 S_000 | S_000 S_000 )^0 - ( F_111 S_000 | S_000 S_000 )^0
( D_101 S_000 | P_100 S_000 )^0_{t} = x * ( D_101 S_000 | S_000 S_000 )^0 + ( P_001 S_000 | S_000 S_000 )^0 - ( F_201 S_000 | S_000 S_000 )^0
( D_101 S_000 | P_010 S_000 )^0_{t} = y * ( D_101 S_000 | S_000 S_000 )^0 - ( F_111 S_000 | S_000 S_000 )^0
( D_101 S_000 | P_001 S_000 )^0_{t} = z * ( D_101 S_000 | S_000 S_000 )^0 + ( P_100 S_000 | S_000 S_000 )^0 - ( F_102 S_000 | S_000 S_000 )^0
( D_020 S_000 | P_100 S_000 )^0_{t} = x * ( D_020 S_000 | S_000 S_000 )^0 - ( F_120 S_000 | S_000 S_000 )^0
( D_020 S_000 | P_010 S_000 )^0_{t} = y * ( D_020 S_000 | S_000 S_000 )^0 + ( P_010 S_000 | S_000 S_000 )^0 - ( F_030 S_000 | S_000 S_000 )^0
( D_020 S_000 | P_001 S_000 )^0_{t} = z * ( D_020 S_000 | S_000 S_000 )^0 - ( F_021 S_000 | S_000 S_000 )^0
( D_011 S_000 | P_100 S_000 )^0_{t} = x * ( D_011 S_000 | S_000 S_000 )^0 - ( F_111 S_000 | S_000 S_000 )^0
( D_011 S_000 | P_010 S_000 )^0_{t} = y * ( D_011 S_000 | S_000 S_000 )^0 + ( P_001 S_000 | S_000 S_000 )^0 - ( F_021 S_000 | S_000 S_000 )^0
( D_011 S_000 | P_001 S_000 )^0_{t} = z * ( D_011 S_000 | S_000 S_000 )^0 + ( P_010 S_000 | S_000 S_000 )^0 - ( F_012 S_000 | S_000 S_000 )^0
( D_002 S_000 | P_100 S_000 )^0_{t} = x * ( D_002 S_000 | S_000 S_000 )^0 - ( F_102 S_000 | S_000 S_000 )^0
( D_002 S_000 | P_010 S_000 )^0_{t} = y * ( D_002 S_000 | S_000 S_000 )^0 - ( F_012 S_000 | S_000 S_000 )^0
( D_002 S_000 | P_001 S_000 )^0_{t} = z * ( D_002 S_000 | S_000 S_000 )^0 + ( P_001 S_000 | S_000 S_000 )^0 - ( F_003 S_000 | S_000 S_000 )^0
( F_300 S_000 | P_100 S_000 )^0 = x * ( F_300 S_000 | S_000 S_000 )^0 + ( D_200 S_000 | S_000 S_000 )^0 - ( G_400 S_000 | S_000 S_000 )^0
( F_210 S_000 | P_100 S_000 )^0 = x * ( F_210 S_000 | S_000 S_000 )^0 + ( D_110 S_000 | S_000 S_000 )^0 - ( G_310 S_000 | S_000 S_000 )^0
( F_210 S_000 | P_010 S_000 )^0 = y * ( F_210 S_000 | S_000 S_000 )^0 + ( D_200 S_000 | S_000 S_000 )^0 - ( G_220 S_000 | S_000 S_000 )^0
( F_201 S_000 | P_100 S_000 )^0 = x * ( F_201 S_000 | S_000 S_000 )^0 + ( D_101 S_000 | S_000 S_000 )^0 - ( G_301 S_000 | S_000 S_000 )^0
( F_201 S_000 | P_010 S_000 )^0 = y * ( F_201 S_000 | S_000 S_000 )^0 - ( G_211 S_000 | S_000 S_000 )^0
( F_201 S_000 | P_001 S_000 )^0 = z * ( F_201 S_000 | S_000 S_000 )^0 + ( D_200 S_000 | S_000 S_000 )^0 - ( G_202 S_000 | S_000 S_000 )^0
( F_120 S_000 | P_100 S_000 )^0 = x * ( F_120 S_000 | S_000 S_000 )^0 + ( D_020 S_000 | S_000 S_000 )^0 - ( G_220 S_000 | S_000 S_000 )^0
( F_120 S_000 | P_010 S_000 )^0 = y * ( F_120 S_000 | S_000 S_000 )^0 + ( D_110 S_000 | S_000 S_000 )^0 - ( G_130 S_000 | S_000 S_000 )^0
( F_111 S_000 | P_100 S_000 )^0 = x * ( F_111 S_000 | S_000 S_000 )^0 + ( D_011 S_000 | S_000 S_000 )^0 - ( G_211 S_000 | S_000 S_000 )^0
( F_111 S_000 | P_010 S_000 )^0 = y * ( F_111 S_000 | S_000 S_000 )^0 + ( D_101 S_000 | S_000 S_000 )^0 - ( G_121 S_000 | S_000 S_000 )^0
( F_111 S_000 | P_001 S_000 )^0 = z * ( F_111 S_000 | S_000 S_000 )^0 + ( D_110 S_000 | S_000 S_000 )^0 - ( G_112 S_000 | S_000 S_000 )^0
( F_102 S_000 | P_100 S_000 )^0 = x * ( F_102 S_000 | S_000 S_000 )^0 + ( D_002 S_000 | S_000 S_000 )^0 - ( G_202 S_000 | S_000 S_000 )^0
( F_102 S_000 | P_010 S_000 )^0 = y * ( F_102 S_000 | S_000 S_000 )^0 - ( G_112 S_000 | S_000 S_000 )^0
( F_102 S_000 | P_001 S_000 )^0 = z * ( F_102 S_000 | S_000 S_000 )^0 + ( D_101 S_000 | S_000 S_000 )^0 - ( G_103 S_000 | S_000 S_000 )^0
( F_030 S_000 | P_100 S_000 )^0 = x * ( F_030 S_000 | S_000 S_000 )^0 - ( G_130 S_000 | S_000 S_000 )^0
( F_030 S_000 | P_010 S_000 )^0 = y * ( F_030 S_000 | S_000 S_000 )^0 + ( D_020 S_000 | S_000 S_000 )^0 - ( G_040 S_000 | S_000 S_000 )^0
( F_021 S_000 | P_100 S_000 )^0 = x * ( F_021 S_000 | S_000 S_000 )^0 - ( G_121 S_000 | S_000 S_000 )^0
( F_021 S_000 | P_010 S_000 )^0 = y * ( F_021 S_000 | S_000 S_000 )^0 + ( D_011 S_000 | S_000 S_000 )^0 - ( G_031 S_000 | S_000 S_000 )^0
( F_021 S_000 | P_001 S_000 )^0 = z * ( F_021 S_000 | S_000 S_000 )^0 + ( D_020 S_000 | S_000 S_000 )^0 - ( G_022 S_000 | S_000 S_000 )^0
( F_012 S_000 | P_100 S_000 )^0 = x * ( F_012 S_000 | S_000 S_000 )^0 - ( G_112 S_000 | S_000 S_000 )^0
( F_012 S_000 | P_010 S_000 )^0 = y * ( F_012 S_000 | S_000 S_000 )^0 + ( D_002 S_000 | S_000 S_000 )^0 - ( G_022 S_000 | S_000 S_000 )^0
( F_012 S_000 | P_001 S_000 )^0 = z * ( F_012 S_000 | S_000 S_000 )^0 + ( D_011 S_000 | S_000 S_000 )^0 - ( G_013 S_000 | S_000 S_000 )^0
( F_003 S_000 | P_100 S_000 )^0 = x * ( F_003 S_000 | S_000 S_000 )^0 - ( G_103 S_000 | S_000 S_000 )^0
( F_003 S_000 | P_010 S_000 )^0 = y * ( F_003 S_000 | S_000 S_000 )^0 - ( G_013 S_000 | S_000 S_000 )^0
( F_003 S_000 | P_001 S_000 )^0 = z * ( F_003 S_000 | S_000 S_000 )^0 + ( D_002 S_000 | S_000 S_000 )^0 - ( G_004 S_000 | S_000 S_000 )^0
( P_100 S_000 | P_100 S_000 )^0 = x * ( P_100 S_000 | S_000 S_000 )^0 + ( S_000 S_000 | S_000 S_000 )^0 - ( D_200 S_000 | S_000 S_000 )^0
( P_100 S_000 | P_010 S_000 )^0 = y * ( P_100 S_000 | S_000 S_000 )^0 - ( D_110 S_000 | S_000 S_000 )^0
( P_100 S_000 | P_001 S_000 )^0 = z * ( P_100 S_000 | S_000 S_000 )^0 - ( D_101 S_000 | S_000 S_000 )^0
( P_010 S_000 | P_100 S_000 )^0 = x * ( P_010 S_000 | S_000 S_000 )^0 - ( D_110 S_000 | S_000 S_000 )^0
( P_010 S_000 | P_010 S_000 )^0 = y * ( P_010 S_000 | S_000 S_000 )^0 + ( S_000 S_000 | S_000 S_000 )^0 - ( D_020 S_000 | S_000 S_000 )^0
( P_010 S_000 | P_001 S_000 )^0 = z * ( P_010 S_000 | S_000 S_000 )^0 - ( D_011 S_000 | S_000 S_000 )^0
( P_001 S_000 | P_100 S_000 )^0 = x * ( P_001 S_000 | S_000 S_000 )^0 - ( D_101 S_000 | S_000 S_000 )^0
( P_001 S_000 | P_010 S_000 )^0 = y * ( P_001 S_000 | S_000 S_000 )^0 - ( D_011 S_000 | S_000 S_000 )^0
( P_001 S_000 | P_001 S_000 )^0 = z * ( P_001 S_000 | S_000 S_000 )^0 + ( S_000 S_000 | S_000 S_000 )^0 - ( D_002 S_000 | S_000 S_000 )^0
( D_200 S_000 | D_200 S_000 )^0_{t} = x * ( D_200 S_000 | P_100 S_000 )^0 + ( P_100 S_000 | P_100 S_000 )^0 + ( D_200 S_000 | S_000 S_000 )^0 - ( F_300 S_000 | P_100 S_000 )^0
( D_200 S_000 | D_110 S_000 )^0_{t} = y * ( D_200 S_000 | P_100 S_000 )^0 - ( F_210 S_000 | P_100 S_000 )^0
( D_200 S_000 | D_101 S_000 )^0_{t} = z * ( D_200 S_000 | P_100 S_000 )^0 - ( F_201 S_000 | P_100 S_000 )^0
( D_200 S_000 | D_020 S_000 )^0_{t} = y * ( D_200 S_000 | P_010 S_000 )^0 + ( D_200 S_000 | S_000 S_000 )^0 - ( F_210 S_000 | P_010 S_000 )^0
( D_200 S_000 | D_011 S_000 )^0_{t} = z * ( D_200 S_000 | P_010 S_000 )^0 - ( F_201 S_000 | P_010 S_000 )^0
( D_200 S_000 | D_002 S_000 )^0_{t} = z * ( D_200 S_000 | P_001 S_000 )^0 + ( D_200 S_000 | S_000 S_000 )^0 - ( F_201 S_000 | P_001 S_000 )^0
( D_110 S_000 | D_200 S_000 )^0_{t} = x * ( D_110 S_000 | P_100 S_000 )^0 + ( P_010 S_000 | P_100 S_000 )^0 + ( D_110 S_000 | S_000 S_000 )^0 - ( F_210 S_000 | P_100 S_000 )^0
( D_110 S_000 | D_110 S_000 )^0_{t} = y * ( D_110 S_000 | P_100 S_000 )^0 + ( P_100 S_000 | P_100 S_000 )^0 - ( F_120 S_000 | P_100 S_000 )^0
( D_110 S_000 | D_101 S_000 )^0_{t} = z * ( D_110 S_000 | P_100 S_000 )^0 - ( F_111 S_000 | P_100 S_000 )^0
( D_110 S_000 | D_020 S_000 )^0_{t} = y * ( D_110 S_000 | P_010 S_000 )^0 + ( P_100 S_000 | P_010 S_000 )^0 + ( D_110 S_000 | S_000 S_000 )^0 - ( F_120 S_000 | P_010 S_000 )^0
( D_110 S_000 | D_011 S_000 )^0_{t} = z * ( D_110 S_000 | P_010 S_000 )^0 - ( F_111 S_000 | P_010 S_000 )^0
( D_110 S_000 | D_002 S_000 )^0_{t} = z * ( D_110 S_000 | P_001 S_000 )^0 + ( D_110 S_000 | S_000 S_000 )^0 - ( F_111 S_000 | P_001 S_000 )^0
( D_101 S_000 | D_200 S_000 )^0_{t} = x * ( D_101 S_000 | P_100 S_000 )^0 + ( P_001 S_000 | P_100 S_000 )^0 + ( D_101 S_000 | S_000 S_000 )^0 - ( F_201 S_000 | P_100 S_000 )^0
( D_101 S_000 | D_110 S_000 )^0_{t} = y * ( D_101 S_000 | P_100 S_000 )^0 - ( F_111 S_000 | P_100 S_000 )^0
( D_101 S_000 | D_101 S_000 )^0_{t} = z * ( D_101 S_000 | P_100 S_000 )^0 + ( P_100 S_000 | P_100 S_000 )^0 - ( F_102 S_000 | P_100 S_000 )^0
( D_101 S_000 | D_020 S_000 )^0_{t} = y * ( D_101 S_000 | P_010 S_000 )^0 + ( D_101 S_000 | S_000 S_000 )^0 - ( F_111 S_000 | P_010 S_000 )^0
( D_101 S_000 | D_011 S_000 )^0_{t} = z * ( D_101 S_000 | P_010 S_000 )^0 + ( P_100 S_000 | P_010 S_000 )^0 - ( F_102 S_000 | P_010 S_000 )^0
( D_101 S_000 | D_002 S_000 )^0_{t} = z * ( D_101 S_000 | P_001 S_000 )^0 + ( P_100 S_000 | P_001 S_000 )^0 + ( D_101 S_000 | S_000 S_000 )^0 - ( F_102 S_000 | P_001 S_000 )^0
( D_020 S_000 | D_200 S_000 )^0_{t} = x * ( D_020 S_000 | P_100 S_000 )^0 + ( D_020 S_000 | S_000 S_000 )^0 - ( F_120 S_000 | P_100 S_000 )^0
( D_020 S_000 | D_110 S_000 )^0_{t} = y * ( D_020 S_000 | P_100 S_000 )^0 + ( P_010 S_000 | P_100 S_000 )^0 - ( F_030 S_000 | P_100 S_000 )^0
( D_020 S_000 | D_101 S_000 )^0_{t} = z * ( D_020 S_000 | P_100 S_000 )^0 - ( F_021 S_000 | P_100 S_000 )^0
( D_020 S_000 | D_020 S_000 )^0_{t} = y * ( D_020 S_000 | P_010 S_000 )^0 + ( P_010 S_000 | P_010 S_000 )^0 + ( D_020 S_000 | S_000 S_000 )^0 - ( F_030 S_000 | P_010 S_000 )^0
( D_020 S_000 | D_011 S_000 )^0_{t} = z * ( D_020 S_000 | P_010 S_000 )^0 - ( F_021 S_000 | P_010 S_000 )^0
( D_020 S_000 | D_002 S_000 )^0_{t} = z * ( D_020 S_000 | P_001 S_000 )^0 + ( D_020 S_000 | S_000 S_000 )^0 - ( F_021 S_000 | P_001 S_000 )^0
( D_011 S_000 | D_200 S_000 )^0_{t} = x * ( D_011 S_000 | P_100 S_000 )^0 + ( D_011 S_000 | S_000 S_000 )^0 - ( F_111 S_000 | P_100 S_000 )^0
( D_011 S_000 | D_110 S_000 )^0_{t} = y * ( D_011 S_000 | P_100 S_000 )^0 + ( P_001 S_000 | P_100 S_000 )^0 - ( F_021 S_000 | P_100 S_000 )^0
( D_011 S_000 | D_101 S_000 )^0_{t} = z * ( D_011 S_000 | P_100 S_000 )^0 + ( P_010 S_000 | P_100 S_000 )^0 - ( F_012 S_000 | P_100 S_000 )^0
( D_011 S_000 | D_020 S_000 )^0_{t} = y * ( D_011 S_000 | P_010 S_000 )^0 + ( P_001 S_000 | P_010 S_000 )^0 + ( D_011 S_000 | S_000 S_000 )^0 - ( F_021 S_000 | P_010 S_000 )^0
( D_011 S_000 | D_011 S_000 )^0_{t} = z * ( D_011 S_000 | P_010 S_000 )^0 + ( P_010 S_000 | P_010 S_000 )^0 - ( F_012 S_000 | P_010 S_000 )^0
( D_011 S_000 | D_002 S_000 )^0_{t} = z * ( D_011 S_000 | P_001 S_000 )^0 + ( P_010 S_000 | P_001 S_000 )^0 + ( D_011 S_000 | S_000 S_000 )^0 - ( F_012 S_000 | P_001 S_000 )^0
( D_002 S_000 | D_200 S_000 )^0_{t} = x * ( D_002 S_000 | P_100 S_000 )^0 + ( D_002 S_000 | S_000 S_000 )^0 - ( F_102 S_000 | P_100 S_000 )^0
( D_002 S_000 | D_110 S_000 )^0_{t} = y * ( D_002 S_000 | P_100 S_000 )^0 - ( F_012 S_000 | P_100 S_000 )^0
( D_002 S_000 | D_101 S_000 )^0_{t} = z * ( D_002 S_000 | P_100 S_000 )^0 + ( P_001 S_000 | P_100 S_000 )^0 - ( F_003 S_000 | P_100 S_000 )^0
( D_002 S_000 | D_020 S_000 )^0_{t} = y * ( D_002 S_000 | P_010 S_000 )^0 + ( D_002 S_000 | S_000 S_000 )^0 - ( F_012 S_000 | P_010 S_000 )^0
( D_002 S_000 | D_011 S_000 )^0_{t} = z * ( D_002 S_000 | P_010 S_000 )^0 + ( P_001 S_000 | P_010 S_000 )^0 - ( F_003 S_000 | P_010 S_000 )^0
( D_002 S_000 | D_002 S_000 )^0_{t} = z * ( D_002 S_000 | P_001 S_000 )^0 + ( P_001 S_000 | P_001 S_000 )^0 + ( D_002 S_000 | S_000 S_000 )^0 - ( F_003 S_000 | P_001 S_000 )^0


HRR Top Bras: 1
 AM: 2 : Require: 6 / 6
HRR Top Kets: 2
 AM: 1 : Require:  3 / 3
 AM: 2 : Require:  6 / 6

ET Requirements: 5
AM = 0 : Require: 1 / 1
    S_000
AM = 1 : Require: 3 / 3
    P_100
    P_010
    P_001
AM = 2 : Require: 6 / 6
    D_200
    D_110
    D_101
    D_020
    D_011
    D_002
AM = 3 : Require: 10 / 10
    F_300
    F_210
    F_201
    F_120
    F_111
    F_102
    F_030
    F_021
    F_012
    F_003
AM = 4 : Require: 15 / 15
    G_400
    G_310
    G_301
    G_220
    G_211
    G_202
    G_130
    G_121
    G_112
    G_103
    G_040
    G_031
    G_022
    G_013
    G_004

VRR Requirements: 5
AM = 0 : Require: 1 / 1
AM = 1 : Require: 3 / 3
AM = 2 : Require: 6 / 6
AM = 3 : Require: 10 / 10
AM = 4 : Require: 15 / 15

MEMORY (unaligned, per shell quartet):
Contracted elements: 54    Bytes: 432


