Initial Targets: 6
    (D_200 S_000|_{i}
    (D_110 S_000|_{i}
    (D_101 S_000|_{i}
    (D_020 S_000|_{i}
    (D_011 S_000|_{i}
    (D_002 S_000|_{i}

Inital bra targets: 0



--------------------------------------------------------------------------------
BRA HRR step done. Solution is 0 steps
--------------------------------------------------------------------------------


Initial ket targets: 0



--------------------------------------------------------------------------------
KET HRR step done. Solution is 0 steps
--------------------------------------------------------------------------------


Initial ET Targets: 0

AMORDER: 0

MAP: 0



--------------------------------------------------------------------------------
ET step done. Solution is 0 steps
--------------------------------------------------------------------------------


HRR Top Bras: 1
 AM: 2 : Require: 6 / 6
HRR Top Kets: 1
 AM: 0 : Require:  1 / 1

ET Requirements: 0

VRR Requirements: 3
AM = 0 : Require: 1 / 1
AM = 1 : Require: 3 / 3
AM = 2 : Require: 6 / 6

