Initial Targets: 36
    (D_200 D_200|_{i}
    (D_200 D_110|_{i}
    (D_200 D_101|_{i}
    (D_200 D_020|_{i}
    (D_200 D_011|_{i}
    (D_200 D_002|_{i}
    (D_110 D_200|_{i}
    (D_110 D_110|_{i}
    (D_110 D_101|_{i}
    (D_110 D_020|_{i}
    (D_110 D_011|_{i}
    (D_110 D_002|_{i}
    (D_101 D_200|_{i}
    (D_101 D_110|_{i}
    (D_101 D_101|_{i}
    (D_101 D_020|_{i}
    (D_101 D_011|_{i}
    (D_101 D_002|_{i}
    (D_020 D_200|_{i}
    (D_020 D_110|_{i}
    (D_020 D_101|_{i}
    (D_020 D_020|_{i}
    (D_020 D_011|_{i}
    (D_020 D_002|_{i}
    (D_011 D_200|_{i}
    (D_011 D_110|_{i}
    (D_011 D_101|_{i}
    (D_011 D_020|_{i}
    (D_011 D_011|_{i}
    (D_011 D_002|_{i}
    (D_002 D_200|_{i}
    (D_002 D_110|_{i}
    (D_002 D_101|_{i}
    (D_002 D_020|_{i}
    (D_002 D_011|_{i}
    (D_002 D_002|_{i}

Inital bra targets: 36
    (D_200 D_200|_{i}
    (D_200 D_110|_{i}
    (D_200 D_101|_{i}
    (D_200 D_020|_{i}
    (D_200 D_011|_{i}
    (D_200 D_002|_{i}
    (D_110 D_200|_{i}
    (D_110 D_110|_{i}
    (D_110 D_101|_{i}
    (D_110 D_020|_{i}
    (D_110 D_011|_{i}
    (D_110 D_002|_{i}
    (D_101 D_200|_{i}
    (D_101 D_110|_{i}
    (D_101 D_101|_{i}
    (D_101 D_020|_{i}
    (D_101 D_011|_{i}
    (D_101 D_002|_{i}
    (D_020 D_200|_{i}
    (D_020 D_110|_{i}
    (D_020 D_101|_{i}
    (D_020 D_020|_{i}
    (D_020 D_011|_{i}
    (D_020 D_002|_{i}
    (D_011 D_200|_{i}
    (D_011 D_110|_{i}
    (D_011 D_101|_{i}
    (D_011 D_020|_{i}
    (D_011 D_011|_{i}
    (D_011 D_002|_{i}
    (D_002 D_200|_{i}
    (D_002 D_110|_{i}
    (D_002 D_101|_{i}
    (D_002 D_020|_{i}
    (D_002 D_011|_{i}
    (D_002 D_002|_{i}

Generated 43 new targets
After pruning: 43 new targets
    (D_200 P_100|
    (D_200 P_010|
    (D_200 P_001|
    (D_110 P_100|
    (D_110 P_010|
    (D_110 P_001|
    (D_101 P_100|
    (D_101 P_010|
    (D_101 P_001|
    (D_020 P_100|
    (D_020 P_010|
    (D_020 P_001|
    (D_011 P_100|
    (D_011 P_010|
    (D_011 P_001|
    (D_002 P_100|
    (D_002 P_010|
    (D_002 P_001|
    (F_300 P_100|
    (F_210 P_100|
    (F_210 P_010|
    (F_201 P_100|
    (F_201 P_010|
    (F_201 P_001|
    (F_120 P_100|
    (F_120 P_010|
    (F_111 P_100|
    (F_111 P_010|
    (F_111 P_001|
    (F_102 P_100|
    (F_102 P_010|
    (F_102 P_001|
    (F_030 P_100|
    (F_030 P_010|
    (F_021 P_100|
    (F_021 P_010|
    (F_021 P_001|
    (F_012 P_100|
    (F_012 P_010|
    (F_012 P_001|
    (F_003 P_100|
    (F_003 P_010|
    (F_003 P_001|
Generated 31 new targets
After pruning: 0 new targets


--------------------------------------------------------------------------------
BRA HRR step done. Solution is 79 steps
--------------------------------------------------------------------------------
(D_200 P_100| = (F_300 S_000| + x_ab * (D_200 S_000|
(D_200 P_010| = (F_210 S_000| + y_ab * (D_200 S_000|
(D_200 P_001| = (F_201 S_000| + z_ab * (D_200 S_000|
(D_110 P_100| = (F_210 S_000| + x_ab * (D_110 S_000|
(D_110 P_010| = (F_120 S_000| + y_ab * (D_110 S_000|
(D_110 P_001| = (F_111 S_000| + z_ab * (D_110 S_000|
(D_101 P_100| = (F_201 S_000| + x_ab * (D_101 S_000|
(D_101 P_010| = (F_111 S_000| + y_ab * (D_101 S_000|
(D_101 P_001| = (F_102 S_000| + z_ab * (D_101 S_000|
(D_020 P_100| = (F_120 S_000| + x_ab * (D_020 S_000|
(D_020 P_010| = (F_030 S_000| + y_ab * (D_020 S_000|
(D_020 P_001| = (F_021 S_000| + z_ab * (D_020 S_000|
(D_011 P_100| = (F_111 S_000| + x_ab * (D_011 S_000|
(D_011 P_010| = (F_021 S_000| + y_ab * (D_011 S_000|
(D_011 P_001| = (F_012 S_000| + z_ab * (D_011 S_000|
(D_002 P_100| = (F_102 S_000| + x_ab * (D_002 S_000|
(D_002 P_010| = (F_012 S_000| + y_ab * (D_002 S_000|
(D_002 P_001| = (F_003 S_000| + z_ab * (D_002 S_000|
(F_300 P_100| = (G_400 S_000| + x_ab * (F_300 S_000|
(F_210 P_100| = (G_310 S_000| + x_ab * (F_210 S_000|
(F_210 P_010| = (G_220 S_000| + y_ab * (F_210 S_000|
(F_201 P_100| = (G_301 S_000| + x_ab * (F_201 S_000|
(F_201 P_010| = (G_211 S_000| + y_ab * (F_201 S_000|
(F_201 P_001| = (G_202 S_000| + z_ab * (F_201 S_000|
(F_120 P_100| = (G_220 S_000| + x_ab * (F_120 S_000|
(F_120 P_010| = (G_130 S_000| + y_ab * (F_120 S_000|
(F_111 P_100| = (G_211 S_000| + x_ab * (F_111 S_000|
(F_111 P_010| = (G_121 S_000| + y_ab * (F_111 S_000|
(F_111 P_001| = (G_112 S_000| + z_ab * (F_111 S_000|
(F_102 P_100| = (G_202 S_000| + x_ab * (F_102 S_000|
(F_102 P_010| = (G_112 S_000| + y_ab * (F_102 S_000|
(F_102 P_001| = (G_103 S_000| + z_ab * (F_102 S_000|
(F_030 P_100| = (G_130 S_000| + x_ab * (F_030 S_000|
(F_030 P_010| = (G_040 S_000| + y_ab * (F_030 S_000|
(F_021 P_100| = (G_121 S_000| + x_ab * (F_021 S_000|
(F_021 P_010| = (G_031 S_000| + y_ab * (F_021 S_000|
(F_021 P_001| = (G_022 S_000| + z_ab * (F_021 S_000|
(F_012 P_100| = (G_112 S_000| + x_ab * (F_012 S_000|
(F_012 P_010| = (G_022 S_000| + y_ab * (F_012 S_000|
(F_012 P_001| = (G_013 S_000| + z_ab * (F_012 S_000|
(F_003 P_100| = (G_103 S_000| + x_ab * (F_003 S_000|
(F_003 P_010| = (G_013 S_000| + y_ab * (F_003 S_000|
(F_003 P_001| = (G_004 S_000| + z_ab * (F_003 S_000|
(D_200 D_200|_{i} = (F_300 P_100| + x_ab * (D_200 P_100|
(D_200 D_110|_{i} = (F_210 P_100| + y_ab * (D_200 P_100|
(D_200 D_101|_{i} = (F_201 P_100| + z_ab * (D_200 P_100|
(D_200 D_020|_{i} = (F_210 P_010| + y_ab * (D_200 P_010|
(D_200 D_011|_{i} = (F_201 P_010| + z_ab * (D_200 P_010|
(D_200 D_002|_{i} = (F_201 P_001| + z_ab * (D_200 P_001|
(D_110 D_200|_{i} = (F_210 P_100| + x_ab * (D_110 P_100|
(D_110 D_110|_{i} = (F_120 P_100| + y_ab * (D_110 P_100|
(D_110 D_101|_{i} = (F_111 P_100| + z_ab * (D_110 P_100|
(D_110 D_020|_{i} = (F_120 P_010| + y_ab * (D_110 P_010|
(D_110 D_011|_{i} = (F_111 P_010| + z_ab * (D_110 P_010|
(D_110 D_002|_{i} = (F_111 P_001| + z_ab * (D_110 P_001|
(D_101 D_200|_{i} = (F_201 P_100| + x_ab * (D_101 P_100|
(D_101 D_110|_{i} = (F_111 P_100| + y_ab * (D_101 P_100|
(D_101 D_101|_{i} = (F_102 P_100| + z_ab * (D_101 P_100|
(D_101 D_020|_{i} = (F_111 P_010| + y_ab * (D_101 P_010|
(D_101 D_011|_{i} = (F_102 P_010| + z_ab * (D_101 P_010|
(D_101 D_002|_{i} = (F_102 P_001| + z_ab * (D_101 P_001|
(D_020 D_200|_{i} = (F_120 P_100| + x_ab * (D_020 P_100|
(D_020 D_110|_{i} = (F_030 P_100| + y_ab * (D_020 P_100|
(D_020 D_101|_{i} = (F_021 P_100| + z_ab * (D_020 P_100|
(D_020 D_020|_{i} = (F_030 P_010| + y_ab * (D_020 P_010|
(D_020 D_011|_{i} = (F_021 P_010| + z_ab * (D_020 P_010|
(D_020 D_002|_{i} = (F_021 P_001| + z_ab * (D_020 P_001|
(D_011 D_200|_{i} = (F_111 P_100| + x_ab * (D_011 P_100|
(D_011 D_110|_{i} = (F_021 P_100| + y_ab * (D_011 P_100|
(D_011 D_101|_{i} = (F_012 P_100| + z_ab * (D_011 P_100|
(D_011 D_020|_{i} = (F_021 P_010| + y_ab * (D_011 P_010|
(D_011 D_011|_{i} = (F_012 P_010| + z_ab * (D_011 P_010|
(D_011 D_002|_{i} = (F_012 P_001| + z_ab * (D_011 P_001|
(D_002 D_200|_{i} = (F_102 P_100| + x_ab * (D_002 P_100|
(D_002 D_110|_{i} = (F_012 P_100| + y_ab * (D_002 P_100|
(D_002 D_101|_{i} = (F_003 P_100| + z_ab * (D_002 P_100|
(D_002 D_020|_{i} = (F_012 P_010| + y_ab * (D_002 P_010|
(D_002 D_011|_{i} = (F_003 P_010| + z_ab * (D_002 P_010|
(D_002 D_002|_{i} = (F_003 P_001| + z_ab * (D_002 P_001|


Initial ket targets: 9
    |P_100 P_100)_{i}
    |P_100 P_010)_{i}
    |P_100 P_001)_{i}
    |P_010 P_100)_{i}
    |P_010 P_010)_{i}
    |P_010 P_001)_{i}
    |P_001 P_100)_{i}
    |P_001 P_010)_{i}
    |P_001 P_001)_{i}

Generated 9 new targets
After pruning: 0 new targets


--------------------------------------------------------------------------------
KET HRR step done. Solution is 9 steps
--------------------------------------------------------------------------------
|P_100 P_100)_{i} = |D_200 S_000) + x_cd * |P_100 S_000)
|P_100 P_010)_{i} = |D_110 S_000) + y_cd * |P_100 S_000)
|P_100 P_001)_{i} = |D_101 S_000) + z_cd * |P_100 S_000)
|P_010 P_100)_{i} = |D_110 S_000) + x_cd * |P_010 S_000)
|P_010 P_010)_{i} = |D_020 S_000) + y_cd * |P_010 S_000)
|P_010 P_001)_{i} = |D_011 S_000) + z_cd * |P_010 S_000)
|P_001 P_100)_{i} = |D_101 S_000) + x_cd * |P_001 S_000)
|P_001 P_010)_{i} = |D_011 S_000) + y_cd * |P_001 S_000)
|P_001 P_001)_{i} = |D_002 S_000) + z_cd * |P_001 S_000)


Initial ET Targets: 279
    ( D_200 S_000 | P_100 S_000 )^0_{t}
    ( D_200 S_000 | P_010 S_000 )^0_{t}
    ( D_200 S_000 | P_001 S_000 )^0_{t}
    ( D_110 S_000 | P_100 S_000 )^0_{t}
    ( D_110 S_000 | P_010 S_000 )^0_{t}
    ( D_110 S_000 | P_001 S_000 )^0_{t}
    ( D_101 S_000 | P_100 S_000 )^0_{t}
    ( D_101 S_000 | P_010 S_000 )^0_{t}
    ( D_101 S_000 | P_001 S_000 )^0_{t}
    ( D_020 S_000 | P_100 S_000 )^0_{t}
    ( D_020 S_000 | P_010 S_000 )^0_{t}
    ( D_020 S_000 | P_001 S_000 )^0_{t}
    ( D_011 S_000 | P_100 S_000 )^0_{t}
    ( D_011 S_000 | P_010 S_000 )^0_{t}
    ( D_011 S_000 | P_001 S_000 )^0_{t}
    ( D_002 S_000 | P_100 S_000 )^0_{t}
    ( D_002 S_000 | P_010 S_000 )^0_{t}
    ( D_002 S_000 | P_001 S_000 )^0_{t}
    ( D_200 S_000 | D_200 S_000 )^0_{t}
    ( D_200 S_000 | D_110 S_000 )^0_{t}
    ( D_200 S_000 | D_101 S_000 )^0_{t}
    ( D_200 S_000 | D_020 S_000 )^0_{t}
    ( D_200 S_000 | D_011 S_000 )^0_{t}
    ( D_200 S_000 | D_002 S_000 )^0_{t}
    ( D_110 S_000 | D_200 S_000 )^0_{t}
    ( D_110 S_000 | D_110 S_000 )^0_{t}
    ( D_110 S_000 | D_101 S_000 )^0_{t}
    ( D_110 S_000 | D_020 S_000 )^0_{t}
    ( D_110 S_000 | D_011 S_000 )^0_{t}
    ( D_110 S_000 | D_002 S_000 )^0_{t}
    ( D_101 S_000 | D_200 S_000 )^0_{t}
    ( D_101 S_000 | D_110 S_000 )^0_{t}
    ( D_101 S_000 | D_101 S_000 )^0_{t}
    ( D_101 S_000 | D_020 S_000 )^0_{t}
    ( D_101 S_000 | D_011 S_000 )^0_{t}
    ( D_101 S_000 | D_002 S_000 )^0_{t}
    ( D_020 S_000 | D_200 S_000 )^0_{t}
    ( D_020 S_000 | D_110 S_000 )^0_{t}
    ( D_020 S_000 | D_101 S_000 )^0_{t}
    ( D_020 S_000 | D_020 S_000 )^0_{t}
    ( D_020 S_000 | D_011 S_000 )^0_{t}
    ( D_020 S_000 | D_002 S_000 )^0_{t}
    ( D_011 S_000 | D_200 S_000 )^0_{t}
    ( D_011 S_000 | D_110 S_000 )^0_{t}
    ( D_011 S_000 | D_101 S_000 )^0_{t}
    ( D_011 S_000 | D_020 S_000 )^0_{t}
    ( D_011 S_000 | D_011 S_000 )^0_{t}
    ( D_011 S_000 | D_002 S_000 )^0_{t}
    ( D_002 S_000 | D_200 S_000 )^0_{t}
    ( D_002 S_000 | D_110 S_000 )^0_{t}
    ( D_002 S_000 | D_101 S_000 )^0_{t}
    ( D_002 S_000 | D_020 S_000 )^0_{t}
    ( D_002 S_000 | D_011 S_000 )^0_{t}
    ( D_002 S_000 | D_002 S_000 )^0_{t}
    ( F_300 S_000 | P_100 S_000 )^0_{t}
    ( F_300 S_000 | P_010 S_000 )^0_{t}
    ( F_300 S_000 | P_001 S_000 )^0_{t}
    ( F_210 S_000 | P_100 S_000 )^0_{t}
    ( F_210 S_000 | P_010 S_000 )^0_{t}
    ( F_210 S_000 | P_001 S_000 )^0_{t}
    ( F_201 S_000 | P_100 S_000 )^0_{t}
    ( F_201 S_000 | P_010 S_000 )^0_{t}
    ( F_201 S_000 | P_001 S_000 )^0_{t}
    ( F_120 S_000 | P_100 S_000 )^0_{t}
    ( F_120 S_000 | P_010 S_000 )^0_{t}
    ( F_120 S_000 | P_001 S_000 )^0_{t}
    ( F_111 S_000 | P_100 S_000 )^0_{t}
    ( F_111 S_000 | P_010 S_000 )^0_{t}
    ( F_111 S_000 | P_001 S_000 )^0_{t}
    ( F_102 S_000 | P_100 S_000 )^0_{t}
    ( F_102 S_000 | P_010 S_000 )^0_{t}
    ( F_102 S_000 | P_001 S_000 )^0_{t}
    ( F_030 S_000 | P_100 S_000 )^0_{t}
    ( F_030 S_000 | P_010 S_000 )^0_{t}
    ( F_030 S_000 | P_001 S_000 )^0_{t}
    ( F_021 S_000 | P_100 S_000 )^0_{t}
    ( F_021 S_000 | P_010 S_000 )^0_{t}
    ( F_021 S_000 | P_001 S_000 )^0_{t}
    ( F_012 S_000 | P_100 S_000 )^0_{t}
    ( F_012 S_000 | P_010 S_000 )^0_{t}
    ( F_012 S_000 | P_001 S_000 )^0_{t}
    ( F_003 S_000 | P_100 S_000 )^0_{t}
    ( F_003 S_000 | P_010 S_000 )^0_{t}
    ( F_003 S_000 | P_001 S_000 )^0_{t}
    ( F_300 S_000 | D_200 S_000 )^0_{t}
    ( F_300 S_000 | D_110 S_000 )^0_{t}
    ( F_300 S_000 | D_101 S_000 )^0_{t}
    ( F_300 S_000 | D_020 S_000 )^0_{t}
    ( F_300 S_000 | D_011 S_000 )^0_{t}
    ( F_300 S_000 | D_002 S_000 )^0_{t}
    ( F_210 S_000 | D_200 S_000 )^0_{t}
    ( F_210 S_000 | D_110 S_000 )^0_{t}
    ( F_210 S_000 | D_101 S_000 )^0_{t}
    ( F_210 S_000 | D_020 S_000 )^0_{t}
    ( F_210 S_000 | D_011 S_000 )^0_{t}
    ( F_210 S_000 | D_002 S_000 )^0_{t}
    ( F_201 S_000 | D_200 S_000 )^0_{t}
    ( F_201 S_000 | D_110 S_000 )^0_{t}
    ( F_201 S_000 | D_101 S_000 )^0_{t}
    ( F_201 S_000 | D_020 S_000 )^0_{t}
    ( F_201 S_000 | D_011 S_000 )^0_{t}
    ( F_201 S_000 | D_002 S_000 )^0_{t}
    ( F_120 S_000 | D_200 S_000 )^0_{t}
    ( F_120 S_000 | D_110 S_000 )^0_{t}
    ( F_120 S_000 | D_101 S_000 )^0_{t}
    ( F_120 S_000 | D_020 S_000 )^0_{t}
    ( F_120 S_000 | D_011 S_000 )^0_{t}
    ( F_120 S_000 | D_002 S_000 )^0_{t}
    ( F_111 S_000 | D_200 S_000 )^0_{t}
    ( F_111 S_000 | D_110 S_000 )^0_{t}
    ( F_111 S_000 | D_101 S_000 )^0_{t}
    ( F_111 S_000 | D_020 S_000 )^0_{t}
    ( F_111 S_000 | D_011 S_000 )^0_{t}
    ( F_111 S_000 | D_002 S_000 )^0_{t}
    ( F_102 S_000 | D_200 S_000 )^0_{t}
    ( F_102 S_000 | D_110 S_000 )^0_{t}
    ( F_102 S_000 | D_101 S_000 )^0_{t}
    ( F_102 S_000 | D_020 S_000 )^0_{t}
    ( F_102 S_000 | D_011 S_000 )^0_{t}
    ( F_102 S_000 | D_002 S_000 )^0_{t}
    ( F_030 S_000 | D_200 S_000 )^0_{t}
    ( F_030 S_000 | D_110 S_000 )^0_{t}
    ( F_030 S_000 | D_101 S_000 )^0_{t}
    ( F_030 S_000 | D_020 S_000 )^0_{t}
    ( F_030 S_000 | D_011 S_000 )^0_{t}
    ( F_030 S_000 | D_002 S_000 )^0_{t}
    ( F_021 S_000 | D_200 S_000 )^0_{t}
    ( F_021 S_000 | D_110 S_000 )^0_{t}
    ( F_021 S_000 | D_101 S_000 )^0_{t}
    ( F_021 S_000 | D_020 S_000 )^0_{t}
    ( F_021 S_000 | D_011 S_000 )^0_{t}
    ( F_021 S_000 | D_002 S_000 )^0_{t}
    ( F_012 S_000 | D_200 S_000 )^0_{t}
    ( F_012 S_000 | D_110 S_000 )^0_{t}
    ( F_012 S_000 | D_101 S_000 )^0_{t}
    ( F_012 S_000 | D_020 S_000 )^0_{t}
    ( F_012 S_000 | D_011 S_000 )^0_{t}
    ( F_012 S_000 | D_002 S_000 )^0_{t}
    ( F_003 S_000 | D_200 S_000 )^0_{t}
    ( F_003 S_000 | D_110 S_000 )^0_{t}
    ( F_003 S_000 | D_101 S_000 )^0_{t}
    ( F_003 S_000 | D_020 S_000 )^0_{t}
    ( F_003 S_000 | D_011 S_000 )^0_{t}
    ( F_003 S_000 | D_002 S_000 )^0_{t}
    ( G_400 S_000 | P_100 S_000 )^0_{t}
    ( G_400 S_000 | P_010 S_000 )^0_{t}
    ( G_400 S_000 | P_001 S_000 )^0_{t}
    ( G_310 S_000 | P_100 S_000 )^0_{t}
    ( G_310 S_000 | P_010 S_000 )^0_{t}
    ( G_310 S_000 | P_001 S_000 )^0_{t}
    ( G_301 S_000 | P_100 S_000 )^0_{t}
    ( G_301 S_000 | P_010 S_000 )^0_{t}
    ( G_301 S_000 | P_001 S_000 )^0_{t}
    ( G_220 S_000 | P_100 S_000 )^0_{t}
    ( G_220 S_000 | P_010 S_000 )^0_{t}
    ( G_220 S_000 | P_001 S_000 )^0_{t}
    ( G_211 S_000 | P_100 S_000 )^0_{t}
    ( G_211 S_000 | P_010 S_000 )^0_{t}
    ( G_211 S_000 | P_001 S_000 )^0_{t}
    ( G_202 S_000 | P_100 S_000 )^0_{t}
    ( G_202 S_000 | P_010 S_000 )^0_{t}
    ( G_202 S_000 | P_001 S_000 )^0_{t}
    ( G_130 S_000 | P_100 S_000 )^0_{t}
    ( G_130 S_000 | P_010 S_000 )^0_{t}
    ( G_130 S_000 | P_001 S_000 )^0_{t}
    ( G_121 S_000 | P_100 S_000 )^0_{t}
    ( G_121 S_000 | P_010 S_000 )^0_{t}
    ( G_121 S_000 | P_001 S_000 )^0_{t}
    ( G_112 S_000 | P_100 S_000 )^0_{t}
    ( G_112 S_000 | P_010 S_000 )^0_{t}
    ( G_112 S_000 | P_001 S_000 )^0_{t}
    ( G_103 S_000 | P_100 S_000 )^0_{t}
    ( G_103 S_000 | P_010 S_000 )^0_{t}
    ( G_103 S_000 | P_001 S_000 )^0_{t}
    ( G_040 S_000 | P_100 S_000 )^0_{t}
    ( G_040 S_000 | P_010 S_000 )^0_{t}
    ( G_040 S_000 | P_001 S_000 )^0_{t}
    ( G_031 S_000 | P_100 S_000 )^0_{t}
    ( G_031 S_000 | P_010 S_000 )^0_{t}
    ( G_031 S_000 | P_001 S_000 )^0_{t}
    ( G_022 S_000 | P_100 S_000 )^0_{t}
    ( G_022 S_000 | P_010 S_000 )^0_{t}
    ( G_022 S_000 | P_001 S_000 )^0_{t}
    ( G_013 S_000 | P_100 S_000 )^0_{t}
    ( G_013 S_000 | P_010 S_000 )^0_{t}
    ( G_013 S_000 | P_001 S_000 )^0_{t}
    ( G_004 S_000 | P_100 S_000 )^0_{t}
    ( G_004 S_000 | P_010 S_000 )^0_{t}
    ( G_004 S_000 | P_001 S_000 )^0_{t}
    ( G_400 S_000 | D_200 S_000 )^0_{t}
    ( G_400 S_000 | D_110 S_000 )^0_{t}
    ( G_400 S_000 | D_101 S_000 )^0_{t}
    ( G_400 S_000 | D_020 S_000 )^0_{t}
    ( G_400 S_000 | D_011 S_000 )^0_{t}
    ( G_400 S_000 | D_002 S_000 )^0_{t}
    ( G_310 S_000 | D_200 S_000 )^0_{t}
    ( G_310 S_000 | D_110 S_000 )^0_{t}
    ( G_310 S_000 | D_101 S_000 )^0_{t}
    ( G_310 S_000 | D_020 S_000 )^0_{t}
    ( G_310 S_000 | D_011 S_000 )^0_{t}
    ( G_310 S_000 | D_002 S_000 )^0_{t}
    ( G_301 S_000 | D_200 S_000 )^0_{t}
    ( G_301 S_000 | D_110 S_000 )^0_{t}
    ( G_301 S_000 | D_101 S_000 )^0_{t}
    ( G_301 S_000 | D_020 S_000 )^0_{t}
    ( G_301 S_000 | D_011 S_000 )^0_{t}
    ( G_301 S_000 | D_002 S_000 )^0_{t}
    ( G_220 S_000 | D_200 S_000 )^0_{t}
    ( G_220 S_000 | D_110 S_000 )^0_{t}
    ( G_220 S_000 | D_101 S_000 )^0_{t}
    ( G_220 S_000 | D_020 S_000 )^0_{t}
    ( G_220 S_000 | D_011 S_000 )^0_{t}
    ( G_220 S_000 | D_002 S_000 )^0_{t}
    ( G_211 S_000 | D_200 S_000 )^0_{t}
    ( G_211 S_000 | D_110 S_000 )^0_{t}
    ( G_211 S_000 | D_101 S_000 )^0_{t}
    ( G_211 S_000 | D_020 S_000 )^0_{t}
    ( G_211 S_000 | D_011 S_000 )^0_{t}
    ( G_211 S_000 | D_002 S_000 )^0_{t}
    ( G_202 S_000 | D_200 S_000 )^0_{t}
    ( G_202 S_000 | D_110 S_000 )^0_{t}
    ( G_202 S_000 | D_101 S_000 )^0_{t}
    ( G_202 S_000 | D_020 S_000 )^0_{t}
    ( G_202 S_000 | D_011 S_000 )^0_{t}
    ( G_202 S_000 | D_002 S_000 )^0_{t}
    ( G_130 S_000 | D_200 S_000 )^0_{t}
    ( G_130 S_000 | D_110 S_000 )^0_{t}
    ( G_130 S_000 | D_101 S_000 )^0_{t}
    ( G_130 S_000 | D_020 S_000 )^0_{t}
    ( G_130 S_000 | D_011 S_000 )^0_{t}
    ( G_130 S_000 | D_002 S_000 )^0_{t}
    ( G_121 S_000 | D_200 S_000 )^0_{t}
    ( G_121 S_000 | D_110 S_000 )^0_{t}
    ( G_121 S_000 | D_101 S_000 )^0_{t}
    ( G_121 S_000 | D_020 S_000 )^0_{t}
    ( G_121 S_000 | D_011 S_000 )^0_{t}
    ( G_121 S_000 | D_002 S_000 )^0_{t}
    ( G_112 S_000 | D_200 S_000 )^0_{t}
    ( G_112 S_000 | D_110 S_000 )^0_{t}
    ( G_112 S_000 | D_101 S_000 )^0_{t}
    ( G_112 S_000 | D_020 S_000 )^0_{t}
    ( G_112 S_000 | D_011 S_000 )^0_{t}
    ( G_112 S_000 | D_002 S_000 )^0_{t}
    ( G_103 S_000 | D_200 S_000 )^0_{t}
    ( G_103 S_000 | D_110 S_000 )^0_{t}
    ( G_103 S_000 | D_101 S_000 )^0_{t}
    ( G_103 S_000 | D_020 S_000 )^0_{t}
    ( G_103 S_000 | D_011 S_000 )^0_{t}
    ( G_103 S_000 | D_002 S_000 )^0_{t}
    ( G_040 S_000 | D_200 S_000 )^0_{t}
    ( G_040 S_000 | D_110 S_000 )^0_{t}
    ( G_040 S_000 | D_101 S_000 )^0_{t}
    ( G_040 S_000 | D_020 S_000 )^0_{t}
    ( G_040 S_000 | D_011 S_000 )^0_{t}
    ( G_040 S_000 | D_002 S_000 )^0_{t}
    ( G_031 S_000 | D_200 S_000 )^0_{t}
    ( G_031 S_000 | D_110 S_000 )^0_{t}
    ( G_031 S_000 | D_101 S_000 )^0_{t}
    ( G_031 S_000 | D_020 S_000 )^0_{t}
    ( G_031 S_000 | D_011 S_000 )^0_{t}
    ( G_031 S_000 | D_002 S_000 )^0_{t}
    ( G_022 S_000 | D_200 S_000 )^0_{t}
    ( G_022 S_000 | D_110 S_000 )^0_{t}
    ( G_022 S_000 | D_101 S_000 )^0_{t}
    ( G_022 S_000 | D_020 S_000 )^0_{t}
    ( G_022 S_000 | D_011 S_000 )^0_{t}
    ( G_022 S_000 | D_002 S_000 )^0_{t}
    ( G_013 S_000 | D_200 S_000 )^0_{t}
    ( G_013 S_000 | D_110 S_000 )^0_{t}
    ( G_013 S_000 | D_101 S_000 )^0_{t}
    ( G_013 S_000 | D_020 S_000 )^0_{t}
    ( G_013 S_000 | D_011 S_000 )^0_{t}
    ( G_013 S_000 | D_002 S_000 )^0_{t}
    ( G_004 S_000 | D_200 S_000 )^0_{t}
    ( G_004 S_000 | D_110 S_000 )^0_{t}
    ( G_004 S_000 | D_101 S_000 )^0_{t}
    ( G_004 S_000 | D_020 S_000 )^0_{t}
    ( G_004 S_000 | D_011 S_000 )^0_{t}
    ( G_004 S_000 | D_002 S_000 )^0_{t}

Generated 478 new targets
After pruning: 129 new targets
    ( P_100 S_000 | P_100 S_000 )^0
    ( P_100 S_000 | P_010 S_000 )^0
    ( P_100 S_000 | P_001 S_000 )^0
    ( P_010 S_000 | P_100 S_000 )^0
    ( P_010 S_000 | P_010 S_000 )^0
    ( P_010 S_000 | P_001 S_000 )^0
    ( P_001 S_000 | P_100 S_000 )^0
    ( P_001 S_000 | P_010 S_000 )^0
    ( P_001 S_000 | P_001 S_000 )^0
    ( F_300 S_000 | P_100 S_000 )^0
    ( F_210 S_000 | P_100 S_000 )^0
    ( F_210 S_000 | P_010 S_000 )^0
    ( F_201 S_000 | P_100 S_000 )^0
    ( F_201 S_000 | P_010 S_000 )^0
    ( F_201 S_000 | P_001 S_000 )^0
    ( F_120 S_000 | P_100 S_000 )^0
    ( F_120 S_000 | P_010 S_000 )^0
    ( F_111 S_000 | P_100 S_000 )^0
    ( F_111 S_000 | P_010 S_000 )^0
    ( F_111 S_000 | P_001 S_000 )^0
    ( F_102 S_000 | P_100 S_000 )^0
    ( F_102 S_000 | P_010 S_000 )^0
    ( F_102 S_000 | P_001 S_000 )^0
    ( F_030 S_000 | P_100 S_000 )^0
    ( F_030 S_000 | P_010 S_000 )^0
    ( F_021 S_000 | P_100 S_000 )^0
    ( F_021 S_000 | P_010 S_000 )^0
    ( F_021 S_000 | P_001 S_000 )^0
    ( F_012 S_000 | P_100 S_000 )^0
    ( F_012 S_000 | P_010 S_000 )^0
    ( F_012 S_000 | P_001 S_000 )^0
    ( F_003 S_000 | P_100 S_000 )^0
    ( F_003 S_000 | P_010 S_000 )^0
    ( F_003 S_000 | P_001 S_000 )^0
    ( G_400 S_000 | P_100 S_000 )^0
    ( G_310 S_000 | P_100 S_000 )^0
    ( G_310 S_000 | P_010 S_000 )^0
    ( G_301 S_000 | P_100 S_000 )^0
    ( G_301 S_000 | P_010 S_000 )^0
    ( G_301 S_000 | P_001 S_000 )^0
    ( G_220 S_000 | P_100 S_000 )^0
    ( G_220 S_000 | P_010 S_000 )^0
    ( G_211 S_000 | P_100 S_000 )^0
    ( G_211 S_000 | P_010 S_000 )^0
    ( G_211 S_000 | P_001 S_000 )^0
    ( G_202 S_000 | P_100 S_000 )^0
    ( G_202 S_000 | P_010 S_000 )^0
    ( G_202 S_000 | P_001 S_000 )^0
    ( G_130 S_000 | P_100 S_000 )^0
    ( G_130 S_000 | P_010 S_000 )^0
    ( G_121 S_000 | P_100 S_000 )^0
    ( G_121 S_000 | P_010 S_000 )^0
    ( G_121 S_000 | P_001 S_000 )^0
    ( G_112 S_000 | P_100 S_000 )^0
    ( G_112 S_000 | P_010 S_000 )^0
    ( G_112 S_000 | P_001 S_000 )^0
    ( G_103 S_000 | P_100 S_000 )^0
    ( G_103 S_000 | P_010 S_000 )^0
    ( G_103 S_000 | P_001 S_000 )^0
    ( G_040 S_000 | P_100 S_000 )^0
    ( G_040 S_000 | P_010 S_000 )^0
    ( G_031 S_000 | P_100 S_000 )^0
    ( G_031 S_000 | P_010 S_000 )^0
    ( G_031 S_000 | P_001 S_000 )^0
    ( G_022 S_000 | P_100 S_000 )^0
    ( G_022 S_000 | P_010 S_000 )^0
    ( G_022 S_000 | P_001 S_000 )^0
    ( G_013 S_000 | P_100 S_000 )^0
    ( G_013 S_000 | P_010 S_000 )^0
    ( G_013 S_000 | P_001 S_000 )^0
    ( G_004 S_000 | P_100 S_000 )^0
    ( G_004 S_000 | P_010 S_000 )^0
    ( G_004 S_000 | P_001 S_000 )^0
    ( H_500 S_000 | P_100 S_000 )^0
    ( H_410 S_000 | P_100 S_000 )^0
    ( H_410 S_000 | P_010 S_000 )^0
    ( H_401 S_000 | P_100 S_000 )^0
    ( H_401 S_000 | P_010 S_000 )^0
    ( H_401 S_000 | P_001 S_000 )^0
    ( H_320 S_000 | P_100 S_000 )^0
    ( H_320 S_000 | P_010 S_000 )^0
    ( H_311 S_000 | P_100 S_000 )^0
    ( H_311 S_000 | P_010 S_000 )^0
    ( H_311 S_000 | P_001 S_000 )^0
    ( H_302 S_000 | P_100 S_000 )^0
    ( H_302 S_000 | P_010 S_000 )^0
    ( H_302 S_000 | P_001 S_000 )^0
    ( H_230 S_000 | P_100 S_000 )^0
    ( H_230 S_000 | P_010 S_000 )^0
    ( H_221 S_000 | P_100 S_000 )^0
    ( H_221 S_000 | P_010 S_000 )^0
    ( H_221 S_000 | P_001 S_000 )^0
    ( H_212 S_000 | P_100 S_000 )^0
    ( H_212 S_000 | P_010 S_000 )^0
    ( H_212 S_000 | P_001 S_000 )^0
    ( H_203 S_000 | P_100 S_000 )^0
    ( H_203 S_000 | P_010 S_000 )^0
    ( H_203 S_000 | P_001 S_000 )^0
    ( H_140 S_000 | P_100 S_000 )^0
    ( H_140 S_000 | P_010 S_000 )^0
    ( H_131 S_000 | P_100 S_000 )^0
    ( H_131 S_000 | P_010 S_000 )^0
    ( H_131 S_000 | P_001 S_000 )^0
    ( H_122 S_000 | P_100 S_000 )^0
    ( H_122 S_000 | P_010 S_000 )^0
    ( H_122 S_000 | P_001 S_000 )^0
    ( H_113 S_000 | P_100 S_000 )^0
    ( H_113 S_000 | P_010 S_000 )^0
    ( H_113 S_000 | P_001 S_000 )^0
    ( H_104 S_000 | P_100 S_000 )^0
    ( H_104 S_000 | P_010 S_000 )^0
    ( H_104 S_000 | P_001 S_000 )^0
    ( H_050 S_000 | P_100 S_000 )^0
    ( H_050 S_000 | P_010 S_000 )^0
    ( H_041 S_000 | P_100 S_000 )^0
    ( H_041 S_000 | P_010 S_000 )^0
    ( H_041 S_000 | P_001 S_000 )^0
    ( H_032 S_000 | P_100 S_000 )^0
    ( H_032 S_000 | P_010 S_000 )^0
    ( H_032 S_000 | P_001 S_000 )^0
    ( H_023 S_000 | P_100 S_000 )^0
    ( H_023 S_000 | P_010 S_000 )^0
    ( H_023 S_000 | P_001 S_000 )^0
    ( H_014 S_000 | P_100 S_000 )^0
    ( H_014 S_000 | P_010 S_000 )^0
    ( H_014 S_000 | P_001 S_000 )^0
    ( H_005 S_000 | P_100 S_000 )^0
    ( H_005 S_000 | P_010 S_000 )^0
    ( H_005 S_000 | P_001 S_000 )^0
Generated 156 new targets
After pruning: 0 new targets
AMORDER: 8
   2 , 0 , 1 , 0
   3 , 0 , 1 , 0
   1 , 0 , 1 , 0
   2 , 0 , 2 , 0
   4 , 0 , 1 , 0
   3 , 0 , 2 , 0
   5 , 0 , 1 , 0
   4 , 0 , 2 , 0

MAP: 8
   1 , 0 , 1 , 0 Steps: 9
   2 , 0 , 1 , 0 Steps: 18
   2 , 0 , 2 , 0 Steps: 36
   3 , 0 , 1 , 0 Steps: 30
   3 , 0 , 2 , 0 Steps: 60
   4 , 0 , 1 , 0 Steps: 45
   4 , 0 , 2 , 0 Steps: 90
   5 , 0 , 1 , 0 Steps: 56



--------------------------------------------------------------------------------
ET step done. Solution is 344 steps
--------------------------------------------------------------------------------
( D_200 S_000 | P_100 S_000 )^0_{t} = x * ( D_200 S_000 | S_000 S_000 )^0 + ( P_100 S_000 | S_000 S_000 )^0 - ( F_300 S_000 | S_000 S_000 )^0
( D_200 S_000 | P_010 S_000 )^0_{t} = y * ( D_200 S_000 | S_000 S_000 )^0 - ( F_210 S_000 | S_000 S_000 )^0
( D_200 S_000 | P_001 S_000 )^0_{t} = z * ( D_200 S_000 | S_000 S_000 )^0 - ( F_201 S_000 | S_000 S_000 )^0
( D_110 S_000 | P_100 S_000 )^0_{t} = x * ( D_110 S_000 | S_000 S_000 )^0 + ( P_010 S_000 | S_000 S_000 )^0 - ( F_210 S_000 | S_000 S_000 )^0
( D_110 S_000 | P_010 S_000 )^0_{t} = y * ( D_110 S_000 | S_000 S_000 )^0 + ( P_100 S_000 | S_000 S_000 )^0 - ( F_120 S_000 | S_000 S_000 )^0
( D_110 S_000 | P_001 S_000 )^0_{t} = z * ( D_110 S_000 | S_000 S_000 )^0 - ( F_111 S_000 | S_000 S_000 )^0
( D_101 S_000 | P_100 S_000 )^0_{t} = x * ( D_101 S_000 | S_000 S_000 )^0 + ( P_001 S_000 | S_000 S_000 )^0 - ( F_201 S_000 | S_000 S_000 )^0
( D_101 S_000 | P_010 S_000 )^0_{t} = y * ( D_101 S_000 | S_000 S_000 )^0 - ( F_111 S_000 | S_000 S_000 )^0
( D_101 S_000 | P_001 S_000 )^0_{t} = z * ( D_101 S_000 | S_000 S_000 )^0 + ( P_100 S_000 | S_000 S_000 )^0 - ( F_102 S_000 | S_000 S_000 )^0
( D_020 S_000 | P_100 S_000 )^0_{t} = x * ( D_020 S_000 | S_000 S_000 )^0 - ( F_120 S_000 | S_000 S_000 )^0
( D_020 S_000 | P_010 S_000 )^0_{t} = y * ( D_020 S_000 | S_000 S_000 )^0 + ( P_010 S_000 | S_000 S_000 )^0 - ( F_030 S_000 | S_000 S_000 )^0
( D_020 S_000 | P_001 S_000 )^0_{t} = z * ( D_020 S_000 | S_000 S_000 )^0 - ( F_021 S_000 | S_000 S_000 )^0
( D_011 S_000 | P_100 S_000 )^0_{t} = x * ( D_011 S_000 | S_000 S_000 )^0 - ( F_111 S_000 | S_000 S_000 )^0
( D_011 S_000 | P_010 S_000 )^0_{t} = y * ( D_011 S_000 | S_000 S_000 )^0 + ( P_001 S_000 | S_000 S_000 )^0 - ( F_021 S_000 | S_000 S_000 )^0
( D_011 S_000 | P_001 S_000 )^0_{t} = z * ( D_011 S_000 | S_000 S_000 )^0 + ( P_010 S_000 | S_000 S_000 )^0 - ( F_012 S_000 | S_000 S_000 )^0
( D_002 S_000 | P_100 S_000 )^0_{t} = x * ( D_002 S_000 | S_000 S_000 )^0 - ( F_102 S_000 | S_000 S_000 )^0
( D_002 S_000 | P_010 S_000 )^0_{t} = y * ( D_002 S_000 | S_000 S_000 )^0 - ( F_012 S_000 | S_000 S_000 )^0
( D_002 S_000 | P_001 S_000 )^0_{t} = z * ( D_002 S_000 | S_000 S_000 )^0 + ( P_001 S_000 | S_000 S_000 )^0 - ( F_003 S_000 | S_000 S_000 )^0
( F_300 S_000 | P_100 S_000 )^0_{t} = x * ( F_300 S_000 | S_000 S_000 )^0 + ( D_200 S_000 | S_000 S_000 )^0 - ( G_400 S_000 | S_000 S_000 )^0
( F_300 S_000 | P_010 S_000 )^0_{t} = y * ( F_300 S_000 | S_000 S_000 )^0 - ( G_310 S_000 | S_000 S_000 )^0
( F_300 S_000 | P_001 S_000 )^0_{t} = z * ( F_300 S_000 | S_000 S_000 )^0 - ( G_301 S_000 | S_000 S_000 )^0
( F_210 S_000 | P_100 S_000 )^0_{t} = x * ( F_210 S_000 | S_000 S_000 )^0 + ( D_110 S_000 | S_000 S_000 )^0 - ( G_310 S_000 | S_000 S_000 )^0
( F_210 S_000 | P_010 S_000 )^0_{t} = y * ( F_210 S_000 | S_000 S_000 )^0 + ( D_200 S_000 | S_000 S_000 )^0 - ( G_220 S_000 | S_000 S_000 )^0
( F_210 S_000 | P_001 S_000 )^0_{t} = z * ( F_210 S_000 | S_000 S_000 )^0 - ( G_211 S_000 | S_000 S_000 )^0
( F_201 S_000 | P_100 S_000 )^0_{t} = x * ( F_201 S_000 | S_000 S_000 )^0 + ( D_101 S_000 | S_000 S_000 )^0 - ( G_301 S_000 | S_000 S_000 )^0
( F_201 S_000 | P_010 S_000 )^0_{t} = y * ( F_201 S_000 | S_000 S_000 )^0 - ( G_211 S_000 | S_000 S_000 )^0
( F_201 S_000 | P_001 S_000 )^0_{t} = z * ( F_201 S_000 | S_000 S_000 )^0 + ( D_200 S_000 | S_000 S_000 )^0 - ( G_202 S_000 | S_000 S_000 )^0
( F_120 S_000 | P_100 S_000 )^0_{t} = x * ( F_120 S_000 | S_000 S_000 )^0 + ( D_020 S_000 | S_000 S_000 )^0 - ( G_220 S_000 | S_000 S_000 )^0
( F_120 S_000 | P_010 S_000 )^0_{t} = y * ( F_120 S_000 | S_000 S_000 )^0 + ( D_110 S_000 | S_000 S_000 )^0 - ( G_130 S_000 | S_000 S_000 )^0
( F_120 S_000 | P_001 S_000 )^0_{t} = z * ( F_120 S_000 | S_000 S_000 )^0 - ( G_121 S_000 | S_000 S_000 )^0
( F_111 S_000 | P_100 S_000 )^0_{t} = x * ( F_111 S_000 | S_000 S_000 )^0 + ( D_011 S_000 | S_000 S_000 )^0 - ( G_211 S_000 | S_000 S_000 )^0
( F_111 S_000 | P_010 S_000 )^0_{t} = y * ( F_111 S_000 | S_000 S_000 )^0 + ( D_101 S_000 | S_000 S_000 )^0 - ( G_121 S_000 | S_000 S_000 )^0
( F_111 S_000 | P_001 S_000 )^0_{t} = z * ( F_111 S_000 | S_000 S_000 )^0 + ( D_110 S_000 | S_000 S_000 )^0 - ( G_112 S_000 | S_000 S_000 )^0
( F_102 S_000 | P_100 S_000 )^0_{t} = x * ( F_102 S_000 | S_000 S_000 )^0 + ( D_002 S_000 | S_000 S_000 )^0 - ( G_202 S_000 | S_000 S_000 )^0
( F_102 S_000 | P_010 S_000 )^0_{t} = y * ( F_102 S_000 | S_000 S_000 )^0 - ( G_112 S_000 | S_000 S_000 )^0
( F_102 S_000 | P_001 S_000 )^0_{t} = z * ( F_102 S_000 | S_000 S_000 )^0 + ( D_101 S_000 | S_000 S_000 )^0 - ( G_103 S_000 | S_000 S_000 )^0
( F_030 S_000 | P_100 S_000 )^0_{t} = x * ( F_030 S_000 | S_000 S_000 )^0 - ( G_130 S_000 | S_000 S_000 )^0
( F_030 S_000 | P_010 S_000 )^0_{t} = y * ( F_030 S_000 | S_000 S_000 )^0 + ( D_020 S_000 | S_000 S_000 )^0 - ( G_040 S_000 | S_000 S_000 )^0
( F_030 S_000 | P_001 S_000 )^0_{t} = z * ( F_030 S_000 | S_000 S_000 )^0 - ( G_031 S_000 | S_000 S_000 )^0
( F_021 S_000 | P_100 S_000 )^0_{t} = x * ( F_021 S_000 | S_000 S_000 )^0 - ( G_121 S_000 | S_000 S_000 )^0
( F_021 S_000 | P_010 S_000 )^0_{t} = y * ( F_021 S_000 | S_000 S_000 )^0 + ( D_011 S_000 | S_000 S_000 )^0 - ( G_031 S_000 | S_000 S_000 )^0
( F_021 S_000 | P_001 S_000 )^0_{t} = z * ( F_021 S_000 | S_000 S_000 )^0 + ( D_020 S_000 | S_000 S_000 )^0 - ( G_022 S_000 | S_000 S_000 )^0
( F_012 S_000 | P_100 S_000 )^0_{t} = x * ( F_012 S_000 | S_000 S_000 )^0 - ( G_112 S_000 | S_000 S_000 )^0
( F_012 S_000 | P_010 S_000 )^0_{t} = y * ( F_012 S_000 | S_000 S_000 )^0 + ( D_002 S_000 | S_000 S_000 )^0 - ( G_022 S_000 | S_000 S_000 )^0
( F_012 S_000 | P_001 S_000 )^0_{t} = z * ( F_012 S_000 | S_000 S_000 )^0 + ( D_011 S_000 | S_000 S_000 )^0 - ( G_013 S_000 | S_000 S_000 )^0
( F_003 S_000 | P_100 S_000 )^0_{t} = x * ( F_003 S_000 | S_000 S_000 )^0 - ( G_103 S_000 | S_000 S_000 )^0
( F_003 S_000 | P_010 S_000 )^0_{t} = y * ( F_003 S_000 | S_000 S_000 )^0 - ( G_013 S_000 | S_000 S_000 )^0
( F_003 S_000 | P_001 S_000 )^0_{t} = z * ( F_003 S_000 | S_000 S_000 )^0 + ( D_002 S_000 | S_000 S_000 )^0 - ( G_004 S_000 | S_000 S_000 )^0
( P_100 S_000 | P_100 S_000 )^0 = x * ( P_100 S_000 | S_000 S_000 )^0 + ( S_000 S_000 | S_000 S_000 )^0 - ( D_200 S_000 | S_000 S_000 )^0
( P_100 S_000 | P_010 S_000 )^0 = y * ( P_100 S_000 | S_000 S_000 )^0 - ( D_110 S_000 | S_000 S_000 )^0
( P_100 S_000 | P_001 S_000 )^0 = z * ( P_100 S_000 | S_000 S_000 )^0 - ( D_101 S_000 | S_000 S_000 )^0
( P_010 S_000 | P_100 S_000 )^0 = x * ( P_010 S_000 | S_000 S_000 )^0 - ( D_110 S_000 | S_000 S_000 )^0
( P_010 S_000 | P_010 S_000 )^0 = y * ( P_010 S_000 | S_000 S_000 )^0 + ( S_000 S_000 | S_000 S_000 )^0 - ( D_020 S_000 | S_000 S_000 )^0
( P_010 S_000 | P_001 S_000 )^0 = z * ( P_010 S_000 | S_000 S_000 )^0 - ( D_011 S_000 | S_000 S_000 )^0
( P_001 S_000 | P_100 S_000 )^0 = x * ( P_001 S_000 | S_000 S_000 )^0 - ( D_101 S_000 | S_000 S_000 )^0
( P_001 S_000 | P_010 S_000 )^0 = y * ( P_001 S_000 | S_000 S_000 )^0 - ( D_011 S_000 | S_000 S_000 )^0
( P_001 S_000 | P_001 S_000 )^0 = z * ( P_001 S_000 | S_000 S_000 )^0 + ( S_000 S_000 | S_000 S_000 )^0 - ( D_002 S_000 | S_000 S_000 )^0
( D_200 S_000 | D_200 S_000 )^0_{t} = x * ( D_200 S_000 | P_100 S_000 )^0 + ( P_100 S_000 | P_100 S_000 )^0 + ( D_200 S_000 | S_000 S_000 )^0 - ( F_300 S_000 | P_100 S_000 )^0
( D_200 S_000 | D_110 S_000 )^0_{t} = y * ( D_200 S_000 | P_100 S_000 )^0 - ( F_210 S_000 | P_100 S_000 )^0
( D_200 S_000 | D_101 S_000 )^0_{t} = z * ( D_200 S_000 | P_100 S_000 )^0 - ( F_201 S_000 | P_100 S_000 )^0
( D_200 S_000 | D_020 S_000 )^0_{t} = y * ( D_200 S_000 | P_010 S_000 )^0 + ( D_200 S_000 | S_000 S_000 )^0 - ( F_210 S_000 | P_010 S_000 )^0
( D_200 S_000 | D_011 S_000 )^0_{t} = z * ( D_200 S_000 | P_010 S_000 )^0 - ( F_201 S_000 | P_010 S_000 )^0
( D_200 S_000 | D_002 S_000 )^0_{t} = z * ( D_200 S_000 | P_001 S_000 )^0 + ( D_200 S_000 | S_000 S_000 )^0 - ( F_201 S_000 | P_001 S_000 )^0
( D_110 S_000 | D_200 S_000 )^0_{t} = x * ( D_110 S_000 | P_100 S_000 )^0 + ( P_010 S_000 | P_100 S_000 )^0 + ( D_110 S_000 | S_000 S_000 )^0 - ( F_210 S_000 | P_100 S_000 )^0
( D_110 S_000 | D_110 S_000 )^0_{t} = y * ( D_110 S_000 | P_100 S_000 )^0 + ( P_100 S_000 | P_100 S_000 )^0 - ( F_120 S_000 | P_100 S_000 )^0
( D_110 S_000 | D_101 S_000 )^0_{t} = z * ( D_110 S_000 | P_100 S_000 )^0 - ( F_111 S_000 | P_100 S_000 )^0
( D_110 S_000 | D_020 S_000 )^0_{t} = y * ( D_110 S_000 | P_010 S_000 )^0 + ( P_100 S_000 | P_010 S_000 )^0 + ( D_110 S_000 | S_000 S_000 )^0 - ( F_120 S_000 | P_010 S_000 )^0
( D_110 S_000 | D_011 S_000 )^0_{t} = z * ( D_110 S_000 | P_010 S_000 )^0 - ( F_111 S_000 | P_010 S_000 )^0
( D_110 S_000 | D_002 S_000 )^0_{t} = z * ( D_110 S_000 | P_001 S_000 )^0 + ( D_110 S_000 | S_000 S_000 )^0 - ( F_111 S_000 | P_001 S_000 )^0
( D_101 S_000 | D_200 S_000 )^0_{t} = x * ( D_101 S_000 | P_100 S_000 )^0 + ( P_001 S_000 | P_100 S_000 )^0 + ( D_101 S_000 | S_000 S_000 )^0 - ( F_201 S_000 | P_100 S_000 )^0
( D_101 S_000 | D_110 S_000 )^0_{t} = y * ( D_101 S_000 | P_100 S_000 )^0 - ( F_111 S_000 | P_100 S_000 )^0
( D_101 S_000 | D_101 S_000 )^0_{t} = z * ( D_101 S_000 | P_100 S_000 )^0 + ( P_100 S_000 | P_100 S_000 )^0 - ( F_102 S_000 | P_100 S_000 )^0
( D_101 S_000 | D_020 S_000 )^0_{t} = y * ( D_101 S_000 | P_010 S_000 )^0 + ( D_101 S_000 | S_000 S_000 )^0 - ( F_111 S_000 | P_010 S_000 )^0
( D_101 S_000 | D_011 S_000 )^0_{t} = z * ( D_101 S_000 | P_010 S_000 )^0 + ( P_100 S_000 | P_010 S_000 )^0 - ( F_102 S_000 | P_010 S_000 )^0
( D_101 S_000 | D_002 S_000 )^0_{t} = z * ( D_101 S_000 | P_001 S_000 )^0 + ( P_100 S_000 | P_001 S_000 )^0 + ( D_101 S_000 | S_000 S_000 )^0 - ( F_102 S_000 | P_001 S_000 )^0
( D_020 S_000 | D_200 S_000 )^0_{t} = x * ( D_020 S_000 | P_100 S_000 )^0 + ( D_020 S_000 | S_000 S_000 )^0 - ( F_120 S_000 | P_100 S_000 )^0
( D_020 S_000 | D_110 S_000 )^0_{t} = y * ( D_020 S_000 | P_100 S_000 )^0 + ( P_010 S_000 | P_100 S_000 )^0 - ( F_030 S_000 | P_100 S_000 )^0
( D_020 S_000 | D_101 S_000 )^0_{t} = z * ( D_020 S_000 | P_100 S_000 )^0 - ( F_021 S_000 | P_100 S_000 )^0
( D_020 S_000 | D_020 S_000 )^0_{t} = y * ( D_020 S_000 | P_010 S_000 )^0 + ( P_010 S_000 | P_010 S_000 )^0 + ( D_020 S_000 | S_000 S_000 )^0 - ( F_030 S_000 | P_010 S_000 )^0
( D_020 S_000 | D_011 S_000 )^0_{t} = z * ( D_020 S_000 | P_010 S_000 )^0 - ( F_021 S_000 | P_010 S_000 )^0
( D_020 S_000 | D_002 S_000 )^0_{t} = z * ( D_020 S_000 | P_001 S_000 )^0 + ( D_020 S_000 | S_000 S_000 )^0 - ( F_021 S_000 | P_001 S_000 )^0
( D_011 S_000 | D_200 S_000 )^0_{t} = x * ( D_011 S_000 | P_100 S_000 )^0 + ( D_011 S_000 | S_000 S_000 )^0 - ( F_111 S_000 | P_100 S_000 )^0
( D_011 S_000 | D_110 S_000 )^0_{t} = y * ( D_011 S_000 | P_100 S_000 )^0 + ( P_001 S_000 | P_100 S_000 )^0 - ( F_021 S_000 | P_100 S_000 )^0
( D_011 S_000 | D_101 S_000 )^0_{t} = z * ( D_011 S_000 | P_100 S_000 )^0 + ( P_010 S_000 | P_100 S_000 )^0 - ( F_012 S_000 | P_100 S_000 )^0
( D_011 S_000 | D_020 S_000 )^0_{t} = y * ( D_011 S_000 | P_010 S_000 )^0 + ( P_001 S_000 | P_010 S_000 )^0 + ( D_011 S_000 | S_000 S_000 )^0 - ( F_021 S_000 | P_010 S_000 )^0
( D_011 S_000 | D_011 S_000 )^0_{t} = z * ( D_011 S_000 | P_010 S_000 )^0 + ( P_010 S_000 | P_010 S_000 )^0 - ( F_012 S_000 | P_010 S_000 )^0
( D_011 S_000 | D_002 S_000 )^0_{t} = z * ( D_011 S_000 | P_001 S_000 )^0 + ( P_010 S_000 | P_001 S_000 )^0 + ( D_011 S_000 | S_000 S_000 )^0 - ( F_012 S_000 | P_001 S_000 )^0
( D_002 S_000 | D_200 S_000 )^0_{t} = x * ( D_002 S_000 | P_100 S_000 )^0 + ( D_002 S_000 | S_000 S_000 )^0 - ( F_102 S_000 | P_100 S_000 )^0
( D_002 S_000 | D_110 S_000 )^0_{t} = y * ( D_002 S_000 | P_100 S_000 )^0 - ( F_012 S_000 | P_100 S_000 )^0
( D_002 S_000 | D_101 S_000 )^0_{t} = z * ( D_002 S_000 | P_100 S_000 )^0 + ( P_001 S_000 | P_100 S_000 )^0 - ( F_003 S_000 | P_100 S_000 )^0
( D_002 S_000 | D_020 S_000 )^0_{t} = y * ( D_002 S_000 | P_010 S_000 )^0 + ( D_002 S_000 | S_000 S_000 )^0 - ( F_012 S_000 | P_010 S_000 )^0
( D_002 S_000 | D_011 S_000 )^0_{t} = z * ( D_002 S_000 | P_010 S_000 )^0 + ( P_001 S_000 | P_010 S_000 )^0 - ( F_003 S_000 | P_010 S_000 )^0
( D_002 S_000 | D_002 S_000 )^0_{t} = z * ( D_002 S_000 | P_001 S_000 )^0 + ( P_001 S_000 | P_001 S_000 )^0 + ( D_002 S_000 | S_000 S_000 )^0 - ( F_003 S_000 | P_001 S_000 )^0
( G_400 S_000 | P_100 S_000 )^0_{t} = x * ( G_400 S_000 | S_000 S_000 )^0 + ( F_300 S_000 | S_000 S_000 )^0 - ( H_500 S_000 | S_000 S_000 )^0
( G_400 S_000 | P_010 S_000 )^0_{t} = y * ( G_400 S_000 | S_000 S_000 )^0 - ( H_410 S_000 | S_000 S_000 )^0
( G_400 S_000 | P_001 S_000 )^0_{t} = z * ( G_400 S_000 | S_000 S_000 )^0 - ( H_401 S_000 | S_000 S_000 )^0
( G_310 S_000 | P_100 S_000 )^0_{t} = x * ( G_310 S_000 | S_000 S_000 )^0 + ( F_210 S_000 | S_000 S_000 )^0 - ( H_410 S_000 | S_000 S_000 )^0
( G_310 S_000 | P_010 S_000 )^0_{t} = y * ( G_310 S_000 | S_000 S_000 )^0 + ( F_300 S_000 | S_000 S_000 )^0 - ( H_320 S_000 | S_000 S_000 )^0
( G_310 S_000 | P_001 S_000 )^0_{t} = z * ( G_310 S_000 | S_000 S_000 )^0 - ( H_311 S_000 | S_000 S_000 )^0
( G_301 S_000 | P_100 S_000 )^0_{t} = x * ( G_301 S_000 | S_000 S_000 )^0 + ( F_201 S_000 | S_000 S_000 )^0 - ( H_401 S_000 | S_000 S_000 )^0
( G_301 S_000 | P_010 S_000 )^0_{t} = y * ( G_301 S_000 | S_000 S_000 )^0 - ( H_311 S_000 | S_000 S_000 )^0
( G_301 S_000 | P_001 S_000 )^0_{t} = z * ( G_301 S_000 | S_000 S_000 )^0 + ( F_300 S_000 | S_000 S_000 )^0 - ( H_302 S_000 | S_000 S_000 )^0
( G_220 S_000 | P_100 S_000 )^0_{t} = x * ( G_220 S_000 | S_000 S_000 )^0 + ( F_120 S_000 | S_000 S_000 )^0 - ( H_320 S_000 | S_000 S_000 )^0
( G_220 S_000 | P_010 S_000 )^0_{t} = y * ( G_220 S_000 | S_000 S_000 )^0 + ( F_210 S_000 | S_000 S_000 )^0 - ( H_230 S_000 | S_000 S_000 )^0
( G_220 S_000 | P_001 S_000 )^0_{t} = z * ( G_220 S_000 | S_000 S_000 )^0 - ( H_221 S_000 | S_000 S_000 )^0
( G_211 S_000 | P_100 S_000 )^0_{t} = x * ( G_211 S_000 | S_000 S_000 )^0 + ( F_111 S_000 | S_000 S_000 )^0 - ( H_311 S_000 | S_000 S_000 )^0
( G_211 S_000 | P_010 S_000 )^0_{t} = y * ( G_211 S_000 | S_000 S_000 )^0 + ( F_201 S_000 | S_000 S_000 )^0 - ( H_221 S_000 | S_000 S_000 )^0
( G_211 S_000 | P_001 S_000 )^0_{t} = z * ( G_211 S_000 | S_000 S_000 )^0 + ( F_210 S_000 | S_000 S_000 )^0 - ( H_212 S_000 | S_000 S_000 )^0
( G_202 S_000 | P_100 S_000 )^0_{t} = x * ( G_202 S_000 | S_000 S_000 )^0 + ( F_102 S_000 | S_000 S_000 )^0 - ( H_302 S_000 | S_000 S_000 )^0
( G_202 S_000 | P_010 S_000 )^0_{t} = y * ( G_202 S_000 | S_000 S_000 )^0 - ( H_212 S_000 | S_000 S_000 )^0
( G_202 S_000 | P_001 S_000 )^0_{t} = z * ( G_202 S_000 | S_000 S_000 )^0 + ( F_201 S_000 | S_000 S_000 )^0 - ( H_203 S_000 | S_000 S_000 )^0
( G_130 S_000 | P_100 S_000 )^0_{t} = x * ( G_130 S_000 | S_000 S_000 )^0 + ( F_030 S_000 | S_000 S_000 )^0 - ( H_230 S_000 | S_000 S_000 )^0
( G_130 S_000 | P_010 S_000 )^0_{t} = y * ( G_130 S_000 | S_000 S_000 )^0 + ( F_120 S_000 | S_000 S_000 )^0 - ( H_140 S_000 | S_000 S_000 )^0
( G_130 S_000 | P_001 S_000 )^0_{t} = z * ( G_130 S_000 | S_000 S_000 )^0 - ( H_131 S_000 | S_000 S_000 )^0
( G_121 S_000 | P_100 S_000 )^0_{t} = x * ( G_121 S_000 | S_000 S_000 )^0 + ( F_021 S_000 | S_000 S_000 )^0 - ( H_221 S_000 | S_000 S_000 )^0
( G_121 S_000 | P_010 S_000 )^0_{t} = y * ( G_121 S_000 | S_000 S_000 )^0 + ( F_111 S_000 | S_000 S_000 )^0 - ( H_131 S_000 | S_000 S_000 )^0
( G_121 S_000 | P_001 S_000 )^0_{t} = z * ( G_121 S_000 | S_000 S_000 )^0 + ( F_120 S_000 | S_000 S_000 )^0 - ( H_122 S_000 | S_000 S_000 )^0
( G_112 S_000 | P_100 S_000 )^0_{t} = x * ( G_112 S_000 | S_000 S_000 )^0 + ( F_012 S_000 | S_000 S_000 )^0 - ( H_212 S_000 | S_000 S_000 )^0
( G_112 S_000 | P_010 S_000 )^0_{t} = y * ( G_112 S_000 | S_000 S_000 )^0 + ( F_102 S_000 | S_000 S_000 )^0 - ( H_122 S_000 | S_000 S_000 )^0
( G_112 S_000 | P_001 S_000 )^0_{t} = z * ( G_112 S_000 | S_000 S_000 )^0 + ( F_111 S_000 | S_000 S_000 )^0 - ( H_113 S_000 | S_000 S_000 )^0
( G_103 S_000 | P_100 S_000 )^0_{t} = x * ( G_103 S_000 | S_000 S_000 )^0 + ( F_003 S_000 | S_000 S_000 )^0 - ( H_203 S_000 | S_000 S_000 )^0
( G_103 S_000 | P_010 S_000 )^0_{t} = y * ( G_103 S_000 | S_000 S_000 )^0 - ( H_113 S_000 | S_000 S_000 )^0
( G_103 S_000 | P_001 S_000 )^0_{t} = z * ( G_103 S_000 | S_000 S_000 )^0 + ( F_102 S_000 | S_000 S_000 )^0 - ( H_104 S_000 | S_000 S_000 )^0
( G_040 S_000 | P_100 S_000 )^0_{t} = x * ( G_040 S_000 | S_000 S_000 )^0 - ( H_140 S_000 | S_000 S_000 )^0
( G_040 S_000 | P_010 S_000 )^0_{t} = y * ( G_040 S_000 | S_000 S_000 )^0 + ( F_030 S_000 | S_000 S_000 )^0 - ( H_050 S_000 | S_000 S_000 )^0
( G_040 S_000 | P_001 S_000 )^0_{t} = z * ( G_040 S_000 | S_000 S_000 )^0 - ( H_041 S_000 | S_000 S_000 )^0
( G_031 S_000 | P_100 S_000 )^0_{t} = x * ( G_031 S_000 | S_000 S_000 )^0 - ( H_131 S_000 | S_000 S_000 )^0
( G_031 S_000 | P_010 S_000 )^0_{t} = y * ( G_031 S_000 | S_000 S_000 )^0 + ( F_021 S_000 | S_000 S_000 )^0 - ( H_041 S_000 | S_000 S_000 )^0
( G_031 S_000 | P_001 S_000 )^0_{t} = z * ( G_031 S_000 | S_000 S_000 )^0 + ( F_030 S_000 | S_000 S_000 )^0 - ( H_032 S_000 | S_000 S_000 )^0
( G_022 S_000 | P_100 S_000 )^0_{t} = x * ( G_022 S_000 | S_000 S_000 )^0 - ( H_122 S_000 | S_000 S_000 )^0
( G_022 S_000 | P_010 S_000 )^0_{t} = y * ( G_022 S_000 | S_000 S_000 )^0 + ( F_012 S_000 | S_000 S_000 )^0 - ( H_032 S_000 | S_000 S_000 )^0
( G_022 S_000 | P_001 S_000 )^0_{t} = z * ( G_022 S_000 | S_000 S_000 )^0 + ( F_021 S_000 | S_000 S_000 )^0 - ( H_023 S_000 | S_000 S_000 )^0
( G_013 S_000 | P_100 S_000 )^0_{t} = x * ( G_013 S_000 | S_000 S_000 )^0 - ( H_113 S_000 | S_000 S_000 )^0
( G_013 S_000 | P_010 S_000 )^0_{t} = y * ( G_013 S_000 | S_000 S_000 )^0 + ( F_003 S_000 | S_000 S_000 )^0 - ( H_023 S_000 | S_000 S_000 )^0
( G_013 S_000 | P_001 S_000 )^0_{t} = z * ( G_013 S_000 | S_000 S_000 )^0 + ( F_012 S_000 | S_000 S_000 )^0 - ( H_014 S_000 | S_000 S_000 )^0
( G_004 S_000 | P_100 S_000 )^0_{t} = x * ( G_004 S_000 | S_000 S_000 )^0 - ( H_104 S_000 | S_000 S_000 )^0
( G_004 S_000 | P_010 S_000 )^0_{t} = y * ( G_004 S_000 | S_000 S_000 )^0 - ( H_014 S_000 | S_000 S_000 )^0
( G_004 S_000 | P_001 S_000 )^0_{t} = z * ( G_004 S_000 | S_000 S_000 )^0 + ( F_003 S_000 | S_000 S_000 )^0 - ( H_005 S_000 | S_000 S_000 )^0
( F_300 S_000 | D_200 S_000 )^0_{t} = x * ( F_300 S_000 | P_100 S_000 )^0 + ( D_200 S_000 | P_100 S_000 )^0 + ( F_300 S_000 | S_000 S_000 )^0 - ( G_400 S_000 | P_100 S_000 )^0
( F_300 S_000 | D_110 S_000 )^0_{t} = y * ( F_300 S_000 | P_100 S_000 )^0 - ( G_310 S_000 | P_100 S_000 )^0
( F_300 S_000 | D_101 S_000 )^0_{t} = z * ( F_300 S_000 | P_100 S_000 )^0 - ( G_301 S_000 | P_100 S_000 )^0
( F_300 S_000 | D_020 S_000 )^0_{t} = y * ( F_300 S_000 | P_010 S_000 )^0 + ( F_300 S_000 | S_000 S_000 )^0 - ( G_310 S_000 | P_010 S_000 )^0
( F_300 S_000 | D_011 S_000 )^0_{t} = z * ( F_300 S_000 | P_010 S_000 )^0 - ( G_301 S_000 | P_010 S_000 )^0
( F_300 S_000 | D_002 S_000 )^0_{t} = z * ( F_300 S_000 | P_001 S_000 )^0 + ( F_300 S_000 | S_000 S_000 )^0 - ( G_301 S_000 | P_001 S_000 )^0
( F_210 S_000 | D_200 S_000 )^0_{t} = x * ( F_210 S_000 | P_100 S_000 )^0 + ( D_110 S_000 | P_100 S_000 )^0 + ( F_210 S_000 | S_000 S_000 )^0 - ( G_310 S_000 | P_100 S_000 )^0
( F_210 S_000 | D_110 S_000 )^0_{t} = y * ( F_210 S_000 | P_100 S_000 )^0 + ( D_200 S_000 | P_100 S_000 )^0 - ( G_220 S_000 | P_100 S_000 )^0
( F_210 S_000 | D_101 S_000 )^0_{t} = z * ( F_210 S_000 | P_100 S_000 )^0 - ( G_211 S_000 | P_100 S_000 )^0
( F_210 S_000 | D_020 S_000 )^0_{t} = y * ( F_210 S_000 | P_010 S_000 )^0 + ( D_200 S_000 | P_010 S_000 )^0 + ( F_210 S_000 | S_000 S_000 )^0 - ( G_220 S_000 | P_010 S_000 )^0
( F_210 S_000 | D_011 S_000 )^0_{t} = z * ( F_210 S_000 | P_010 S_000 )^0 - ( G_211 S_000 | P_010 S_000 )^0
( F_210 S_000 | D_002 S_000 )^0_{t} = z * ( F_210 S_000 | P_001 S_000 )^0 + ( F_210 S_000 | S_000 S_000 )^0 - ( G_211 S_000 | P_001 S_000 )^0
( F_201 S_000 | D_200 S_000 )^0_{t} = x * ( F_201 S_000 | P_100 S_000 )^0 + ( D_101 S_000 | P_100 S_000 )^0 + ( F_201 S_000 | S_000 S_000 )^0 - ( G_301 S_000 | P_100 S_000 )^0
( F_201 S_000 | D_110 S_000 )^0_{t} = y * ( F_201 S_000 | P_100 S_000 )^0 - ( G_211 S_000 | P_100 S_000 )^0
( F_201 S_000 | D_101 S_000 )^0_{t} = z * ( F_201 S_000 | P_100 S_000 )^0 + ( D_200 S_000 | P_100 S_000 )^0 - ( G_202 S_000 | P_100 S_000 )^0
( F_201 S_000 | D_020 S_000 )^0_{t} = y * ( F_201 S_000 | P_010 S_000 )^0 + ( F_201 S_000 | S_000 S_000 )^0 - ( G_211 S_000 | P_010 S_000 )^0
( F_201 S_000 | D_011 S_000 )^0_{t} = z * ( F_201 S_000 | P_010 S_000 )^0 + ( D_200 S_000 | P_010 S_000 )^0 - ( G_202 S_000 | P_010 S_000 )^0
( F_201 S_000 | D_002 S_000 )^0_{t} = z * ( F_201 S_000 | P_001 S_000 )^0 + ( D_200 S_000 | P_001 S_000 )^0 + ( F_201 S_000 | S_000 S_000 )^0 - ( G_202 S_000 | P_001 S_000 )^0
( F_120 S_000 | D_200 S_000 )^0_{t} = x * ( F_120 S_000 | P_100 S_000 )^0 + ( D_020 S_000 | P_100 S_000 )^0 + ( F_120 S_000 | S_000 S_000 )^0 - ( G_220 S_000 | P_100 S_000 )^0
( F_120 S_000 | D_110 S_000 )^0_{t} = y * ( F_120 S_000 | P_100 S_000 )^0 + ( D_110 S_000 | P_100 S_000 )^0 - ( G_130 S_000 | P_100 S_000 )^0
( F_120 S_000 | D_101 S_000 )^0_{t} = z * ( F_120 S_000 | P_100 S_000 )^0 - ( G_121 S_000 | P_100 S_000 )^0
( F_120 S_000 | D_020 S_000 )^0_{t} = y * ( F_120 S_000 | P_010 S_000 )^0 + ( D_110 S_000 | P_010 S_000 )^0 + ( F_120 S_000 | S_000 S_000 )^0 - ( G_130 S_000 | P_010 S_000 )^0
( F_120 S_000 | D_011 S_000 )^0_{t} = z * ( F_120 S_000 | P_010 S_000 )^0 - ( G_121 S_000 | P_010 S_000 )^0
( F_120 S_000 | D_002 S_000 )^0_{t} = z * ( F_120 S_000 | P_001 S_000 )^0 + ( F_120 S_000 | S_000 S_000 )^0 - ( G_121 S_000 | P_001 S_000 )^0
( F_111 S_000 | D_200 S_000 )^0_{t} = x * ( F_111 S_000 | P_100 S_000 )^0 + ( D_011 S_000 | P_100 S_000 )^0 + ( F_111 S_000 | S_000 S_000 )^0 - ( G_211 S_000 | P_100 S_000 )^0
( F_111 S_000 | D_110 S_000 )^0_{t} = y * ( F_111 S_000 | P_100 S_000 )^0 + ( D_101 S_000 | P_100 S_000 )^0 - ( G_121 S_000 | P_100 S_000 )^0
( F_111 S_000 | D_101 S_000 )^0_{t} = z * ( F_111 S_000 | P_100 S_000 )^0 + ( D_110 S_000 | P_100 S_000 )^0 - ( G_112 S_000 | P_100 S_000 )^0
( F_111 S_000 | D_020 S_000 )^0_{t} = y * ( F_111 S_000 | P_010 S_000 )^0 + ( D_101 S_000 | P_010 S_000 )^0 + ( F_111 S_000 | S_000 S_000 )^0 - ( G_121 S_000 | P_010 S_000 )^0
( F_111 S_000 | D_011 S_000 )^0_{t} = z * ( F_111 S_000 | P_010 S_000 )^0 + ( D_110 S_000 | P_010 S_000 )^0 - ( G_112 S_000 | P_010 S_000 )^0
( F_111 S_000 | D_002 S_000 )^0_{t} = z * ( F_111 S_000 | P_001 S_000 )^0 + ( D_110 S_000 | P_001 S_000 )^0 + ( F_111 S_000 | S_000 S_000 )^0 - ( G_112 S_000 | P_001 S_000 )^0
( F_102 S_000 | D_200 S_000 )^0_{t} = x * ( F_102 S_000 | P_100 S_000 )^0 + ( D_002 S_000 | P_100 S_000 )^0 + ( F_102 S_000 | S_000 S_000 )^0 - ( G_202 S_000 | P_100 S_000 )^0
( F_102 S_000 | D_110 S_000 )^0_{t} = y * ( F_102 S_000 | P_100 S_000 )^0 - ( G_112 S_000 | P_100 S_000 )^0
( F_102 S_000 | D_101 S_000 )^0_{t} = z * ( F_102 S_000 | P_100 S_000 )^0 + ( D_101 S_000 | P_100 S_000 )^0 - ( G_103 S_000 | P_100 S_000 )^0
( F_102 S_000 | D_020 S_000 )^0_{t} = y * ( F_102 S_000 | P_010 S_000 )^0 + ( F_102 S_000 | S_000 S_000 )^0 - ( G_112 S_000 | P_010 S_000 )^0
( F_102 S_000 | D_011 S_000 )^0_{t} = z * ( F_102 S_000 | P_010 S_000 )^0 + ( D_101 S_000 | P_010 S_000 )^0 - ( G_103 S_000 | P_010 S_000 )^0
( F_102 S_000 | D_002 S_000 )^0_{t} = z * ( F_102 S_000 | P_001 S_000 )^0 + ( D_101 S_000 | P_001 S_000 )^0 + ( F_102 S_000 | S_000 S_000 )^0 - ( G_103 S_000 | P_001 S_000 )^0
( F_030 S_000 | D_200 S_000 )^0_{t} = x * ( F_030 S_000 | P_100 S_000 )^0 + ( F_030 S_000 | S_000 S_000 )^0 - ( G_130 S_000 | P_100 S_000 )^0
( F_030 S_000 | D_110 S_000 )^0_{t} = y * ( F_030 S_000 | P_100 S_000 )^0 + ( D_020 S_000 | P_100 S_000 )^0 - ( G_040 S_000 | P_100 S_000 )^0
( F_030 S_000 | D_101 S_000 )^0_{t} = z * ( F_030 S_000 | P_100 S_000 )^0 - ( G_031 S_000 | P_100 S_000 )^0
( F_030 S_000 | D_020 S_000 )^0_{t} = y * ( F_030 S_000 | P_010 S_000 )^0 + ( D_020 S_000 | P_010 S_000 )^0 + ( F_030 S_000 | S_000 S_000 )^0 - ( G_040 S_000 | P_010 S_000 )^0
( F_030 S_000 | D_011 S_000 )^0_{t} = z * ( F_030 S_000 | P_010 S_000 )^0 - ( G_031 S_000 | P_010 S_000 )^0
( F_030 S_000 | D_002 S_000 )^0_{t} = z * ( F_030 S_000 | P_001 S_000 )^0 + ( F_030 S_000 | S_000 S_000 )^0 - ( G_031 S_000 | P_001 S_000 )^0
( F_021 S_000 | D_200 S_000 )^0_{t} = x * ( F_021 S_000 | P_100 S_000 )^0 + ( F_021 S_000 | S_000 S_000 )^0 - ( G_121 S_000 | P_100 S_000 )^0
( F_021 S_000 | D_110 S_000 )^0_{t} = y * ( F_021 S_000 | P_100 S_000 )^0 + ( D_011 S_000 | P_100 S_000 )^0 - ( G_031 S_000 | P_100 S_000 )^0
( F_021 S_000 | D_101 S_000 )^0_{t} = z * ( F_021 S_000 | P_100 S_000 )^0 + ( D_020 S_000 | P_100 S_000 )^0 - ( G_022 S_000 | P_100 S_000 )^0
( F_021 S_000 | D_020 S_000 )^0_{t} = y * ( F_021 S_000 | P_010 S_000 )^0 + ( D_011 S_000 | P_010 S_000 )^0 + ( F_021 S_000 | S_000 S_000 )^0 - ( G_031 S_000 | P_010 S_000 )^0
( F_021 S_000 | D_011 S_000 )^0_{t} = z * ( F_021 S_000 | P_010 S_000 )^0 + ( D_020 S_000 | P_010 S_000 )^0 - ( G_022 S_000 | P_010 S_000 )^0
( F_021 S_000 | D_002 S_000 )^0_{t} = z * ( F_021 S_000 | P_001 S_000 )^0 + ( D_020 S_000 | P_001 S_000 )^0 + ( F_021 S_000 | S_000 S_000 )^0 - ( G_022 S_000 | P_001 S_000 )^0
( F_012 S_000 | D_200 S_000 )^0_{t} = x * ( F_012 S_000 | P_100 S_000 )^0 + ( F_012 S_000 | S_000 S_000 )^0 - ( G_112 S_000 | P_100 S_000 )^0
( F_012 S_000 | D_110 S_000 )^0_{t} = y * ( F_012 S_000 | P_100 S_000 )^0 + ( D_002 S_000 | P_100 S_000 )^0 - ( G_022 S_000 | P_100 S_000 )^0
( F_012 S_000 | D_101 S_000 )^0_{t} = z * ( F_012 S_000 | P_100 S_000 )^0 + ( D_011 S_000 | P_100 S_000 )^0 - ( G_013 S_000 | P_100 S_000 )^0
( F_012 S_000 | D_020 S_000 )^0_{t} = y * ( F_012 S_000 | P_010 S_000 )^0 + ( D_002 S_000 | P_010 S_000 )^0 + ( F_012 S_000 | S_000 S_000 )^0 - ( G_022 S_000 | P_010 S_000 )^0
( F_012 S_000 | D_011 S_000 )^0_{t} = z * ( F_012 S_000 | P_010 S_000 )^0 + ( D_011 S_000 | P_010 S_000 )^0 - ( G_013 S_000 | P_010 S_000 )^0
( F_012 S_000 | D_002 S_000 )^0_{t} = z * ( F_012 S_000 | P_001 S_000 )^0 + ( D_011 S_000 | P_001 S_000 )^0 + ( F_012 S_000 | S_000 S_000 )^0 - ( G_013 S_000 | P_001 S_000 )^0
( F_003 S_000 | D_200 S_000 )^0_{t} = x * ( F_003 S_000 | P_100 S_000 )^0 + ( F_003 S_000 | S_000 S_000 )^0 - ( G_103 S_000 | P_100 S_000 )^0
( F_003 S_000 | D_110 S_000 )^0_{t} = y * ( F_003 S_000 | P_100 S_000 )^0 - ( G_013 S_000 | P_100 S_000 )^0
( F_003 S_000 | D_101 S_000 )^0_{t} = z * ( F_003 S_000 | P_100 S_000 )^0 + ( D_002 S_000 | P_100 S_000 )^0 - ( G_004 S_000 | P_100 S_000 )^0
( F_003 S_000 | D_020 S_000 )^0_{t} = y * ( F_003 S_000 | P_010 S_000 )^0 + ( F_003 S_000 | S_000 S_000 )^0 - ( G_013 S_000 | P_010 S_000 )^0
( F_003 S_000 | D_011 S_000 )^0_{t} = z * ( F_003 S_000 | P_010 S_000 )^0 + ( D_002 S_000 | P_010 S_000 )^0 - ( G_004 S_000 | P_010 S_000 )^0
( F_003 S_000 | D_002 S_000 )^0_{t} = z * ( F_003 S_000 | P_001 S_000 )^0 + ( D_002 S_000 | P_001 S_000 )^0 + ( F_003 S_000 | S_000 S_000 )^0 - ( G_004 S_000 | P_001 S_000 )^0
( H_500 S_000 | P_100 S_000 )^0 = x * ( H_500 S_000 | S_000 S_000 )^0 + ( G_400 S_000 | S_000 S_000 )^0 - ( I_600 S_000 | S_000 S_000 )^0
( H_410 S_000 | P_100 S_000 )^0 = x * ( H_410 S_000 | S_000 S_000 )^0 + ( G_310 S_000 | S_000 S_000 )^0 - ( I_510 S_000 | S_000 S_000 )^0
( H_410 S_000 | P_010 S_000 )^0 = y * ( H_410 S_000 | S_000 S_000 )^0 + ( G_400 S_000 | S_000 S_000 )^0 - ( I_420 S_000 | S_000 S_000 )^0
( H_401 S_000 | P_100 S_000 )^0 = x * ( H_401 S_000 | S_000 S_000 )^0 + ( G_301 S_000 | S_000 S_000 )^0 - ( I_501 S_000 | S_000 S_000 )^0
( H_401 S_000 | P_010 S_000 )^0 = y * ( H_401 S_000 | S_000 S_000 )^0 - ( I_411 S_000 | S_000 S_000 )^0
( H_401 S_000 | P_001 S_000 )^0 = z * ( H_401 S_000 | S_000 S_000 )^0 + ( G_400 S_000 | S_000 S_000 )^0 - ( I_402 S_000 | S_000 S_000 )^0
( H_320 S_000 | P_100 S_000 )^0 = x * ( H_320 S_000 | S_000 S_000 )^0 + ( G_220 S_000 | S_000 S_000 )^0 - ( I_420 S_000 | S_000 S_000 )^0
( H_320 S_000 | P_010 S_000 )^0 = y * ( H_320 S_000 | S_000 S_000 )^0 + ( G_310 S_000 | S_000 S_000 )^0 - ( I_330 S_000 | S_000 S_000 )^0
( H_311 S_000 | P_100 S_000 )^0 = x * ( H_311 S_000 | S_000 S_000 )^0 + ( G_211 S_000 | S_000 S_000 )^0 - ( I_411 S_000 | S_000 S_000 )^0
( H_311 S_000 | P_010 S_000 )^0 = y * ( H_311 S_000 | S_000 S_000 )^0 + ( G_301 S_000 | S_000 S_000 )^0 - ( I_321 S_000 | S_000 S_000 )^0
( H_311 S_000 | P_001 S_000 )^0 = z * ( H_311 S_000 | S_000 S_000 )^0 + ( G_310 S_000 | S_000 S_000 )^0 - ( I_312 S_000 | S_000 S_000 )^0
( H_302 S_000 | P_100 S_000 )^0 = x * ( H_302 S_000 | S_000 S_000 )^0 + ( G_202 S_000 | S_000 S_000 )^0 - ( I_402 S_000 | S_000 S_000 )^0
( H_302 S_000 | P_010 S_000 )^0 = y * ( H_302 S_000 | S_000 S_000 )^0 - ( I_312 S_000 | S_000 S_000 )^0
( H_302 S_000 | P_001 S_000 )^0 = z * ( H_302 S_000 | S_000 S_000 )^0 + ( G_301 S_000 | S_000 S_000 )^0 - ( I_303 S_000 | S_000 S_000 )^0
( H_230 S_000 | P_100 S_000 )^0 = x * ( H_230 S_000 | S_000 S_000 )^0 + ( G_130 S_000 | S_000 S_000 )^0 - ( I_330 S_000 | S_000 S_000 )^0
( H_230 S_000 | P_010 S_000 )^0 = y * ( H_230 S_000 | S_000 S_000 )^0 + ( G_220 S_000 | S_000 S_000 )^0 - ( I_240 S_000 | S_000 S_000 )^0
( H_221 S_000 | P_100 S_000 )^0 = x * ( H_221 S_000 | S_000 S_000 )^0 + ( G_121 S_000 | S_000 S_000 )^0 - ( I_321 S_000 | S_000 S_000 )^0
( H_221 S_000 | P_010 S_000 )^0 = y * ( H_221 S_000 | S_000 S_000 )^0 + ( G_211 S_000 | S_000 S_000 )^0 - ( I_231 S_000 | S_000 S_000 )^0
( H_221 S_000 | P_001 S_000 )^0 = z * ( H_221 S_000 | S_000 S_000 )^0 + ( G_220 S_000 | S_000 S_000 )^0 - ( I_222 S_000 | S_000 S_000 )^0
( H_212 S_000 | P_100 S_000 )^0 = x * ( H_212 S_000 | S_000 S_000 )^0 + ( G_112 S_000 | S_000 S_000 )^0 - ( I_312 S_000 | S_000 S_000 )^0
( H_212 S_000 | P_010 S_000 )^0 = y * ( H_212 S_000 | S_000 S_000 )^0 + ( G_202 S_000 | S_000 S_000 )^0 - ( I_222 S_000 | S_000 S_000 )^0
( H_212 S_000 | P_001 S_000 )^0 = z * ( H_212 S_000 | S_000 S_000 )^0 + ( G_211 S_000 | S_000 S_000 )^0 - ( I_213 S_000 | S_000 S_000 )^0
( H_203 S_000 | P_100 S_000 )^0 = x * ( H_203 S_000 | S_000 S_000 )^0 + ( G_103 S_000 | S_000 S_000 )^0 - ( I_303 S_000 | S_000 S_000 )^0
( H_203 S_000 | P_010 S_000 )^0 = y * ( H_203 S_000 | S_000 S_000 )^0 - ( I_213 S_000 | S_000 S_000 )^0
( H_203 S_000 | P_001 S_000 )^0 = z * ( H_203 S_000 | S_000 S_000 )^0 + ( G_202 S_000 | S_000 S_000 )^0 - ( I_204 S_000 | S_000 S_000 )^0
( H_140 S_000 | P_100 S_000 )^0 = x * ( H_140 S_000 | S_000 S_000 )^0 + ( G_040 S_000 | S_000 S_000 )^0 - ( I_240 S_000 | S_000 S_000 )^0
( H_140 S_000 | P_010 S_000 )^0 = y * ( H_140 S_000 | S_000 S_000 )^0 + ( G_130 S_000 | S_000 S_000 )^0 - ( I_150 S_000 | S_000 S_000 )^0
( H_131 S_000 | P_100 S_000 )^0 = x * ( H_131 S_000 | S_000 S_000 )^0 + ( G_031 S_000 | S_000 S_000 )^0 - ( I_231 S_000 | S_000 S_000 )^0
( H_131 S_000 | P_010 S_000 )^0 = y * ( H_131 S_000 | S_000 S_000 )^0 + ( G_121 S_000 | S_000 S_000 )^0 - ( I_141 S_000 | S_000 S_000 )^0
( H_131 S_000 | P_001 S_000 )^0 = z * ( H_131 S_000 | S_000 S_000 )^0 + ( G_130 S_000 | S_000 S_000 )^0 - ( I_132 S_000 | S_000 S_000 )^0
( H_122 S_000 | P_100 S_000 )^0 = x * ( H_122 S_000 | S_000 S_000 )^0 + ( G_022 S_000 | S_000 S_000 )^0 - ( I_222 S_000 | S_000 S_000 )^0
( H_122 S_000 | P_010 S_000 )^0 = y * ( H_122 S_000 | S_000 S_000 )^0 + ( G_112 S_000 | S_000 S_000 )^0 - ( I_132 S_000 | S_000 S_000 )^0
( H_122 S_000 | P_001 S_000 )^0 = z * ( H_122 S_000 | S_000 S_000 )^0 + ( G_121 S_000 | S_000 S_000 )^0 - ( I_123 S_000 | S_000 S_000 )^0
( H_113 S_000 | P_100 S_000 )^0 = x * ( H_113 S_000 | S_000 S_000 )^0 + ( G_013 S_000 | S_000 S_000 )^0 - ( I_213 S_000 | S_000 S_000 )^0
( H_113 S_000 | P_010 S_000 )^0 = y * ( H_113 S_000 | S_000 S_000 )^0 + ( G_103 S_000 | S_000 S_000 )^0 - ( I_123 S_000 | S_000 S_000 )^0
( H_113 S_000 | P_001 S_000 )^0 = z * ( H_113 S_000 | S_000 S_000 )^0 + ( G_112 S_000 | S_000 S_000 )^0 - ( I_114 S_000 | S_000 S_000 )^0
( H_104 S_000 | P_100 S_000 )^0 = x * ( H_104 S_000 | S_000 S_000 )^0 + ( G_004 S_000 | S_000 S_000 )^0 - ( I_204 S_000 | S_000 S_000 )^0
( H_104 S_000 | P_010 S_000 )^0 = y * ( H_104 S_000 | S_000 S_000 )^0 - ( I_114 S_000 | S_000 S_000 )^0
( H_104 S_000 | P_001 S_000 )^0 = z * ( H_104 S_000 | S_000 S_000 )^0 + ( G_103 S_000 | S_000 S_000 )^0 - ( I_105 S_000 | S_000 S_000 )^0
( H_050 S_000 | P_100 S_000 )^0 = x * ( H_050 S_000 | S_000 S_000 )^0 - ( I_150 S_000 | S_000 S_000 )^0
( H_050 S_000 | P_010 S_000 )^0 = y * ( H_050 S_000 | S_000 S_000 )^0 + ( G_040 S_000 | S_000 S_000 )^0 - ( I_060 S_000 | S_000 S_000 )^0
( H_041 S_000 | P_100 S_000 )^0 = x * ( H_041 S_000 | S_000 S_000 )^0 - ( I_141 S_000 | S_000 S_000 )^0
( H_041 S_000 | P_010 S_000 )^0 = y * ( H_041 S_000 | S_000 S_000 )^0 + ( G_031 S_000 | S_000 S_000 )^0 - ( I_051 S_000 | S_000 S_000 )^0
( H_041 S_000 | P_001 S_000 )^0 = z * ( H_041 S_000 | S_000 S_000 )^0 + ( G_040 S_000 | S_000 S_000 )^0 - ( I_042 S_000 | S_000 S_000 )^0
( H_032 S_000 | P_100 S_000 )^0 = x * ( H_032 S_000 | S_000 S_000 )^0 - ( I_132 S_000 | S_000 S_000 )^0
( H_032 S_000 | P_010 S_000 )^0 = y * ( H_032 S_000 | S_000 S_000 )^0 + ( G_022 S_000 | S_000 S_000 )^0 - ( I_042 S_000 | S_000 S_000 )^0
( H_032 S_000 | P_001 S_000 )^0 = z * ( H_032 S_000 | S_000 S_000 )^0 + ( G_031 S_000 | S_000 S_000 )^0 - ( I_033 S_000 | S_000 S_000 )^0
( H_023 S_000 | P_100 S_000 )^0 = x * ( H_023 S_000 | S_000 S_000 )^0 - ( I_123 S_000 | S_000 S_000 )^0
( H_023 S_000 | P_010 S_000 )^0 = y * ( H_023 S_000 | S_000 S_000 )^0 + ( G_013 S_000 | S_000 S_000 )^0 - ( I_033 S_000 | S_000 S_000 )^0
( H_023 S_000 | P_001 S_000 )^0 = z * ( H_023 S_000 | S_000 S_000 )^0 + ( G_022 S_000 | S_000 S_000 )^0 - ( I_024 S_000 | S_000 S_000 )^0
( H_014 S_000 | P_100 S_000 )^0 = x * ( H_014 S_000 | S_000 S_000 )^0 - ( I_114 S_000 | S_000 S_000 )^0
( H_014 S_000 | P_010 S_000 )^0 = y * ( H_014 S_000 | S_000 S_000 )^0 + ( G_004 S_000 | S_000 S_000 )^0 - ( I_024 S_000 | S_000 S_000 )^0
( H_014 S_000 | P_001 S_000 )^0 = z * ( H_014 S_000 | S_000 S_000 )^0 + ( G_013 S_000 | S_000 S_000 )^0 - ( I_015 S_000 | S_000 S_000 )^0
( H_005 S_000 | P_100 S_000 )^0 = x * ( H_005 S_000 | S_000 S_000 )^0 - ( I_105 S_000 | S_000 S_000 )^0
( H_005 S_000 | P_010 S_000 )^0 = y * ( H_005 S_000 | S_000 S_000 )^0 - ( I_015 S_000 | S_000 S_000 )^0
( H_005 S_000 | P_001 S_000 )^0 = z * ( H_005 S_000 | S_000 S_000 )^0 + ( G_004 S_000 | S_000 S_000 )^0 - ( I_006 S_000 | S_000 S_000 )^0
( G_400 S_000 | D_200 S_000 )^0_{t} = x * ( G_400 S_000 | P_100 S_000 )^0 + ( F_300 S_000 | P_100 S_000 )^0 + ( G_400 S_000 | S_000 S_000 )^0 - ( H_500 S_000 | P_100 S_000 )^0
( G_400 S_000 | D_110 S_000 )^0_{t} = y * ( G_400 S_000 | P_100 S_000 )^0 - ( H_410 S_000 | P_100 S_000 )^0
( G_400 S_000 | D_101 S_000 )^0_{t} = z * ( G_400 S_000 | P_100 S_000 )^0 - ( H_401 S_000 | P_100 S_000 )^0
( G_400 S_000 | D_020 S_000 )^0_{t} = y * ( G_400 S_000 | P_010 S_000 )^0 + ( G_400 S_000 | S_000 S_000 )^0 - ( H_410 S_000 | P_010 S_000 )^0
( G_400 S_000 | D_011 S_000 )^0_{t} = z * ( G_400 S_000 | P_010 S_000 )^0 - ( H_401 S_000 | P_010 S_000 )^0
( G_400 S_000 | D_002 S_000 )^0_{t} = z * ( G_400 S_000 | P_001 S_000 )^0 + ( G_400 S_000 | S_000 S_000 )^0 - ( H_401 S_000 | P_001 S_000 )^0
( G_310 S_000 | D_200 S_000 )^0_{t} = x * ( G_310 S_000 | P_100 S_000 )^0 + ( F_210 S_000 | P_100 S_000 )^0 + ( G_310 S_000 | S_000 S_000 )^0 - ( H_410 S_000 | P_100 S_000 )^0
( G_310 S_000 | D_110 S_000 )^0_{t} = y * ( G_310 S_000 | P_100 S_000 )^0 + ( F_300 S_000 | P_100 S_000 )^0 - ( H_320 S_000 | P_100 S_000 )^0
( G_310 S_000 | D_101 S_000 )^0_{t} = z * ( G_310 S_000 | P_100 S_000 )^0 - ( H_311 S_000 | P_100 S_000 )^0
( G_310 S_000 | D_020 S_000 )^0_{t} = y * ( G_310 S_000 | P_010 S_000 )^0 + ( F_300 S_000 | P_010 S_000 )^0 + ( G_310 S_000 | S_000 S_000 )^0 - ( H_320 S_000 | P_010 S_000 )^0
( G_310 S_000 | D_011 S_000 )^0_{t} = z * ( G_310 S_000 | P_010 S_000 )^0 - ( H_311 S_000 | P_010 S_000 )^0
( G_310 S_000 | D_002 S_000 )^0_{t} = z * ( G_310 S_000 | P_001 S_000 )^0 + ( G_310 S_000 | S_000 S_000 )^0 - ( H_311 S_000 | P_001 S_000 )^0
( G_301 S_000 | D_200 S_000 )^0_{t} = x * ( G_301 S_000 | P_100 S_000 )^0 + ( F_201 S_000 | P_100 S_000 )^0 + ( G_301 S_000 | S_000 S_000 )^0 - ( H_401 S_000 | P_100 S_000 )^0
( G_301 S_000 | D_110 S_000 )^0_{t} = y * ( G_301 S_000 | P_100 S_000 )^0 - ( H_311 S_000 | P_100 S_000 )^0
( G_301 S_000 | D_101 S_000 )^0_{t} = z * ( G_301 S_000 | P_100 S_000 )^0 + ( F_300 S_000 | P_100 S_000 )^0 - ( H_302 S_000 | P_100 S_000 )^0
( G_301 S_000 | D_020 S_000 )^0_{t} = y * ( G_301 S_000 | P_010 S_000 )^0 + ( G_301 S_000 | S_000 S_000 )^0 - ( H_311 S_000 | P_010 S_000 )^0
( G_301 S_000 | D_011 S_000 )^0_{t} = z * ( G_301 S_000 | P_010 S_000 )^0 + ( F_300 S_000 | P_010 S_000 )^0 - ( H_302 S_000 | P_010 S_000 )^0
( G_301 S_000 | D_002 S_000 )^0_{t} = z * ( G_301 S_000 | P_001 S_000 )^0 + ( F_300 S_000 | P_001 S_000 )^0 + ( G_301 S_000 | S_000 S_000 )^0 - ( H_302 S_000 | P_001 S_000 )^0
( G_220 S_000 | D_200 S_000 )^0_{t} = x * ( G_220 S_000 | P_100 S_000 )^0 + ( F_120 S_000 | P_100 S_000 )^0 + ( G_220 S_000 | S_000 S_000 )^0 - ( H_320 S_000 | P_100 S_000 )^0
( G_220 S_000 | D_110 S_000 )^0_{t} = y * ( G_220 S_000 | P_100 S_000 )^0 + ( F_210 S_000 | P_100 S_000 )^0 - ( H_230 S_000 | P_100 S_000 )^0
( G_220 S_000 | D_101 S_000 )^0_{t} = z * ( G_220 S_000 | P_100 S_000 )^0 - ( H_221 S_000 | P_100 S_000 )^0
( G_220 S_000 | D_020 S_000 )^0_{t} = y * ( G_220 S_000 | P_010 S_000 )^0 + ( F_210 S_000 | P_010 S_000 )^0 + ( G_220 S_000 | S_000 S_000 )^0 - ( H_230 S_000 | P_010 S_000 )^0
( G_220 S_000 | D_011 S_000 )^0_{t} = z * ( G_220 S_000 | P_010 S_000 )^0 - ( H_221 S_000 | P_010 S_000 )^0
( G_220 S_000 | D_002 S_000 )^0_{t} = z * ( G_220 S_000 | P_001 S_000 )^0 + ( G_220 S_000 | S_000 S_000 )^0 - ( H_221 S_000 | P_001 S_000 )^0
( G_211 S_000 | D_200 S_000 )^0_{t} = x * ( G_211 S_000 | P_100 S_000 )^0 + ( F_111 S_000 | P_100 S_000 )^0 + ( G_211 S_000 | S_000 S_000 )^0 - ( H_311 S_000 | P_100 S_000 )^0
( G_211 S_000 | D_110 S_000 )^0_{t} = y * ( G_211 S_000 | P_100 S_000 )^0 + ( F_201 S_000 | P_100 S_000 )^0 - ( H_221 S_000 | P_100 S_000 )^0
( G_211 S_000 | D_101 S_000 )^0_{t} = z * ( G_211 S_000 | P_100 S_000 )^0 + ( F_210 S_000 | P_100 S_000 )^0 - ( H_212 S_000 | P_100 S_000 )^0
( G_211 S_000 | D_020 S_000 )^0_{t} = y * ( G_211 S_000 | P_010 S_000 )^0 + ( F_201 S_000 | P_010 S_000 )^0 + ( G_211 S_000 | S_000 S_000 )^0 - ( H_221 S_000 | P_010 S_000 )^0
( G_211 S_000 | D_011 S_000 )^0_{t} = z * ( G_211 S_000 | P_010 S_000 )^0 + ( F_210 S_000 | P_010 S_000 )^0 - ( H_212 S_000 | P_010 S_000 )^0
( G_211 S_000 | D_002 S_000 )^0_{t} = z * ( G_211 S_000 | P_001 S_000 )^0 + ( F_210 S_000 | P_001 S_000 )^0 + ( G_211 S_000 | S_000 S_000 )^0 - ( H_212 S_000 | P_001 S_000 )^0
( G_202 S_000 | D_200 S_000 )^0_{t} = x * ( G_202 S_000 | P_100 S_000 )^0 + ( F_102 S_000 | P_100 S_000 )^0 + ( G_202 S_000 | S_000 S_000 )^0 - ( H_302 S_000 | P_100 S_000 )^0
( G_202 S_000 | D_110 S_000 )^0_{t} = y * ( G_202 S_000 | P_100 S_000 )^0 - ( H_212 S_000 | P_100 S_000 )^0
( G_202 S_000 | D_101 S_000 )^0_{t} = z * ( G_202 S_000 | P_100 S_000 )^0 + ( F_201 S_000 | P_100 S_000 )^0 - ( H_203 S_000 | P_100 S_000 )^0
( G_202 S_000 | D_020 S_000 )^0_{t} = y * ( G_202 S_000 | P_010 S_000 )^0 + ( G_202 S_000 | S_000 S_000 )^0 - ( H_212 S_000 | P_010 S_000 )^0
( G_202 S_000 | D_011 S_000 )^0_{t} = z * ( G_202 S_000 | P_010 S_000 )^0 + ( F_201 S_000 | P_010 S_000 )^0 - ( H_203 S_000 | P_010 S_000 )^0
( G_202 S_000 | D_002 S_000 )^0_{t} = z * ( G_202 S_000 | P_001 S_000 )^0 + ( F_201 S_000 | P_001 S_000 )^0 + ( G_202 S_000 | S_000 S_000 )^0 - ( H_203 S_000 | P_001 S_000 )^0
( G_130 S_000 | D_200 S_000 )^0_{t} = x * ( G_130 S_000 | P_100 S_000 )^0 + ( F_030 S_000 | P_100 S_000 )^0 + ( G_130 S_000 | S_000 S_000 )^0 - ( H_230 S_000 | P_100 S_000 )^0
( G_130 S_000 | D_110 S_000 )^0_{t} = y * ( G_130 S_000 | P_100 S_000 )^0 + ( F_120 S_000 | P_100 S_000 )^0 - ( H_140 S_000 | P_100 S_000 )^0
( G_130 S_000 | D_101 S_000 )^0_{t} = z * ( G_130 S_000 | P_100 S_000 )^0 - ( H_131 S_000 | P_100 S_000 )^0
( G_130 S_000 | D_020 S_000 )^0_{t} = y * ( G_130 S_000 | P_010 S_000 )^0 + ( F_120 S_000 | P_010 S_000 )^0 + ( G_130 S_000 | S_000 S_000 )^0 - ( H_140 S_000 | P_010 S_000 )^0
( G_130 S_000 | D_011 S_000 )^0_{t} = z * ( G_130 S_000 | P_010 S_000 )^0 - ( H_131 S_000 | P_010 S_000 )^0
( G_130 S_000 | D_002 S_000 )^0_{t} = z * ( G_130 S_000 | P_001 S_000 )^0 + ( G_130 S_000 | S_000 S_000 )^0 - ( H_131 S_000 | P_001 S_000 )^0
( G_121 S_000 | D_200 S_000 )^0_{t} = x * ( G_121 S_000 | P_100 S_000 )^0 + ( F_021 S_000 | P_100 S_000 )^0 + ( G_121 S_000 | S_000 S_000 )^0 - ( H_221 S_000 | P_100 S_000 )^0
( G_121 S_000 | D_110 S_000 )^0_{t} = y * ( G_121 S_000 | P_100 S_000 )^0 + ( F_111 S_000 | P_100 S_000 )^0 - ( H_131 S_000 | P_100 S_000 )^0
( G_121 S_000 | D_101 S_000 )^0_{t} = z * ( G_121 S_000 | P_100 S_000 )^0 + ( F_120 S_000 | P_100 S_000 )^0 - ( H_122 S_000 | P_100 S_000 )^0
( G_121 S_000 | D_020 S_000 )^0_{t} = y * ( G_121 S_000 | P_010 S_000 )^0 + ( F_111 S_000 | P_010 S_000 )^0 + ( G_121 S_000 | S_000 S_000 )^0 - ( H_131 S_000 | P_010 S_000 )^0
( G_121 S_000 | D_011 S_000 )^0_{t} = z * ( G_121 S_000 | P_010 S_000 )^0 + ( F_120 S_000 | P_010 S_000 )^0 - ( H_122 S_000 | P_010 S_000 )^0
( G_121 S_000 | D_002 S_000 )^0_{t} = z * ( G_121 S_000 | P_001 S_000 )^0 + ( F_120 S_000 | P_001 S_000 )^0 + ( G_121 S_000 | S_000 S_000 )^0 - ( H_122 S_000 | P_001 S_000 )^0
( G_112 S_000 | D_200 S_000 )^0_{t} = x * ( G_112 S_000 | P_100 S_000 )^0 + ( F_012 S_000 | P_100 S_000 )^0 + ( G_112 S_000 | S_000 S_000 )^0 - ( H_212 S_000 | P_100 S_000 )^0
( G_112 S_000 | D_110 S_000 )^0_{t} = y * ( G_112 S_000 | P_100 S_000 )^0 + ( F_102 S_000 | P_100 S_000 )^0 - ( H_122 S_000 | P_100 S_000 )^0
( G_112 S_000 | D_101 S_000 )^0_{t} = z * ( G_112 S_000 | P_100 S_000 )^0 + ( F_111 S_000 | P_100 S_000 )^0 - ( H_113 S_000 | P_100 S_000 )^0
( G_112 S_000 | D_020 S_000 )^0_{t} = y * ( G_112 S_000 | P_010 S_000 )^0 + ( F_102 S_000 | P_010 S_000 )^0 + ( G_112 S_000 | S_000 S_000 )^0 - ( H_122 S_000 | P_010 S_000 )^0
( G_112 S_000 | D_011 S_000 )^0_{t} = z * ( G_112 S_000 | P_010 S_000 )^0 + ( F_111 S_000 | P_010 S_000 )^0 - ( H_113 S_000 | P_010 S_000 )^0
( G_112 S_000 | D_002 S_000 )^0_{t} = z * ( G_112 S_000 | P_001 S_000 )^0 + ( F_111 S_000 | P_001 S_000 )^0 + ( G_112 S_000 | S_000 S_000 )^0 - ( H_113 S_000 | P_001 S_000 )^0
( G_103 S_000 | D_200 S_000 )^0_{t} = x * ( G_103 S_000 | P_100 S_000 )^0 + ( F_003 S_000 | P_100 S_000 )^0 + ( G_103 S_000 | S_000 S_000 )^0 - ( H_203 S_000 | P_100 S_000 )^0
( G_103 S_000 | D_110 S_000 )^0_{t} = y * ( G_103 S_000 | P_100 S_000 )^0 - ( H_113 S_000 | P_100 S_000 )^0
( G_103 S_000 | D_101 S_000 )^0_{t} = z * ( G_103 S_000 | P_100 S_000 )^0 + ( F_102 S_000 | P_100 S_000 )^0 - ( H_104 S_000 | P_100 S_000 )^0
( G_103 S_000 | D_020 S_000 )^0_{t} = y * ( G_103 S_000 | P_010 S_000 )^0 + ( G_103 S_000 | S_000 S_000 )^0 - ( H_113 S_000 | P_010 S_000 )^0
( G_103 S_000 | D_011 S_000 )^0_{t} = z * ( G_103 S_000 | P_010 S_000 )^0 + ( F_102 S_000 | P_010 S_000 )^0 - ( H_104 S_000 | P_010 S_000 )^0
( G_103 S_000 | D_002 S_000 )^0_{t} = z * ( G_103 S_000 | P_001 S_000 )^0 + ( F_102 S_000 | P_001 S_000 )^0 + ( G_103 S_000 | S_000 S_000 )^0 - ( H_104 S_000 | P_001 S_000 )^0
( G_040 S_000 | D_200 S_000 )^0_{t} = x * ( G_040 S_000 | P_100 S_000 )^0 + ( G_040 S_000 | S_000 S_000 )^0 - ( H_140 S_000 | P_100 S_000 )^0
( G_040 S_000 | D_110 S_000 )^0_{t} = y * ( G_040 S_000 | P_100 S_000 )^0 + ( F_030 S_000 | P_100 S_000 )^0 - ( H_050 S_000 | P_100 S_000 )^0
( G_040 S_000 | D_101 S_000 )^0_{t} = z * ( G_040 S_000 | P_100 S_000 )^0 - ( H_041 S_000 | P_100 S_000 )^0
( G_040 S_000 | D_020 S_000 )^0_{t} = y * ( G_040 S_000 | P_010 S_000 )^0 + ( F_030 S_000 | P_010 S_000 )^0 + ( G_040 S_000 | S_000 S_000 )^0 - ( H_050 S_000 | P_010 S_000 )^0
( G_040 S_000 | D_011 S_000 )^0_{t} = z * ( G_040 S_000 | P_010 S_000 )^0 - ( H_041 S_000 | P_010 S_000 )^0
( G_040 S_000 | D_002 S_000 )^0_{t} = z * ( G_040 S_000 | P_001 S_000 )^0 + ( G_040 S_000 | S_000 S_000 )^0 - ( H_041 S_000 | P_001 S_000 )^0
( G_031 S_000 | D_200 S_000 )^0_{t} = x * ( G_031 S_000 | P_100 S_000 )^0 + ( G_031 S_000 | S_000 S_000 )^0 - ( H_131 S_000 | P_100 S_000 )^0
( G_031 S_000 | D_110 S_000 )^0_{t} = y * ( G_031 S_000 | P_100 S_000 )^0 + ( F_021 S_000 | P_100 S_000 )^0 - ( H_041 S_000 | P_100 S_000 )^0
( G_031 S_000 | D_101 S_000 )^0_{t} = z * ( G_031 S_000 | P_100 S_000 )^0 + ( F_030 S_000 | P_100 S_000 )^0 - ( H_032 S_000 | P_100 S_000 )^0
( G_031 S_000 | D_020 S_000 )^0_{t} = y * ( G_031 S_000 | P_010 S_000 )^0 + ( F_021 S_000 | P_010 S_000 )^0 + ( G_031 S_000 | S_000 S_000 )^0 - ( H_041 S_000 | P_010 S_000 )^0
( G_031 S_000 | D_011 S_000 )^0_{t} = z * ( G_031 S_000 | P_010 S_000 )^0 + ( F_030 S_000 | P_010 S_000 )^0 - ( H_032 S_000 | P_010 S_000 )^0
( G_031 S_000 | D_002 S_000 )^0_{t} = z * ( G_031 S_000 | P_001 S_000 )^0 + ( F_030 S_000 | P_001 S_000 )^0 + ( G_031 S_000 | S_000 S_000 )^0 - ( H_032 S_000 | P_001 S_000 )^0
( G_022 S_000 | D_200 S_000 )^0_{t} = x * ( G_022 S_000 | P_100 S_000 )^0 + ( G_022 S_000 | S_000 S_000 )^0 - ( H_122 S_000 | P_100 S_000 )^0
( G_022 S_000 | D_110 S_000 )^0_{t} = y * ( G_022 S_000 | P_100 S_000 )^0 + ( F_012 S_000 | P_100 S_000 )^0 - ( H_032 S_000 | P_100 S_000 )^0
( G_022 S_000 | D_101 S_000 )^0_{t} = z * ( G_022 S_000 | P_100 S_000 )^0 + ( F_021 S_000 | P_100 S_000 )^0 - ( H_023 S_000 | P_100 S_000 )^0
( G_022 S_000 | D_020 S_000 )^0_{t} = y * ( G_022 S_000 | P_010 S_000 )^0 + ( F_012 S_000 | P_010 S_000 )^0 + ( G_022 S_000 | S_000 S_000 )^0 - ( H_032 S_000 | P_010 S_000 )^0
( G_022 S_000 | D_011 S_000 )^0_{t} = z * ( G_022 S_000 | P_010 S_000 )^0 + ( F_021 S_000 | P_010 S_000 )^0 - ( H_023 S_000 | P_010 S_000 )^0
( G_022 S_000 | D_002 S_000 )^0_{t} = z * ( G_022 S_000 | P_001 S_000 )^0 + ( F_021 S_000 | P_001 S_000 )^0 + ( G_022 S_000 | S_000 S_000 )^0 - ( H_023 S_000 | P_001 S_000 )^0
( G_013 S_000 | D_200 S_000 )^0_{t} = x * ( G_013 S_000 | P_100 S_000 )^0 + ( G_013 S_000 | S_000 S_000 )^0 - ( H_113 S_000 | P_100 S_000 )^0
( G_013 S_000 | D_110 S_000 )^0_{t} = y * ( G_013 S_000 | P_100 S_000 )^0 + ( F_003 S_000 | P_100 S_000 )^0 - ( H_023 S_000 | P_100 S_000 )^0
( G_013 S_000 | D_101 S_000 )^0_{t} = z * ( G_013 S_000 | P_100 S_000 )^0 + ( F_012 S_000 | P_100 S_000 )^0 - ( H_014 S_000 | P_100 S_000 )^0
( G_013 S_000 | D_020 S_000 )^0_{t} = y * ( G_013 S_000 | P_010 S_000 )^0 + ( F_003 S_000 | P_010 S_000 )^0 + ( G_013 S_000 | S_000 S_000 )^0 - ( H_023 S_000 | P_010 S_000 )^0
( G_013 S_000 | D_011 S_000 )^0_{t} = z * ( G_013 S_000 | P_010 S_000 )^0 + ( F_012 S_000 | P_010 S_000 )^0 - ( H_014 S_000 | P_010 S_000 )^0
( G_013 S_000 | D_002 S_000 )^0_{t} = z * ( G_013 S_000 | P_001 S_000 )^0 + ( F_012 S_000 | P_001 S_000 )^0 + ( G_013 S_000 | S_000 S_000 )^0 - ( H_014 S_000 | P_001 S_000 )^0
( G_004 S_000 | D_200 S_000 )^0_{t} = x * ( G_004 S_000 | P_100 S_000 )^0 + ( G_004 S_000 | S_000 S_000 )^0 - ( H_104 S_000 | P_100 S_000 )^0
( G_004 S_000 | D_110 S_000 )^0_{t} = y * ( G_004 S_000 | P_100 S_000 )^0 - ( H_014 S_000 | P_100 S_000 )^0
( G_004 S_000 | D_101 S_000 )^0_{t} = z * ( G_004 S_000 | P_100 S_000 )^0 + ( F_003 S_000 | P_100 S_000 )^0 - ( H_005 S_000 | P_100 S_000 )^0
( G_004 S_000 | D_020 S_000 )^0_{t} = y * ( G_004 S_000 | P_010 S_000 )^0 + ( G_004 S_000 | S_000 S_000 )^0 - ( H_014 S_000 | P_010 S_000 )^0
( G_004 S_000 | D_011 S_000 )^0_{t} = z * ( G_004 S_000 | P_010 S_000 )^0 + ( F_003 S_000 | P_010 S_000 )^0 - ( H_005 S_000 | P_010 S_000 )^0
( G_004 S_000 | D_002 S_000 )^0_{t} = z * ( G_004 S_000 | P_001 S_000 )^0 + ( F_003 S_000 | P_001 S_000 )^0 + ( G_004 S_000 | S_000 S_000 )^0 - ( H_005 S_000 | P_001 S_000 )^0


HRR Top Bras: 3
 AM: 2 : Require: 6 / 6
 AM: 3 : Require: 10 / 10
 AM: 4 : Require: 15 / 15
HRR Top Kets: 2
 AM: 1 : Require:  3 / 3
 AM: 2 : Require:  6 / 6

ET Requirements: 7
AM = 0 : Require: 1 / 1
    S_000
AM = 1 : Require: 3 / 3
    P_100
    P_010
    P_001
AM = 2 : Require: 6 / 6
    D_200
    D_110
    D_101
    D_020
    D_011
    D_002
AM = 3 : Require: 10 / 10
    F_300
    F_210
    F_201
    F_120
    F_111
    F_102
    F_030
    F_021
    F_012
    F_003
AM = 4 : Require: 15 / 15
    G_400
    G_310
    G_301
    G_220
    G_211
    G_202
    G_130
    G_121
    G_112
    G_103
    G_040
    G_031
    G_022
    G_013
    G_004
AM = 5 : Require: 21 / 21
    H_500
    H_410
    H_401
    H_320
    H_311
    H_302
    H_230
    H_221
    H_212
    H_203
    H_140
    H_131
    H_122
    H_113
    H_104
    H_050
    H_041
    H_032
    H_023
    H_014
    H_005
AM = 6 : Require: 28 / 28
    I_600
    I_510
    I_501
    I_420
    I_411
    I_402
    I_330
    I_321
    I_312
    I_303
    I_240
    I_231
    I_222
    I_213
    I_204
    I_150
    I_141
    I_132
    I_123
    I_114
    I_105
    I_060
    I_051
    I_042
    I_033
    I_024
    I_015
    I_006

VRR Requirements: 7
AM = 0 : Require: 1 / 1
AM = 1 : Require: 3 / 3
AM = 2 : Require: 6 / 6
AM = 3 : Require: 10 / 10
AM = 4 : Require: 15 / 15
AM = 5 : Require: 21 / 21
AM = 6 : Require: 28 / 28

